<?xml version="1.0" encoding="UTF-8"?>
<testng-results skipped="0" failed="6" ignored="4" total="10" passed="0">
  <reporter-output>
    <line>
      <![CDATA[<div class="result_pshow result_fshow result_ishow" > <input checked type="checkbox" value="result_p" onclick="toggleResult(this)"/><span class="pass-label">P</span>ass<input checked type="checkbox" value="result_f" onclick="toggleResult(this)"/><span class="fail-label">F</span>ail<input checked type="checkbox" value="result_i" onclick="toggleResult(this)"/><span class="info-label">I</span>nfo<div  class="info"><span class="info-label">I </span> <a href="response/Test1//test1.json" target="_blank">[View Response]</a> </div><div  class="info"><span class="info-label">I </span>Response Code : 500</div><div  class="fail"><span class="fail-label">F </span>Expected value should be "tcpdomain" : Actual value is "[]"</div></div>]]>
    </line>
    <line>
      <![CDATA[<div class="result_pshow result_fshow result_ishow" > <input checked type="checkbox" value="result_p" onclick="toggleResult(this)"/><span class="pass-label">P</span>ass<input checked type="checkbox" value="result_f" onclick="toggleResult(this)"/><span class="fail-label">F</span>ail<input checked type="checkbox" value="result_i" onclick="toggleResult(this)"/><span class="info-label">I</span>nfo</div>]]>
    </line>
    <line>
      <![CDATA[<div class="result_pshow result_fshow result_ishow" > <input checked type="checkbox" value="result_p" onclick="toggleResult(this)"/><span class="pass-label">P</span>ass<input checked type="checkbox" value="result_f" onclick="toggleResult(this)"/><span class="fail-label">F</span>ail<input checked type="checkbox" value="result_i" onclick="toggleResult(this)"/><span class="info-label">I</span>nfo</div>]]>
    </line>
    <line>
      <![CDATA[<div class="result_pshow result_fshow result_ishow" > <input checked type="checkbox" value="result_p" onclick="toggleResult(this)"/><span class="pass-label">P</span>ass<input checked type="checkbox" value="result_f" onclick="toggleResult(this)"/><span class="fail-label">F</span>ail<input checked type="checkbox" value="result_i" onclick="toggleResult(this)"/><span class="info-label">I</span>nfo</div>]]>
    </line>
    <line>
      <![CDATA[<div class="result_pshow result_fshow result_ishow" > <input checked type="checkbox" value="result_p" onclick="toggleResult(this)"/><span class="pass-label">P</span>ass<input checked type="checkbox" value="result_f" onclick="toggleResult(this)"/><span class="fail-label">F</span>ail<input checked type="checkbox" value="result_i" onclick="toggleResult(this)"/><span class="info-label">I</span>nfo<div  class="info"><span class="info-label">I </span> <a href="response/Test1//TEST7.json" target="_blank">[View Response]</a> </div><div  class="info"><span class="info-label">I </span>Response Code : 500</div><div  class="fail"><span class="fail-label">F </span>Response Code is 500</div></div>]]>
    </line>
    <line>
      <![CDATA[<div class="result_pshow result_fshow result_ishow" > <input checked type="checkbox" value="result_p" onclick="toggleResult(this)"/><span class="pass-label">P</span>ass<input checked type="checkbox" value="result_f" onclick="toggleResult(this)"/><span class="fail-label">F</span>ail<input checked type="checkbox" value="result_i" onclick="toggleResult(this)"/><span class="info-label">I</span>nfo<div  class="info"><span class="info-label">I </span> <a href="response/Test1//HK-1797.json" target="_blank">[View Response]</a> </div><div  class="info"><span class="info-label">I </span>Response Code : 500</div><div  class="fail"><span class="fail-label">F </span>Expected value should contains "["COM.TIBCO.hawk.microagent.DockerHostMA","COM.TIBCO.hawk.microagent.LMIContainerMA","com.tibco.hawk.BWCEHawkMicroagent","COM.TIBCO.hawk.microagent.TcpClusterStatus","COM.TIBCO.hawk.microagent.TcpMessaging","com.tibco.hawk.BWCEHawkMicroagent","COM.TIBCO.hawk.microagent.Self","COM.TIBCO.hawk.microagent.RuleBaseEngine","SamplePluginMicroagent","COM.TIBCO.hawk.microagent.SysInfo"]" : Actual value is "["COM.TIBCO.hawk.microagent.DockerHostMA","COM.TIBCO.hawk.microagent.LMIContainerMA","com.tibco.hawk.BWCEHawkMicroagent","COM.TIBCO.hawk.microagent.TcpClusterStatus","COM.TIBCO.hawk.microagent.TcpMessaging","com.tibco.hawk.BWCEHawkMicroagent","COM.TIBCO.hawk.microagent.Self","COM.TIBCO.hawk.microagent.RuleBaseEngine","SamplePluginMicroagent","COM.TIBCO.hawk.microagent.SysInfo"]"</div></div>]]>
    </line>
  </reporter-output>
  <suite name="Suite" duration-ms="10709" started-at="2022-01-27T07:32:56Z" finished-at="2022-01-27T07:33:07Z">
    <groups>
    </groups>
    <test name="Test1" duration-ms="10709" started-at="2022-01-27T07:32:56Z" finished-at="2022-01-27T07:33:07Z">
      <class name="com.tibco.rest.restAssured.RestAssuredConfiguration">
        <test-method status="PASS" signature="setup(org.testng.ITestContext, java.lang.String, java.lang.String, java.lang.String, java.lang.String, java.lang.String, java.lang.String, java.lang.String, java.lang.String)[pri:0, instance:com.tibco.rest.restAssured.RestAssuredConfiguration@3d921e20]" test-instance-name="" name="setup" is-config="true" duration-ms="2479" started-at="2022-01-27T13:03:01Z" finished-at="2022-01-27T13:03:04Z">
          <params>
            <param index="0">
              <value>
                <![CDATA[org.testng.TestRunner@66bfd864]]>
              </value>
            </param>
            <param index="1">
              <value is-null="true"/>
            </param>
            <param index="2">
              <value is-null="true"/>
            </param>
            <param index="3">
              <value is-null="true"/>
            </param>
            <param index="4">
              <value is-null="true"/>
            </param>
            <param index="5">
              <value is-null="true"/>
            </param>
            <param index="6">
              <value is-null="true"/>
            </param>
            <param index="7">
              <value is-null="true"/>
            </param>
            <param index="8">
              <value is-null="true"/>
            </param>
          </params>
          <reporter-output>
          </reporter-output>
        </test-method> <!-- setup -->
        <test-method status="PASS" signature="afterSuite()[pri:0, instance:com.tibco.rest.restAssured.RestAssuredConfiguration@3d921e20]" test-instance-name="" name="afterSuite" is-config="true" duration-ms="1" started-at="2022-01-27T13:03:07Z" finished-at="2022-01-27T13:03:07Z">
          <reporter-output>
          </reporter-output>
        </test-method> <!-- afterSuite -->
      </class> <!-- com.tibco.rest.restAssured.RestAssuredConfiguration -->
      <class name="com.tibco.rest.test.DataDrivenTestCases">
        <test-method status="PASS" signature="setupMethod([Ljava.lang.Object;)[pri:0, instance:com.tibco.rest.test.DataDrivenTestCases@36b4cef0]" test-instance-name="HK-1797" name="setupMethod" is-config="true" duration-ms="13" started-at="2022-01-27T13:03:05Z" finished-at="2022-01-27T13:03:05Z">
          <params>
            <param index="0">
              <value>
                <![CDATA[[Ljava.lang.Object;@4aac85fa]]>
              </value>
            </param>
          </params>
          <reporter-output>
          </reporter-output>
        </test-method> <!-- setupMethod -->
        <test-method status="FAIL" signature="testcase(java.lang.String, java.lang.String, java.lang.String, java.lang.String, java.lang.String, java.lang.String, java.lang.String, java.lang.String, java.lang.String, java.lang.String, java.lang.String, java.lang.String)[pri:0, instance:com.tibco.rest.test.DataDrivenTestCases@36b4cef0]" test-instance-name="HK-1797" name="testcase" duration-ms="1525" started-at="2022-01-27T13:03:05Z" data-provider="GetTCData" finished-at="2022-01-27T13:03:06Z">
          <params>
            <param index="0">
              <value>
                <![CDATA[test1]]>
              </value>
            </param>
            <param index="1">
              <value>
                <![CDATA[GET]]>
              </value>
            </param>
            <param index="2">
              <value>
                <![CDATA[/Domain]]>
              </value>
            </param>
            <param index="3">
              <value is-null="true"/>
            </param>
            <param index="4">
              <value is-null="true"/>
            </param>
            <param index="5">
              <value is-null="true"/>
            </param>
            <param index="6">
              <value>
                <![CDATA[$.[?(@.name=='tcpdomain')].name]]>
              </value>
            </param>
            <param index="7">
              <value>
                <![CDATA[=]]>
              </value>
            </param>
            <param index="8">
              <value>
                <![CDATA[["tcpdomain"]]]>
              </value>
            </param>
            <param index="9">
              <value>
                <![CDATA[domainName]]>
              </value>
            </param>
            <param index="10">
              <value>
                <![CDATA[null]]>
              </value>
            </param>
            <param index="11">
              <value>
                <![CDATA[null]]>
              </value>
            </param>
          </params>
          <exception class="java.lang.AssertionError">
            <message>
              <![CDATA[Expected value should be "tcpdomain" : Actual value is "[]"]]>
            </message>
            <full-stacktrace>
              <![CDATA[java.lang.AssertionError: Expected value should be "tcpdomain" : Actual value is "[]"
	at com.tibco.rest.restAssured.Assertions.assertTrue(Assertions.java:166)
	at com.tibco.rest.restAssured.Assertions.assertEquals(Assertions.java:183)
	at com.tibco.rest.test.DataDrivenTestCases.verifyResponse(DataDrivenTestCases.java:508)
	at com.tibco.rest.test.DataDrivenTestCases.testcase(DataDrivenTestCases.java:344)
	at sun.reflect.NativeMethodAccessorImpl.invoke0(Native Method)
	at sun.reflect.NativeMethodAccessorImpl.invoke(Unknown Source)
	at sun.reflect.DelegatingMethodAccessorImpl.invoke(Unknown Source)
	at java.lang.reflect.Method.invoke(Unknown Source)
	at org.testng.internal.MethodInvocationHelper.invokeMethod(MethodInvocationHelper.java:108)
	at org.testng.internal.Invoker.invokeMethod(Invoker.java:661)
	at org.testng.internal.Invoker.invokeTestMethod(Invoker.java:869)
	at org.testng.internal.Invoker.invokeTestMethods(Invoker.java:1193)
	at org.testng.internal.TestMethodWorker.invokeTestMethods(TestMethodWorker.java:126)
	at org.testng.internal.TestMethodWorker.run(TestMethodWorker.java:109)
	at org.testng.TestRunner.privateRun(TestRunner.java:744)
	at org.testng.TestRunner.run(TestRunner.java:602)
	at org.testng.SuiteRunner.runTest(SuiteRunner.java:380)
	at org.testng.SuiteRunner.runSequentially(SuiteRunner.java:375)
	at org.testng.SuiteRunner.privateRun(SuiteRunner.java:340)
	at org.testng.SuiteRunner.run(SuiteRunner.java:289)
	at org.testng.SuiteRunnerWorker.runSuite(SuiteRunnerWorker.java:52)
	at org.testng.SuiteRunnerWorker.run(SuiteRunnerWorker.java:86)
	at org.testng.TestNG.runSuitesSequentially(TestNG.java:1301)
	at org.testng.TestNG.runSuitesLocally(TestNG.java:1226)
	at org.testng.TestNG.runSuites(TestNG.java:1144)
	at org.testng.TestNG.run(TestNG.java:1115)
	at org.testng.TestNG.privateMain(TestNG.java:1442)
	at org.testng.TestNG.main(TestNG.java:1411)
]]>
            </full-stacktrace>
          </exception> <!-- java.lang.AssertionError -->
          <reporter-output>
            <line>
              <![CDATA[<div class="result_pshow result_fshow result_ishow" > <input checked type="checkbox" value="result_p" onclick="toggleResult(this)"/><span class="pass-label">P</span>ass<input checked type="checkbox" value="result_f" onclick="toggleResult(this)"/><span class="fail-label">F</span>ail<input checked type="checkbox" value="result_i" onclick="toggleResult(this)"/><span class="info-label">I</span>nfo<div  class="info"><span class="info-label">I </span> <a href="response/Test1//test1.json" target="_blank">[View Response]</a> </div><div  class="info"><span class="info-label">I </span>Response Code : 500</div><div  class="fail"><span class="fail-label">F </span>Expected value should be "tcpdomain" : Actual value is "[]"</div></div>]]>
            </line>
          </reporter-output>
        </test-method> <!-- testcase -->
        <test-method status="PASS" signature="afterMethod(org.testng.ITestContext, org.testng.ITestResult, [Ljava.lang.Object;)[pri:0, instance:com.tibco.rest.test.DataDrivenTestCases@36b4cef0]" test-instance-name="HK-1797" name="afterMethod" is-config="true" duration-ms="1" started-at="2022-01-27T13:03:06Z" finished-at="2022-01-27T13:03:06Z">
          <params>
            <param index="0">
              <value>
                <![CDATA[org.testng.TestRunner@66bfd864]]>
              </value>
            </param>
            <param index="1">
              <value>
                <![CDATA[[TestResult name=test1 status=FAILURE method=DataDrivenTestCases.testcase(java.lang.String, java.lang.String, java.lang.String, java.lang.String, java.lang.String, java.lang.String, java.lang.String, java.lang.String, java.lang.String, java.lang.String, java.lang.String, java.lang.String)[pri:0, instance:com.tibco.rest.test.DataDrivenTestCases@36b4cef0] output=<div class="result_pshow result_fshow result_ishow" > <input checked type="checkbox" value="result_p" onclick="toggleResult(this)"/><span class="pass-label">P</span>ass<input checked type="checkbox" value="result_f" onclick="toggleResult(this)"/><span class="fail-label">F</span>ail<input checked type="checkbox" value="result_i" onclick="toggleResult(this)"/><span class="info-label">I</span>nfo<div  class="info"><span class="info-label">I </span> <a href="response/Test1//test1.json" target="_blank">[View Response]</a> </div><div  class="info"><span class="info-label">I </span>Response Code : 500</div><div  class="fail"><span class="fail-label">F </span>Expected value should be "tcpdomain" : Actual value is "[]"</div></div>]]]>
              </value>
            </param>
            <param index="2">
              <value>
                <![CDATA[[Ljava.lang.Object;@4aac85fa]]>
              </value>
            </param>
          </params>
          <reporter-output>
          </reporter-output>
        </test-method> <!-- afterMethod -->
        <test-method status="FAIL" signature="testcase(java.lang.String, java.lang.String, java.lang.String, java.lang.String, java.lang.String, java.lang.String, java.lang.String, java.lang.String, java.lang.String, java.lang.String, java.lang.String, java.lang.String)[pri:0, instance:com.tibco.rest.test.DataDrivenTestCases@36b4cef0]" test-instance-name="HK-1797" name="testcase" duration-ms="31" started-at="2022-01-27T13:03:06Z" data-provider="GetTCData" finished-at="2022-01-27T13:03:06Z">
          <params>
            <param index="0">
              <value>
                <![CDATA[test2]]>
              </value>
            </param>
            <param index="1">
              <value>
                <![CDATA[GET]]>
              </value>
            </param>
            <param index="2">
              <value>
                <![CDATA[/Domain/${test1.domainName}]]>
              </value>
            </param>
            <param index="3">
              <value is-null="true"/>
            </param>
            <param index="4">
              <value is-null="true"/>
            </param>
            <param index="5">
              <value is-null="true"/>
            </param>
            <param index="6">
              <value>
                <![CDATA[$..hawk_transport]]>
              </value>
            </param>
            <param index="7">
              <value>
                <![CDATA[=]]>
              </value>
            </param>
            <param index="8">
              <value>
                <![CDATA[["tibtcp"]]]>
              </value>
            </param>
            <param index="9">
              <value>
                <![CDATA[null]]>
              </value>
            </param>
            <param index="10">
              <value>
                <![CDATA[null]]>
              </value>
            </param>
            <param index="11">
              <value>
                <![CDATA[null]]>
              </value>
            </param>
          </params>
          <exception class="java.net.URISyntaxException">
            <message>
              <![CDATA[Illegal character in path at index 42: http://10.102.168.175:30001/cms/v1/Domain/[]]]>
            </message>
            <full-stacktrace>
              <![CDATA[java.net.URISyntaxException: Illegal character in path at index 42: http://10.102.168.175:30001/cms/v1/Domain/[]
	at java.net.URI$Parser.fail(Unknown Source)
	at java.net.URI$Parser.checkChars(Unknown Source)
	at java.net.URI$Parser.parseHierarchical(Unknown Source)
	at java.net.URI$Parser.parse(Unknown Source)
	at java.net.URI.<init>(Unknown Source)
	at io.restassured.internal.http.URIBuilder.convertToURI(URIBuilder.java:91)
	at io.restassured.internal.http.URIBuilder$convertToURI.call(Unknown Source)
	at io.restassured.internal.RequestSpecificationImpl.generateRequestUriForLogging(RequestSpecificationImpl.groovy:1193)
	at sun.reflect.NativeMethodAccessorImpl.invoke0(Native Method)
	at sun.reflect.NativeMethodAccessorImpl.invoke(Unknown Source)
	at sun.reflect.DelegatingMethodAccessorImpl.invoke(Unknown Source)
	at java.lang.reflect.Method.invoke(Unknown Source)
	at org.codehaus.groovy.reflection.CachedMethod.invoke(CachedMethod.java:93)
	at groovy.lang.MetaMethod.doMethodInvoke(MetaMethod.java:325)
	at groovy.lang.MetaClassImpl.invokeMethod(MetaClassImpl.java:1218)
	at groovy.lang.MetaClassImpl.invokeMethod(MetaClassImpl.java:1027)
	at groovy.lang.MetaClassImpl.invokeMethod(MetaClassImpl.java:815)
	at io.restassured.internal.RequestSpecificationImpl.invokeMethod(RequestSpecificationImpl.groovy)
	at org.codehaus.groovy.runtime.callsite.PogoInterceptableSite.call(PogoInterceptableSite.java:48)
	at org.codehaus.groovy.runtime.callsite.PogoInterceptableSite.callCurrent(PogoInterceptableSite.java:58)
	at org.codehaus.groovy.runtime.callsite.AbstractCallSite.callCurrent(AbstractCallSite.java:174)
	at io.restassured.internal.RequestSpecificationImpl.newFilterContext(RequestSpecificationImpl.groovy:1154)
	at sun.reflect.NativeMethodAccessorImpl.invoke0(Native Method)
	at sun.reflect.NativeMethodAccessorImpl.invoke(Unknown Source)
	at sun.reflect.DelegatingMethodAccessorImpl.invoke(Unknown Source)
	at java.lang.reflect.Method.invoke(Unknown Source)
	at org.codehaus.groovy.reflection.CachedMethod.invoke(CachedMethod.java:93)
	at groovy.lang.MetaMethod.doMethodInvoke(MetaMethod.java:325)
	at groovy.lang.MetaClassImpl.invokeMethod(MetaClassImpl.java:1218)
	at groovy.lang.MetaClassImpl.invokeMethod(MetaClassImpl.java:1027)
	at groovy.lang.MetaClassImpl.invokeMethod(MetaClassImpl.java:815)
	at io.restassured.internal.RequestSpecificationImpl.invokeMethod(RequestSpecificationImpl.groovy)
	at org.codehaus.groovy.runtime.callsite.PogoInterceptableSite.call(PogoInterceptableSite.java:48)
	at org.codehaus.groovy.runtime.callsite.PogoInterceptableSite.callCurrent(PogoInterceptableSite.java:58)
	at org.codehaus.groovy.runtime.callsite.AbstractCallSite.callCurrent(AbstractCallSite.java:182)
	at io.restassured.internal.RequestSpecificationImpl.applyPathParamsAndSendRequest(RequestSpecificationImpl.groovy:1729)
	at sun.reflect.NativeMethodAccessorImpl.invoke0(Native Method)
	at sun.reflect.NativeMethodAccessorImpl.invoke(Unknown Source)
	at sun.reflect.DelegatingMethodAccessorImpl.invoke(Unknown Source)
	at java.lang.reflect.Method.invoke(Unknown Source)
	at org.codehaus.groovy.reflection.CachedMethod.invoke(CachedMethod.java:93)
	at groovy.lang.MetaMethod.doMethodInvoke(MetaMethod.java:325)
	at groovy.lang.MetaClassImpl.invokeMethod(MetaClassImpl.java:1218)
	at groovy.lang.MetaClassImpl.invokeMethod(MetaClassImpl.java:1027)
	at groovy.lang.MetaClassImpl.invokeMethod(MetaClassImpl.java:815)
	at io.restassured.internal.RequestSpecificationImpl.invokeMethod(RequestSpecificationImpl.groovy)
	at org.codehaus.groovy.runtime.callsite.PogoInterceptableSite.call(PogoInterceptableSite.java:48)
	at org.codehaus.groovy.runtime.callsite.PogoInterceptableSite.callCurrent(PogoInterceptableSite.java:58)
	at org.codehaus.groovy.runtime.callsite.AbstractCallSite.callCurrent(AbstractCallSite.java:182)
	at io.restassured.internal.RequestSpecificationImpl.applyPathParamsAndSendRequest(RequestSpecificationImpl.groovy:1737)
	at sun.reflect.NativeMethodAccessorImpl.invoke0(Native Method)
	at sun.reflect.NativeMethodAccessorImpl.invoke(Unknown Source)
	at sun.reflect.DelegatingMethodAccessorImpl.invoke(Unknown Source)
	at java.lang.reflect.Method.invoke(Unknown Source)
	at org.codehaus.groovy.reflection.CachedMethod.invoke(CachedMethod.java:93)
	at groovy.lang.MetaMethod.doMethodInvoke(MetaMethod.java:325)
	at groovy.lang.MetaClassImpl.invokeMethod(MetaClassImpl.java:1218)
	at groovy.lang.MetaClassImpl.invokeMethod(MetaClassImpl.java:1027)
	at groovy.lang.MetaClassImpl.invokeMethod(MetaClassImpl.java:815)
	at io.restassured.internal.RequestSpecificationImpl.invokeMethod(RequestSpecificationImpl.groovy)
	at org.codehaus.groovy.runtime.callsite.PogoInterceptableSite.call(PogoInterceptableSite.java:48)
	at org.codehaus.groovy.runtime.callsite.PogoInterceptableSite.callCurrent(PogoInterceptableSite.java:58)
	at org.codehaus.groovy.runtime.callsite.AbstractCallSite.callCurrent(AbstractCallSite.java:182)
	at io.restassured.internal.RequestSpecificationImpl.get(RequestSpecificationImpl.groovy:170)
	at io.restassured.internal.RequestSpecificationImpl.get(RequestSpecificationImpl.groovy)
	at com.tibco.rest.test.DataDrivenTestCases.testcase(DataDrivenTestCases.java:210)
	at sun.reflect.NativeMethodAccessorImpl.invoke0(Native Method)
	at sun.reflect.NativeMethodAccessorImpl.invoke(Unknown Source)
	at sun.reflect.DelegatingMethodAccessorImpl.invoke(Unknown Source)
	at java.lang.reflect.Method.invoke(Unknown Source)
	at org.testng.internal.MethodInvocationHelper.invokeMethod(MethodInvocationHelper.java:108)
	at org.testng.internal.Invoker.invokeMethod(Invoker.java:661)
	at org.testng.internal.Invoker.invokeTestMethod(Invoker.java:869)
	at org.testng.internal.Invoker.invokeTestMethods(Invoker.java:1193)
	at org.testng.internal.TestMethodWorker.invokeTestMethods(TestMethodWorker.java:126)
	at org.testng.internal.TestMethodWorker.run(TestMethodWorker.java:109)
	at org.testng.TestRunner.privateRun(TestRunner.java:744)
	at org.testng.TestRunner.run(TestRunner.java:602)
	at org.testng.SuiteRunner.runTest(SuiteRunner.java:380)
	at org.testng.SuiteRunner.runSequentially(SuiteRunner.java:375)
	at org.testng.SuiteRunner.privateRun(SuiteRunner.java:340)
	at org.testng.SuiteRunner.run(SuiteRunner.java:289)
	at org.testng.SuiteRunnerWorker.runSuite(SuiteRunnerWorker.java:52)
	at org.testng.SuiteRunnerWorker.run(SuiteRunnerWorker.java:86)
	at org.testng.TestNG.runSuitesSequentially(TestNG.java:1301)
	at org.testng.TestNG.runSuitesLocally(TestNG.java:1226)
	at org.testng.TestNG.runSuites(TestNG.java:1144)
	at org.testng.TestNG.run(TestNG.java:1115)
	at org.testng.TestNG.privateMain(TestNG.java:1442)
	at org.testng.TestNG.main(TestNG.java:1411)
]]>
            </full-stacktrace>
          </exception> <!-- java.net.URISyntaxException -->
          <reporter-output>
            <line>
              <![CDATA[<div class="result_pshow result_fshow result_ishow" > <input checked type="checkbox" value="result_p" onclick="toggleResult(this)"/><span class="pass-label">P</span>ass<input checked type="checkbox" value="result_f" onclick="toggleResult(this)"/><span class="fail-label">F</span>ail<input checked type="checkbox" value="result_i" onclick="toggleResult(this)"/><span class="info-label">I</span>nfo</div>]]>
            </line>
          </reporter-output>
        </test-method> <!-- testcase -->
        <test-method status="PASS" signature="setupMethod([Ljava.lang.Object;)[pri:0, instance:com.tibco.rest.test.DataDrivenTestCases@36b4cef0]" test-instance-name="HK-1797" name="setupMethod" is-config="true" duration-ms="0" started-at="2022-01-27T13:03:06Z" finished-at="2022-01-27T13:03:06Z">
          <params>
            <param index="0">
              <value>
                <![CDATA[[Ljava.lang.Object;@21fff664]]>
              </value>
            </param>
          </params>
          <reporter-output>
          </reporter-output>
        </test-method> <!-- setupMethod -->
        <test-method status="PASS" signature="afterMethod(org.testng.ITestContext, org.testng.ITestResult, [Ljava.lang.Object;)[pri:0, instance:com.tibco.rest.test.DataDrivenTestCases@36b4cef0]" test-instance-name="HK-1797" name="afterMethod" is-config="true" duration-ms="4" started-at="2022-01-27T13:03:06Z" finished-at="2022-01-27T13:03:06Z">
          <params>
            <param index="0">
              <value>
                <![CDATA[org.testng.TestRunner@66bfd864]]>
              </value>
            </param>
            <param index="1">
              <value>
                <![CDATA[[TestResult name=test2 status=FAILURE method=DataDrivenTestCases.testcase(java.lang.String, java.lang.String, java.lang.String, java.lang.String, java.lang.String, java.lang.String, java.lang.String, java.lang.String, java.lang.String, java.lang.String, java.lang.String, java.lang.String)[pri:0, instance:com.tibco.rest.test.DataDrivenTestCases@36b4cef0] output=<div class="result_pshow result_fshow result_ishow" > <input checked type="checkbox" value="result_p" onclick="toggleResult(this)"/><span class="pass-label">P</span>ass<input checked type="checkbox" value="result_f" onclick="toggleResult(this)"/><span class="fail-label">F</span>ail<input checked type="checkbox" value="result_i" onclick="toggleResult(this)"/><span class="info-label">I</span>nfo</div>]]]>
              </value>
            </param>
            <param index="2">
              <value>
                <![CDATA[[Ljava.lang.Object;@21fff664]]>
              </value>
            </param>
          </params>
          <reporter-output>
          </reporter-output>
        </test-method> <!-- afterMethod -->
        <test-method status="PASS" signature="setupMethod([Ljava.lang.Object;)[pri:0, instance:com.tibco.rest.test.DataDrivenTestCases@36b4cef0]" test-instance-name="HK-1797" name="setupMethod" is-config="true" duration-ms="78" started-at="2022-01-27T13:03:07Z" finished-at="2022-01-27T13:03:07Z">
          <params>
            <param index="0">
              <value>
                <![CDATA[[Ljava.lang.Object;@6079cf5]]>
              </value>
            </param>
          </params>
          <reporter-output>
          </reporter-output>
        </test-method> <!-- setupMethod -->
        <test-method status="FAIL" signature="testcase(java.lang.String, java.lang.String, java.lang.String, java.lang.String, java.lang.String, java.lang.String, java.lang.String, java.lang.String, java.lang.String, java.lang.String, java.lang.String, java.lang.String)[pri:0, instance:com.tibco.rest.test.DataDrivenTestCases@36b4cef0]" test-instance-name="HK-1797" name="testcase" duration-ms="16" started-at="2022-01-27T13:03:07Z" data-provider="GetTCData" finished-at="2022-01-27T13:03:07Z">
          <params>
            <param index="0">
              <value>
                <![CDATA[test3]]>
              </value>
            </param>
            <param index="1">
              <value>
                <![CDATA[GET]]>
              </value>
            </param>
            <param index="2">
              <value>
                <![CDATA[/Domain/${test1.domainName}]]>
              </value>
            </param>
            <param index="3">
              <value is-null="true"/>
            </param>
            <param index="4">
              <value is-null="true"/>
            </param>
            <param index="5">
              <value is-null="true"/>
            </param>
            <param index="6">
              <value>
                <![CDATA[$..hawk_transport]]>
              </value>
            </param>
            <param index="7">
              <value>
                <![CDATA[=]]>
              </value>
            </param>
            <param index="8">
              <value>
                <![CDATA[["tibtcp"]]]>
              </value>
            </param>
            <param index="9">
              <value is-null="true"/>
            </param>
            <param index="10">
              <value>
                <![CDATA[null]]>
              </value>
            </param>
            <param index="11">
              <value>
                <![CDATA[null]]>
              </value>
            </param>
          </params>
          <exception class="java.net.URISyntaxException">
            <message>
              <![CDATA[Illegal character in path at index 42: http://10.102.168.175:30001/cms/v1/Domain/[]]]>
            </message>
            <full-stacktrace>
              <![CDATA[java.net.URISyntaxException: Illegal character in path at index 42: http://10.102.168.175:30001/cms/v1/Domain/[]
	at java.net.URI$Parser.fail(Unknown Source)
	at java.net.URI$Parser.checkChars(Unknown Source)
	at java.net.URI$Parser.parseHierarchical(Unknown Source)
	at java.net.URI$Parser.parse(Unknown Source)
	at java.net.URI.<init>(Unknown Source)
	at io.restassured.internal.http.URIBuilder.convertToURI(URIBuilder.java:91)
	at io.restassured.internal.http.URIBuilder$convertToURI.call(Unknown Source)
	at io.restassured.internal.RequestSpecificationImpl.generateRequestUriForLogging(RequestSpecificationImpl.groovy:1193)
	at sun.reflect.NativeMethodAccessorImpl.invoke0(Native Method)
	at sun.reflect.NativeMethodAccessorImpl.invoke(Unknown Source)
	at sun.reflect.DelegatingMethodAccessorImpl.invoke(Unknown Source)
	at java.lang.reflect.Method.invoke(Unknown Source)
	at org.codehaus.groovy.reflection.CachedMethod.invoke(CachedMethod.java:93)
	at groovy.lang.MetaMethod.doMethodInvoke(MetaMethod.java:325)
	at groovy.lang.MetaClassImpl.invokeMethod(MetaClassImpl.java:1218)
	at groovy.lang.MetaClassImpl.invokeMethod(MetaClassImpl.java:1027)
	at groovy.lang.MetaClassImpl.invokeMethod(MetaClassImpl.java:815)
	at io.restassured.internal.RequestSpecificationImpl.invokeMethod(RequestSpecificationImpl.groovy)
	at org.codehaus.groovy.runtime.callsite.PogoInterceptableSite.call(PogoInterceptableSite.java:48)
	at org.codehaus.groovy.runtime.callsite.PogoInterceptableSite.callCurrent(PogoInterceptableSite.java:58)
	at org.codehaus.groovy.runtime.callsite.AbstractCallSite.callCurrent(AbstractCallSite.java:174)
	at io.restassured.internal.RequestSpecificationImpl.newFilterContext(RequestSpecificationImpl.groovy:1154)
	at sun.reflect.NativeMethodAccessorImpl.invoke0(Native Method)
	at sun.reflect.NativeMethodAccessorImpl.invoke(Unknown Source)
	at sun.reflect.DelegatingMethodAccessorImpl.invoke(Unknown Source)
	at java.lang.reflect.Method.invoke(Unknown Source)
	at org.codehaus.groovy.reflection.CachedMethod.invoke(CachedMethod.java:93)
	at groovy.lang.MetaMethod.doMethodInvoke(MetaMethod.java:325)
	at groovy.lang.MetaClassImpl.invokeMethod(MetaClassImpl.java:1218)
	at groovy.lang.MetaClassImpl.invokeMethod(MetaClassImpl.java:1027)
	at groovy.lang.MetaClassImpl.invokeMethod(MetaClassImpl.java:815)
	at io.restassured.internal.RequestSpecificationImpl.invokeMethod(RequestSpecificationImpl.groovy)
	at org.codehaus.groovy.runtime.callsite.PogoInterceptableSite.call(PogoInterceptableSite.java:48)
	at org.codehaus.groovy.runtime.callsite.PogoInterceptableSite.callCurrent(PogoInterceptableSite.java:58)
	at org.codehaus.groovy.runtime.callsite.AbstractCallSite.callCurrent(AbstractCallSite.java:182)
	at io.restassured.internal.RequestSpecificationImpl.applyPathParamsAndSendRequest(RequestSpecificationImpl.groovy:1729)
	at sun.reflect.NativeMethodAccessorImpl.invoke0(Native Method)
	at sun.reflect.NativeMethodAccessorImpl.invoke(Unknown Source)
	at sun.reflect.DelegatingMethodAccessorImpl.invoke(Unknown Source)
	at java.lang.reflect.Method.invoke(Unknown Source)
	at org.codehaus.groovy.reflection.CachedMethod.invoke(CachedMethod.java:93)
	at groovy.lang.MetaMethod.doMethodInvoke(MetaMethod.java:325)
	at groovy.lang.MetaClassImpl.invokeMethod(MetaClassImpl.java:1218)
	at groovy.lang.MetaClassImpl.invokeMethod(MetaClassImpl.java:1027)
	at groovy.lang.MetaClassImpl.invokeMethod(MetaClassImpl.java:815)
	at io.restassured.internal.RequestSpecificationImpl.invokeMethod(RequestSpecificationImpl.groovy)
	at org.codehaus.groovy.runtime.callsite.PogoInterceptableSite.call(PogoInterceptableSite.java:48)
	at org.codehaus.groovy.runtime.callsite.PogoInterceptableSite.callCurrent(PogoInterceptableSite.java:58)
	at org.codehaus.groovy.runtime.callsite.AbstractCallSite.callCurrent(AbstractCallSite.java:182)
	at io.restassured.internal.RequestSpecificationImpl.applyPathParamsAndSendRequest(RequestSpecificationImpl.groovy:1737)
	at sun.reflect.NativeMethodAccessorImpl.invoke0(Native Method)
	at sun.reflect.NativeMethodAccessorImpl.invoke(Unknown Source)
	at sun.reflect.DelegatingMethodAccessorImpl.invoke(Unknown Source)
	at java.lang.reflect.Method.invoke(Unknown Source)
	at org.codehaus.groovy.reflection.CachedMethod.invoke(CachedMethod.java:93)
	at groovy.lang.MetaMethod.doMethodInvoke(MetaMethod.java:325)
	at groovy.lang.MetaClassImpl.invokeMethod(MetaClassImpl.java:1218)
	at groovy.lang.MetaClassImpl.invokeMethod(MetaClassImpl.java:1027)
	at groovy.lang.MetaClassImpl.invokeMethod(MetaClassImpl.java:815)
	at io.restassured.internal.RequestSpecificationImpl.invokeMethod(RequestSpecificationImpl.groovy)
	at org.codehaus.groovy.runtime.callsite.PogoInterceptableSite.call(PogoInterceptableSite.java:48)
	at org.codehaus.groovy.runtime.callsite.PogoInterceptableSite.callCurrent(PogoInterceptableSite.java:58)
	at org.codehaus.groovy.runtime.callsite.AbstractCallSite.callCurrent(AbstractCallSite.java:182)
	at io.restassured.internal.RequestSpecificationImpl.get(RequestSpecificationImpl.groovy:170)
	at io.restassured.internal.RequestSpecificationImpl.get(RequestSpecificationImpl.groovy)
	at com.tibco.rest.test.DataDrivenTestCases.testcase(DataDrivenTestCases.java:210)
	at sun.reflect.NativeMethodAccessorImpl.invoke0(Native Method)
	at sun.reflect.NativeMethodAccessorImpl.invoke(Unknown Source)
	at sun.reflect.DelegatingMethodAccessorImpl.invoke(Unknown Source)
	at java.lang.reflect.Method.invoke(Unknown Source)
	at org.testng.internal.MethodInvocationHelper.invokeMethod(MethodInvocationHelper.java:108)
	at org.testng.internal.Invoker.invokeMethod(Invoker.java:661)
	at org.testng.internal.Invoker.invokeTestMethod(Invoker.java:869)
	at org.testng.internal.Invoker.invokeTestMethods(Invoker.java:1193)
	at org.testng.internal.TestMethodWorker.invokeTestMethods(TestMethodWorker.java:126)
	at org.testng.internal.TestMethodWorker.run(TestMethodWorker.java:109)
	at org.testng.TestRunner.privateRun(TestRunner.java:744)
	at org.testng.TestRunner.run(TestRunner.java:602)
	at org.testng.SuiteRunner.runTest(SuiteRunner.java:380)
	at org.testng.SuiteRunner.runSequentially(SuiteRunner.java:375)
	at org.testng.SuiteRunner.privateRun(SuiteRunner.java:340)
	at org.testng.SuiteRunner.run(SuiteRunner.java:289)
	at org.testng.SuiteRunnerWorker.runSuite(SuiteRunnerWorker.java:52)
	at org.testng.SuiteRunnerWorker.run(SuiteRunnerWorker.java:86)
	at org.testng.TestNG.runSuitesSequentially(TestNG.java:1301)
	at org.testng.TestNG.runSuitesLocally(TestNG.java:1226)
	at org.testng.TestNG.runSuites(TestNG.java:1144)
	at org.testng.TestNG.run(TestNG.java:1115)
	at org.testng.TestNG.privateMain(TestNG.java:1442)
	at org.testng.TestNG.main(TestNG.java:1411)
]]>
            </full-stacktrace>
          </exception> <!-- java.net.URISyntaxException -->
          <reporter-output>
            <line>
              <![CDATA[<div class="result_pshow result_fshow result_ishow" > <input checked type="checkbox" value="result_p" onclick="toggleResult(this)"/><span class="pass-label">P</span>ass<input checked type="checkbox" value="result_f" onclick="toggleResult(this)"/><span class="fail-label">F</span>ail<input checked type="checkbox" value="result_i" onclick="toggleResult(this)"/><span class="info-label">I</span>nfo</div>]]>
            </line>
          </reporter-output>
        </test-method> <!-- testcase -->
        <test-method status="PASS" signature="setupMethod([Ljava.lang.Object;)[pri:0, instance:com.tibco.rest.test.DataDrivenTestCases@36b4cef0]" test-instance-name="HK-1797" name="setupMethod" is-config="true" duration-ms="4" started-at="2022-01-27T13:03:07Z" finished-at="2022-01-27T13:03:07Z">
          <params>
            <param index="0">
              <value>
                <![CDATA[[Ljava.lang.Object;@1e6308a9]]>
              </value>
            </param>
          </params>
          <reporter-output>
          </reporter-output>
        </test-method> <!-- setupMethod -->
        <test-method status="PASS" signature="afterMethod(org.testng.ITestContext, org.testng.ITestResult, [Ljava.lang.Object;)[pri:0, instance:com.tibco.rest.test.DataDrivenTestCases@36b4cef0]" test-instance-name="HK-1797" name="afterMethod" is-config="true" duration-ms="0" started-at="2022-01-27T13:03:07Z" finished-at="2022-01-27T13:03:07Z">
          <params>
            <param index="0">
              <value>
                <![CDATA[org.testng.TestRunner@66bfd864]]>
              </value>
            </param>
            <param index="1">
              <value>
                <![CDATA[[TestResult name=test3 status=FAILURE method=DataDrivenTestCases.testcase(java.lang.String, java.lang.String, java.lang.String, java.lang.String, java.lang.String, java.lang.String, java.lang.String, java.lang.String, java.lang.String, java.lang.String, java.lang.String, java.lang.String)[pri:0, instance:com.tibco.rest.test.DataDrivenTestCases@36b4cef0] output=<div class="result_pshow result_fshow result_ishow" > <input checked type="checkbox" value="result_p" onclick="toggleResult(this)"/><span class="pass-label">P</span>ass<input checked type="checkbox" value="result_f" onclick="toggleResult(this)"/><span class="fail-label">F</span>ail<input checked type="checkbox" value="result_i" onclick="toggleResult(this)"/><span class="info-label">I</span>nfo</div>]]]>
              </value>
            </param>
            <param index="2">
              <value>
                <![CDATA[[Ljava.lang.Object;@6079cf5]]>
              </value>
            </param>
          </params>
          <reporter-output>
          </reporter-output>
        </test-method> <!-- afterMethod -->
        <test-method status="FAIL" signature="testcase(java.lang.String, java.lang.String, java.lang.String, java.lang.String, java.lang.String, java.lang.String, java.lang.String, java.lang.String, java.lang.String, java.lang.String, java.lang.String, java.lang.String)[pri:0, instance:com.tibco.rest.test.DataDrivenTestCases@36b4cef0]" test-instance-name="HK-1797" name="testcase" duration-ms="45" started-at="2022-01-27T13:03:07Z" data-provider="GetTCData" finished-at="2022-01-27T13:03:07Z">
          <params>
            <param index="0">
              <value>
                <![CDATA[test6]]>
              </value>
            </param>
            <param index="1">
              <value>
                <![CDATA[GET]]>
              </value>
            </param>
            <param index="2">
              <value>
                <![CDATA[/Domain/${test1.domainName}]]>
              </value>
            </param>
            <param index="3">
              <value is-null="true"/>
            </param>
            <param index="4">
              <value is-null="true"/>
            </param>
            <param index="5">
              <value>
                <![CDATA[null]]>
              </value>
            </param>
            <param index="6">
              <value>
                <![CDATA[null]]>
              </value>
            </param>
            <param index="7">
              <value>
                <![CDATA[=]]>
              </value>
            </param>
            <param index="8">
              <value>
                <![CDATA[{"hawk_transport":"tibtcp","tcp_session":"hawkconsole:2551 hawkclustermanager:2561","securityPolicy":"","dns":["none"],"aliveAgentCount":1,"deadAgentCount":0,"scheduleCount":2,"rulebaseCount":9,"name":"tcpdomain","state":"Running"}]]>
              </value>
            </param>
            <param index="9">
              <value>
                <![CDATA[null]]>
              </value>
            </param>
            <param index="10">
              <value>
                <![CDATA[null]]>
              </value>
            </param>
            <param index="11">
              <value>
                <![CDATA[null]]>
              </value>
            </param>
          </params>
          <exception class="java.net.URISyntaxException">
            <message>
              <![CDATA[Illegal character in path at index 42: http://10.102.168.175:30001/cms/v1/Domain/[]]]>
            </message>
            <full-stacktrace>
              <![CDATA[java.net.URISyntaxException: Illegal character in path at index 42: http://10.102.168.175:30001/cms/v1/Domain/[]
	at java.net.URI$Parser.fail(Unknown Source)
	at java.net.URI$Parser.checkChars(Unknown Source)
	at java.net.URI$Parser.parseHierarchical(Unknown Source)
	at java.net.URI$Parser.parse(Unknown Source)
	at java.net.URI.<init>(Unknown Source)
	at io.restassured.internal.http.URIBuilder.convertToURI(URIBuilder.java:91)
	at io.restassured.internal.http.URIBuilder$convertToURI.call(Unknown Source)
	at io.restassured.internal.RequestSpecificationImpl.generateRequestUriForLogging(RequestSpecificationImpl.groovy:1193)
	at sun.reflect.NativeMethodAccessorImpl.invoke0(Native Method)
	at sun.reflect.NativeMethodAccessorImpl.invoke(Unknown Source)
	at sun.reflect.DelegatingMethodAccessorImpl.invoke(Unknown Source)
	at java.lang.reflect.Method.invoke(Unknown Source)
	at org.codehaus.groovy.reflection.CachedMethod.invoke(CachedMethod.java:93)
	at groovy.lang.MetaMethod.doMethodInvoke(MetaMethod.java:325)
	at groovy.lang.MetaClassImpl.invokeMethod(MetaClassImpl.java:1218)
	at groovy.lang.MetaClassImpl.invokeMethod(MetaClassImpl.java:1027)
	at groovy.lang.MetaClassImpl.invokeMethod(MetaClassImpl.java:815)
	at io.restassured.internal.RequestSpecificationImpl.invokeMethod(RequestSpecificationImpl.groovy)
	at org.codehaus.groovy.runtime.callsite.PogoInterceptableSite.call(PogoInterceptableSite.java:48)
	at org.codehaus.groovy.runtime.callsite.PogoInterceptableSite.callCurrent(PogoInterceptableSite.java:58)
	at org.codehaus.groovy.runtime.callsite.AbstractCallSite.callCurrent(AbstractCallSite.java:174)
	at io.restassured.internal.RequestSpecificationImpl.newFilterContext(RequestSpecificationImpl.groovy:1154)
	at sun.reflect.NativeMethodAccessorImpl.invoke0(Native Method)
	at sun.reflect.NativeMethodAccessorImpl.invoke(Unknown Source)
	at sun.reflect.DelegatingMethodAccessorImpl.invoke(Unknown Source)
	at java.lang.reflect.Method.invoke(Unknown Source)
	at org.codehaus.groovy.reflection.CachedMethod.invoke(CachedMethod.java:93)
	at groovy.lang.MetaMethod.doMethodInvoke(MetaMethod.java:325)
	at groovy.lang.MetaClassImpl.invokeMethod(MetaClassImpl.java:1218)
	at groovy.lang.MetaClassImpl.invokeMethod(MetaClassImpl.java:1027)
	at groovy.lang.MetaClassImpl.invokeMethod(MetaClassImpl.java:815)
	at io.restassured.internal.RequestSpecificationImpl.invokeMethod(RequestSpecificationImpl.groovy)
	at org.codehaus.groovy.runtime.callsite.PogoInterceptableSite.call(PogoInterceptableSite.java:48)
	at org.codehaus.groovy.runtime.callsite.PogoInterceptableSite.callCurrent(PogoInterceptableSite.java:58)
	at org.codehaus.groovy.runtime.callsite.AbstractCallSite.callCurrent(AbstractCallSite.java:182)
	at io.restassured.internal.RequestSpecificationImpl.applyPathParamsAndSendRequest(RequestSpecificationImpl.groovy:1729)
	at sun.reflect.NativeMethodAccessorImpl.invoke0(Native Method)
	at sun.reflect.NativeMethodAccessorImpl.invoke(Unknown Source)
	at sun.reflect.DelegatingMethodAccessorImpl.invoke(Unknown Source)
	at java.lang.reflect.Method.invoke(Unknown Source)
	at org.codehaus.groovy.reflection.CachedMethod.invoke(CachedMethod.java:93)
	at groovy.lang.MetaMethod.doMethodInvoke(MetaMethod.java:325)
	at groovy.lang.MetaClassImpl.invokeMethod(MetaClassImpl.java:1218)
	at groovy.lang.MetaClassImpl.invokeMethod(MetaClassImpl.java:1027)
	at groovy.lang.MetaClassImpl.invokeMethod(MetaClassImpl.java:815)
	at io.restassured.internal.RequestSpecificationImpl.invokeMethod(RequestSpecificationImpl.groovy)
	at org.codehaus.groovy.runtime.callsite.PogoInterceptableSite.call(PogoInterceptableSite.java:48)
	at org.codehaus.groovy.runtime.callsite.PogoInterceptableSite.callCurrent(PogoInterceptableSite.java:58)
	at org.codehaus.groovy.runtime.callsite.AbstractCallSite.callCurrent(AbstractCallSite.java:182)
	at io.restassured.internal.RequestSpecificationImpl.applyPathParamsAndSendRequest(RequestSpecificationImpl.groovy:1737)
	at sun.reflect.NativeMethodAccessorImpl.invoke0(Native Method)
	at sun.reflect.NativeMethodAccessorImpl.invoke(Unknown Source)
	at sun.reflect.DelegatingMethodAccessorImpl.invoke(Unknown Source)
	at java.lang.reflect.Method.invoke(Unknown Source)
	at org.codehaus.groovy.reflection.CachedMethod.invoke(CachedMethod.java:93)
	at groovy.lang.MetaMethod.doMethodInvoke(MetaMethod.java:325)
	at groovy.lang.MetaClassImpl.invokeMethod(MetaClassImpl.java:1218)
	at groovy.lang.MetaClassImpl.invokeMethod(MetaClassImpl.java:1027)
	at groovy.lang.MetaClassImpl.invokeMethod(MetaClassImpl.java:815)
	at io.restassured.internal.RequestSpecificationImpl.invokeMethod(RequestSpecificationImpl.groovy)
	at org.codehaus.groovy.runtime.callsite.PogoInterceptableSite.call(PogoInterceptableSite.java:48)
	at org.codehaus.groovy.runtime.callsite.PogoInterceptableSite.callCurrent(PogoInterceptableSite.java:58)
	at org.codehaus.groovy.runtime.callsite.AbstractCallSite.callCurrent(AbstractCallSite.java:182)
	at io.restassured.internal.RequestSpecificationImpl.get(RequestSpecificationImpl.groovy:170)
	at io.restassured.internal.RequestSpecificationImpl.get(RequestSpecificationImpl.groovy)
	at com.tibco.rest.test.DataDrivenTestCases.testcase(DataDrivenTestCases.java:210)
	at sun.reflect.NativeMethodAccessorImpl.invoke0(Native Method)
	at sun.reflect.NativeMethodAccessorImpl.invoke(Unknown Source)
	at sun.reflect.DelegatingMethodAccessorImpl.invoke(Unknown Source)
	at java.lang.reflect.Method.invoke(Unknown Source)
	at org.testng.internal.MethodInvocationHelper.invokeMethod(MethodInvocationHelper.java:108)
	at org.testng.internal.Invoker.invokeMethod(Invoker.java:661)
	at org.testng.internal.Invoker.invokeTestMethod(Invoker.java:869)
	at org.testng.internal.Invoker.invokeTestMethods(Invoker.java:1193)
	at org.testng.internal.TestMethodWorker.invokeTestMethods(TestMethodWorker.java:126)
	at org.testng.internal.TestMethodWorker.run(TestMethodWorker.java:109)
	at org.testng.TestRunner.privateRun(TestRunner.java:744)
	at org.testng.TestRunner.run(TestRunner.java:602)
	at org.testng.SuiteRunner.runTest(SuiteRunner.java:380)
	at org.testng.SuiteRunner.runSequentially(SuiteRunner.java:375)
	at org.testng.SuiteRunner.privateRun(SuiteRunner.java:340)
	at org.testng.SuiteRunner.run(SuiteRunner.java:289)
	at org.testng.SuiteRunnerWorker.runSuite(SuiteRunnerWorker.java:52)
	at org.testng.SuiteRunnerWorker.run(SuiteRunnerWorker.java:86)
	at org.testng.TestNG.runSuitesSequentially(TestNG.java:1301)
	at org.testng.TestNG.runSuitesLocally(TestNG.java:1226)
	at org.testng.TestNG.runSuites(TestNG.java:1144)
	at org.testng.TestNG.run(TestNG.java:1115)
	at org.testng.TestNG.privateMain(TestNG.java:1442)
	at org.testng.TestNG.main(TestNG.java:1411)
]]>
            </full-stacktrace>
          </exception> <!-- java.net.URISyntaxException -->
          <reporter-output>
            <line>
              <![CDATA[<div class="result_pshow result_fshow result_ishow" > <input checked type="checkbox" value="result_p" onclick="toggleResult(this)"/><span class="pass-label">P</span>ass<input checked type="checkbox" value="result_f" onclick="toggleResult(this)"/><span class="fail-label">F</span>ail<input checked type="checkbox" value="result_i" onclick="toggleResult(this)"/><span class="info-label">I</span>nfo</div>]]>
            </line>
          </reporter-output>
        </test-method> <!-- testcase -->
        <test-method status="PASS" signature="afterMethod(org.testng.ITestContext, org.testng.ITestResult, [Ljava.lang.Object;)[pri:0, instance:com.tibco.rest.test.DataDrivenTestCases@36b4cef0]" test-instance-name="HK-1797" name="afterMethod" is-config="true" duration-ms="0" started-at="2022-01-27T13:03:07Z" finished-at="2022-01-27T13:03:07Z">
          <params>
            <param index="0">
              <value>
                <![CDATA[org.testng.TestRunner@66bfd864]]>
              </value>
            </param>
            <param index="1">
              <value>
                <![CDATA[[TestResult name=test6 status=FAILURE method=DataDrivenTestCases.testcase(java.lang.String, java.lang.String, java.lang.String, java.lang.String, java.lang.String, java.lang.String, java.lang.String, java.lang.String, java.lang.String, java.lang.String, java.lang.String, java.lang.String)[pri:0, instance:com.tibco.rest.test.DataDrivenTestCases@36b4cef0] output=<div class="result_pshow result_fshow result_ishow" > <input checked type="checkbox" value="result_p" onclick="toggleResult(this)"/><span class="pass-label">P</span>ass<input checked type="checkbox" value="result_f" onclick="toggleResult(this)"/><span class="fail-label">F</span>ail<input checked type="checkbox" value="result_i" onclick="toggleResult(this)"/><span class="info-label">I</span>nfo</div>]]]>
              </value>
            </param>
            <param index="2">
              <value>
                <![CDATA[[Ljava.lang.Object;@1e6308a9]]>
              </value>
            </param>
          </params>
          <reporter-output>
          </reporter-output>
        </test-method> <!-- afterMethod -->
        <test-method status="PASS" signature="setupMethod([Ljava.lang.Object;)[pri:0, instance:com.tibco.rest.test.DataDrivenTestCases@36b4cef0]" test-instance-name="HK-1797" name="setupMethod" is-config="true" duration-ms="0" started-at="2022-01-27T13:03:07Z" finished-at="2022-01-27T13:03:07Z">
          <params>
            <param index="0">
              <value>
                <![CDATA[[Ljava.lang.Object;@30cecdca]]>
              </value>
            </param>
          </params>
          <reporter-output>
          </reporter-output>
        </test-method> <!-- setupMethod -->
        <test-method status="FAIL" signature="testcase(java.lang.String, java.lang.String, java.lang.String, java.lang.String, java.lang.String, java.lang.String, java.lang.String, java.lang.String, java.lang.String, java.lang.String, java.lang.String, java.lang.String)[pri:0, instance:com.tibco.rest.test.DataDrivenTestCases@36b4cef0]" test-instance-name="HK-1797" name="testcase" duration-ms="186" started-at="2022-01-27T13:03:07Z" data-provider="GetTCData" finished-at="2022-01-27T13:03:07Z">
          <params>
            <param index="0">
              <value>
                <![CDATA[TEST7]]>
              </value>
            </param>
            <param index="1">
              <value>
                <![CDATA[POST]]>
              </value>
            </param>
            <param index="2">
              <value>
                <![CDATA[/logout]]>
              </value>
            </param>
            <param index="3">
              <value>
                <![CDATA[null]]>
              </value>
            </param>
            <param index="4">
              <value>
                <![CDATA[null]]>
              </value>
            </param>
            <param index="5">
              <value>
                <![CDATA[null]]>
              </value>
            </param>
            <param index="6">
              <value>
                <![CDATA[null]]>
              </value>
            </param>
            <param index="7">
              <value>
                <![CDATA[null]]>
              </value>
            </param>
            <param index="8">
              <value>
                <![CDATA[null]]>
              </value>
            </param>
            <param index="9">
              <value>
                <![CDATA[null]]>
              </value>
            </param>
            <param index="10">
              <value>
                <![CDATA[null]]>
              </value>
            </param>
            <param index="11">
              <value>
                <![CDATA[null]]>
              </value>
            </param>
          </params>
          <exception class="java.lang.AssertionError">
            <message>
              <![CDATA[Response Code is 500]]>
            </message>
            <full-stacktrace>
              <![CDATA[java.lang.AssertionError: Response Code is 500
	at com.tibco.rest.restAssured.Assertions.assertTrue(Assertions.java:166)
	at com.tibco.rest.test.DataDrivenTestCases.testcase(DataDrivenTestCases.java:460)
	at sun.reflect.NativeMethodAccessorImpl.invoke0(Native Method)
	at sun.reflect.NativeMethodAccessorImpl.invoke(Unknown Source)
	at sun.reflect.DelegatingMethodAccessorImpl.invoke(Unknown Source)
	at java.lang.reflect.Method.invoke(Unknown Source)
	at org.testng.internal.MethodInvocationHelper.invokeMethod(MethodInvocationHelper.java:108)
	at org.testng.internal.Invoker.invokeMethod(Invoker.java:661)
	at org.testng.internal.Invoker.invokeTestMethod(Invoker.java:869)
	at org.testng.internal.Invoker.invokeTestMethods(Invoker.java:1193)
	at org.testng.internal.TestMethodWorker.invokeTestMethods(TestMethodWorker.java:126)
	at org.testng.internal.TestMethodWorker.run(TestMethodWorker.java:109)
	at org.testng.TestRunner.privateRun(TestRunner.java:744)
	at org.testng.TestRunner.run(TestRunner.java:602)
	at org.testng.SuiteRunner.runTest(SuiteRunner.java:380)
	at org.testng.SuiteRunner.runSequentially(SuiteRunner.java:375)
	at org.testng.SuiteRunner.privateRun(SuiteRunner.java:340)
	at org.testng.SuiteRunner.run(SuiteRunner.java:289)
	at org.testng.SuiteRunnerWorker.runSuite(SuiteRunnerWorker.java:52)
	at org.testng.SuiteRunnerWorker.run(SuiteRunnerWorker.java:86)
	at org.testng.TestNG.runSuitesSequentially(TestNG.java:1301)
	at org.testng.TestNG.runSuitesLocally(TestNG.java:1226)
	at org.testng.TestNG.runSuites(TestNG.java:1144)
	at org.testng.TestNG.run(TestNG.java:1115)
	at org.testng.TestNG.privateMain(TestNG.java:1442)
	at org.testng.TestNG.main(TestNG.java:1411)
]]>
            </full-stacktrace>
          </exception> <!-- java.lang.AssertionError -->
          <reporter-output>
            <line>
              <![CDATA[<div class="result_pshow result_fshow result_ishow" > <input checked type="checkbox" value="result_p" onclick="toggleResult(this)"/><span class="pass-label">P</span>ass<input checked type="checkbox" value="result_f" onclick="toggleResult(this)"/><span class="fail-label">F</span>ail<input checked type="checkbox" value="result_i" onclick="toggleResult(this)"/><span class="info-label">I</span>nfo<div  class="info"><span class="info-label">I </span> <a href="response/Test1//TEST7.json" target="_blank">[View Response]</a> </div><div  class="info"><span class="info-label">I </span>Response Code : 500</div><div  class="fail"><span class="fail-label">F </span>Response Code is 500</div></div>]]>
            </line>
          </reporter-output>
        </test-method> <!-- testcase -->
        <test-method status="PASS" signature="afterMethod(org.testng.ITestContext, org.testng.ITestResult, [Ljava.lang.Object;)[pri:0, instance:com.tibco.rest.test.DataDrivenTestCases@36b4cef0]" test-instance-name="HK-1797" name="afterMethod" is-config="true" duration-ms="0" started-at="2022-01-27T13:03:07Z" finished-at="2022-01-27T13:03:07Z">
          <params>
            <param index="0">
              <value>
                <![CDATA[org.testng.TestRunner@66bfd864]]>
              </value>
            </param>
            <param index="1">
              <value>
                <![CDATA[[TestResult name=TEST7 status=FAILURE method=DataDrivenTestCases.testcase(java.lang.String, java.lang.String, java.lang.String, java.lang.String, java.lang.String, java.lang.String, java.lang.String, java.lang.String, java.lang.String, java.lang.String, java.lang.String, java.lang.String)[pri:0, instance:com.tibco.rest.test.DataDrivenTestCases@36b4cef0] output=<div class="result_pshow result_fshow result_ishow" > <input checked type="checkbox" value="result_p" onclick="toggleResult(this)"/><span class="pass-label">P</span>ass<input checked type="checkbox" value="result_f" onclick="toggleResult(this)"/><span class="fail-label">F</span>ail<input checked type="checkbox" value="result_i" onclick="toggleResult(this)"/><span class="info-label">I</span>nfo<div  class="info"><span class="info-label">I </span> <a href="response/Test1//TEST7.json" target="_blank">[View Response]</a> </div><div  class="info"><span class="info-label">I </span>Response Code : 500</div><div  class="fail"><span class="fail-label">F </span>Response Code is 500</div></div>]]]>
              </value>
            </param>
            <param index="2">
              <value>
                <![CDATA[[Ljava.lang.Object;@30cecdca]]>
              </value>
            </param>
          </params>
          <reporter-output>
          </reporter-output>
        </test-method> <!-- afterMethod -->
        <test-method status="PASS" signature="setupMethod([Ljava.lang.Object;)[pri:0, instance:com.tibco.rest.test.DataDrivenTestCases@36b4cef0]" test-instance-name="HK-1797" name="setupMethod" is-config="true" duration-ms="1" started-at="2022-01-27T13:03:07Z" finished-at="2022-01-27T13:03:07Z">
          <params>
            <param index="0">
              <value>
                <![CDATA[[Ljava.lang.Object;@6edc4161]]>
              </value>
            </param>
          </params>
          <reporter-output>
          </reporter-output>
        </test-method> <!-- setupMethod -->
        <test-method status="FAIL" signature="testcase(java.lang.String, java.lang.String, java.lang.String, java.lang.String, java.lang.String, java.lang.String, java.lang.String, java.lang.String, java.lang.String, java.lang.String, java.lang.String, java.lang.String)[pri:0, instance:com.tibco.rest.test.DataDrivenTestCases@36b4cef0]" test-instance-name="HK-1797" name="testcase" duration-ms="144" started-at="2022-01-27T13:03:07Z" data-provider="GetTCData" finished-at="2022-01-27T13:03:07Z">
          <params>
            <param index="0">
              <value>
                <![CDATA[HK-1797]]>
              </value>
            </param>
            <param index="1">
              <value>
                <![CDATA[GET]]>
              </value>
            </param>
            <param index="2">
              <value>
                <![CDATA[/tcpdomain/none/DockerHawk3/Microagent]]>
              </value>
            </param>
            <param index="3">
              <value is-null="true"/>
            </param>
            <param index="4">
              <value is-null="true"/>
            </param>
            <param index="5">
              <value is-null="true"/>
            </param>
            <param index="6">
              <value>
                <![CDATA[$..name]]>
              </value>
            </param>
            <param index="7">
              <value>
                <![CDATA[~]]>
              </value>
            </param>
            <param index="8">
              <value>
                <![CDATA[[[
  "COM.TIBCO.hawk.microagent.DockerHostMA",
  "COM.TIBCO.hawk.microagent.LMIContainerMA",
  "com.tibco.hawk.BWCEHawkMicroagent",
  "COM.TIBCO.hawk.microagent.TcpClusterStatus",
  "COM.TIBCO.hawk.microagent.TcpMessaging",
  "com.tibco.hawk.BWCEHawkMicroagent",
  "COM.TIBCO.hawk.microagent.Self",
  "COM.TIBCO.hawk.microagent.RuleBaseEngine",
  "SamplePluginMicroagent",
  "COM.TIBCO.hawk.microagent.SysInfo"
]]]]>
              </value>
            </param>
            <param index="9">
              <value is-null="true"/>
            </param>
            <param index="10">
              <value is-null="true"/>
            </param>
            <param index="11">
              <value>
                <![CDATA[null]]>
              </value>
            </param>
          </params>
          <exception class="java.lang.AssertionError">
            <message>
              <![CDATA[Expected value should contains "["COM.TIBCO.hawk.microagent.DockerHostMA","COM.TIBCO.hawk.microagent.LMIContainerMA","com.tibco.hawk.BWCEHawkMicroagent","COM.TIBCO.hawk.microagent.TcpClusterStatus","COM.TIBCO.hawk.microagent.TcpMessaging","com.tibco.hawk.BWCEHawkMicroagent","COM.TIBCO.hawk.microagent.Self","COM.TIBCO.hawk.microagent.RuleBaseEngine","SamplePluginMicroagent","COM.TIBCO.hawk.microagent.SysInfo"]" : Actual value is "["COM.TIBCO.hawk.microagent.DockerHostMA","COM.TIBCO.hawk.microagent.LMIContainerMA","com.tibco.hawk.BWCEHawkMicroagent","COM.TIBCO.hawk.microagent.TcpClusterStatus","COM.TIBCO.hawk.microagent.TcpMessaging","com.tibco.hawk.BWCEHawkMicroagent","COM.TIBCO.hawk.microagent.Self","COM.TIBCO.hawk.microagent.RuleBaseEngine","SamplePluginMicroagent","COM.TIBCO.hawk.microagent.SysInfo"]"]]>
            </message>
            <full-stacktrace>
              <![CDATA[java.lang.AssertionError: Expected value should contains "["COM.TIBCO.hawk.microagent.DockerHostMA","COM.TIBCO.hawk.microagent.LMIContainerMA","com.tibco.hawk.BWCEHawkMicroagent","COM.TIBCO.hawk.microagent.TcpClusterStatus","COM.TIBCO.hawk.microagent.TcpMessaging","com.tibco.hawk.BWCEHawkMicroagent","COM.TIBCO.hawk.microagent.Self","COM.TIBCO.hawk.microagent.RuleBaseEngine","SamplePluginMicroagent","COM.TIBCO.hawk.microagent.SysInfo"]" : Actual value is "["COM.TIBCO.hawk.microagent.DockerHostMA","COM.TIBCO.hawk.microagent.LMIContainerMA","com.tibco.hawk.BWCEHawkMicroagent","COM.TIBCO.hawk.microagent.TcpClusterStatus","COM.TIBCO.hawk.microagent.TcpMessaging","com.tibco.hawk.BWCEHawkMicroagent","COM.TIBCO.hawk.microagent.Self","COM.TIBCO.hawk.microagent.RuleBaseEngine","SamplePluginMicroagent","COM.TIBCO.hawk.microagent.SysInfo"]"
	at com.tibco.rest.restAssured.Assertions.assertTrue(Assertions.java:166)
	at com.tibco.rest.restAssured.Assertions.assertContains(Assertions.java:212)
	at com.tibco.rest.test.DataDrivenTestCases.verifyResponse(DataDrivenTestCases.java:533)
	at com.tibco.rest.test.DataDrivenTestCases.testcase(DataDrivenTestCases.java:377)
	at sun.reflect.NativeMethodAccessorImpl.invoke0(Native Method)
	at sun.reflect.NativeMethodAccessorImpl.invoke(Unknown Source)
	at sun.reflect.DelegatingMethodAccessorImpl.invoke(Unknown Source)
	at java.lang.reflect.Method.invoke(Unknown Source)
	at org.testng.internal.MethodInvocationHelper.invokeMethod(MethodInvocationHelper.java:108)
	at org.testng.internal.Invoker.invokeMethod(Invoker.java:661)
	at org.testng.internal.Invoker.invokeTestMethod(Invoker.java:869)
	at org.testng.internal.Invoker.invokeTestMethods(Invoker.java:1193)
	at org.testng.internal.TestMethodWorker.invokeTestMethods(TestMethodWorker.java:126)
	at org.testng.internal.TestMethodWorker.run(TestMethodWorker.java:109)
	at org.testng.TestRunner.privateRun(TestRunner.java:744)
	at org.testng.TestRunner.run(TestRunner.java:602)
	at org.testng.SuiteRunner.runTest(SuiteRunner.java:380)
	at org.testng.SuiteRunner.runSequentially(SuiteRunner.java:375)
	at org.testng.SuiteRunner.privateRun(SuiteRunner.java:340)
	at org.testng.SuiteRunner.run(SuiteRunner.java:289)
	at org.testng.SuiteRunnerWorker.runSuite(SuiteRunnerWorker.java:52)
	at org.testng.SuiteRunnerWorker.run(SuiteRunnerWorker.java:86)
	at org.testng.TestNG.runSuitesSequentially(TestNG.java:1301)
	at org.testng.TestNG.runSuitesLocally(TestNG.java:1226)
	at org.testng.TestNG.runSuites(TestNG.java:1144)
	at org.testng.TestNG.run(TestNG.java:1115)
	at org.testng.TestNG.privateMain(TestNG.java:1442)
	at org.testng.TestNG.main(TestNG.java:1411)
]]>
            </full-stacktrace>
          </exception> <!-- java.lang.AssertionError -->
          <reporter-output>
            <line>
              <![CDATA[<div class="result_pshow result_fshow result_ishow" > <input checked type="checkbox" value="result_p" onclick="toggleResult(this)"/><span class="pass-label">P</span>ass<input checked type="checkbox" value="result_f" onclick="toggleResult(this)"/><span class="fail-label">F</span>ail<input checked type="checkbox" value="result_i" onclick="toggleResult(this)"/><span class="info-label">I</span>nfo<div  class="info"><span class="info-label">I </span> <a href="response/Test1//HK-1797.json" target="_blank">[View Response]</a> </div><div  class="info"><span class="info-label">I </span>Response Code : 500</div><div  class="fail"><span class="fail-label">F </span>Expected value should contains "["COM.TIBCO.hawk.microagent.DockerHostMA","COM.TIBCO.hawk.microagent.LMIContainerMA","com.tibco.hawk.BWCEHawkMicroagent","COM.TIBCO.hawk.microagent.TcpClusterStatus","COM.TIBCO.hawk.microagent.TcpMessaging","com.tibco.hawk.BWCEHawkMicroagent","COM.TIBCO.hawk.microagent.Self","COM.TIBCO.hawk.microagent.RuleBaseEngine","SamplePluginMicroagent","COM.TIBCO.hawk.microagent.SysInfo"]" : Actual value is "["COM.TIBCO.hawk.microagent.DockerHostMA","COM.TIBCO.hawk.microagent.LMIContainerMA","com.tibco.hawk.BWCEHawkMicroagent","COM.TIBCO.hawk.microagent.TcpClusterStatus","COM.TIBCO.hawk.microagent.TcpMessaging","com.tibco.hawk.BWCEHawkMicroagent","COM.TIBCO.hawk.microagent.Self","COM.TIBCO.hawk.microagent.RuleBaseEngine","SamplePluginMicroagent","COM.TIBCO.hawk.microagent.SysInfo"]"</div></div>]]>
            </line>
          </reporter-output>
        </test-method> <!-- testcase -->
        <test-method status="PASS" signature="afterMethod(org.testng.ITestContext, org.testng.ITestResult, [Ljava.lang.Object;)[pri:0, instance:com.tibco.rest.test.DataDrivenTestCases@36b4cef0]" test-instance-name="HK-1797" name="afterMethod" is-config="true" duration-ms="0" started-at="2022-01-27T13:03:07Z" finished-at="2022-01-27T13:03:07Z">
          <params>
            <param index="0">
              <value>
                <![CDATA[org.testng.TestRunner@66bfd864]]>
              </value>
            </param>
            <param index="1">
              <value>
                <![CDATA[[TestResult name=HK-1797 status=FAILURE method=DataDrivenTestCases.testcase(java.lang.String, java.lang.String, java.lang.String, java.lang.String, java.lang.String, java.lang.String, java.lang.String, java.lang.String, java.lang.String, java.lang.String, java.lang.String, java.lang.String)[pri:0, instance:com.tibco.rest.test.DataDrivenTestCases@36b4cef0] output=<div class="result_pshow result_fshow result_ishow" > <input checked type="checkbox" value="result_p" onclick="toggleResult(this)"/><span class="pass-label">P</span>ass<input checked type="checkbox" value="result_f" onclick="toggleResult(this)"/><span class="fail-label">F</span>ail<input checked type="checkbox" value="result_i" onclick="toggleResult(this)"/><span class="info-label">I</span>nfo<div  class="info"><span class="info-label">I </span> <a href="response/Test1//HK-1797.json" target="_blank">[View Response]</a> </div><div  class="info"><span class="info-label">I </span>Response Code : 500</div><div  class="fail"><span class="fail-label">F </span>Expected value should contains "["COM.TIBCO.hawk.microagent.DockerHostMA","COM.TIBCO.hawk.microagent.LMIContainerMA","com.tibco.hawk.BWCEHawkMicroagent","COM.TIBCO.hawk.microagent.TcpClusterStatus","COM.TIBCO.hawk.microagent.TcpMessaging","com.tibco.hawk.BWCEHawkMicroagent","COM.TIBCO.hawk.microagent.Self","COM.TIBCO.hawk.microagent.RuleBaseEngine","SamplePluginMicroagent","COM.TIBCO.hawk.microagent.SysInfo"]" : Actual value is "["COM.TIBCO.hawk.microagent.DockerHostMA","COM.TIBCO.hawk.microagent.LMIContainerMA","com.tibco.hawk.BWCEHawkMicroagent","COM.TIBCO.hawk.microagent.TcpClusterStatus","COM.TIBCO.hawk.microagent.TcpMessaging","com.tibco.hawk.BWCEHawkMicroagent","COM.TIBCO.hawk.microagent.Self","COM.TIBCO.hawk.microagent.RuleBaseEngine","SamplePluginMicroagent","COM.TIBCO.hawk.microagent.SysInfo"]"</div></div>]]]>
              </value>
            </param>
            <param index="2">
              <value>
                <![CDATA[[Ljava.lang.Object;@6edc4161]]>
              </value>
            </param>
          </params>
          <reporter-output>
          </reporter-output>
        </test-method> <!-- afterMethod -->
      </class> <!-- com.tibco.rest.test.DataDrivenTestCases -->
    </test> <!-- Test1 -->
  </suite> <!-- Suite -->
</testng-results>
