<?xml version="1.0" encoding="UTF-8"?>
<testng-results skipped="0" failed="13" ignored="4" total="20" passed="3">
  <reporter-output>
    <line>
      <![CDATA[<div class="result_pshow result_fshow result_ishow" > <input checked type="checkbox" value="result_p" onclick="toggleResult(this)"/><span class="pass-label">P</span>ass<input checked type="checkbox" value="result_f" onclick="toggleResult(this)"/><span class="fail-label">F</span>ail<input checked type="checkbox" value="result_i" onclick="toggleResult(this)"/><span class="info-label">I</span>nfo<div  class="info"><span class="info-label">I </span> <a href="response/Test1//Feature-01.json" target="_blank">[View Response]</a> </div><div  class="info"><span class="info-label">I </span>Response Code : 500</div><div  class="fail"><span class="fail-label">F </span>Unable to store response string to variable or couldn't received response.</div></div>]]>
    </line>
    <line>
      <![CDATA[<div class="result_pshow result_fshow result_ishow" > <input checked type="checkbox" value="result_p" onclick="toggleResult(this)"/><span class="pass-label">P</span>ass<input checked type="checkbox" value="result_f" onclick="toggleResult(this)"/><span class="fail-label">F</span>ail<input checked type="checkbox" value="result_i" onclick="toggleResult(this)"/><span class="info-label">I</span>nfo<div  class="info"><span class="info-label">I </span> <a href="response/Test1//ROLE-01.json" target="_blank">[View Response]</a> </div><div  class="info"><span class="info-label">I </span>Response Code : 500</div><div  class="fail"><span class="fail-label">F </span>Expected value should not be "[]" : Actual value is "[]"</div></div>]]>
    </line>
    <line>
      <![CDATA[<div class="result_pshow result_fshow result_ishow" > <input checked type="checkbox" value="result_p" onclick="toggleResult(this)"/><span class="pass-label">P</span>ass<input checked type="checkbox" value="result_f" onclick="toggleResult(this)"/><span class="fail-label">F</span>ail<input checked type="checkbox" value="result_i" onclick="toggleResult(this)"/><span class="info-label">I</span>nfo<div  class="info"><span class="info-label">I </span> <a href="response/Test1//USER-01.json" target="_blank">[View Response]</a> </div><div  class="info"><span class="info-label">I </span>Response Code : 500</div><div  class="fail"><span class="fail-label">F </span>Expected value should not be "[]" : Actual value is "[]"</div></div>]]>
    </line>
    <line>
      <![CDATA[<div class="result_pshow result_fshow result_ishow" > <input checked type="checkbox" value="result_p" onclick="toggleResult(this)"/><span class="pass-label">P</span>ass<input checked type="checkbox" value="result_f" onclick="toggleResult(this)"/><span class="fail-label">F</span>ail<input checked type="checkbox" value="result_i" onclick="toggleResult(this)"/><span class="info-label">I</span>nfo</div>]]>
    </line>
    <line>
      <![CDATA[<div class="result_pshow result_fshow result_ishow" > <input checked type="checkbox" value="result_p" onclick="toggleResult(this)"/><span class="pass-label">P</span>ass<input checked type="checkbox" value="result_f" onclick="toggleResult(this)"/><span class="fail-label">F</span>ail<input checked type="checkbox" value="result_i" onclick="toggleResult(this)"/><span class="info-label">I</span>nfo</div>]]>
    </line>
    <line>
      <![CDATA[<div class="result_pshow result_fshow result_ishow" > <input checked type="checkbox" value="result_p" onclick="toggleResult(this)"/><span class="pass-label">P</span>ass<input checked type="checkbox" value="result_f" onclick="toggleResult(this)"/><span class="fail-label">F</span>ail<input checked type="checkbox" value="result_i" onclick="toggleResult(this)"/><span class="info-label">I</span>nfo<div  class="info"><span class="info-label">I </span> <a href="response/Test1//ROLE-03.json" target="_blank">[View Response]</a> </div><div  class="info"><span class="info-label">I </span>Response Code : 500</div><div  class="pass"><span class="pass-label">P </span>Expected value should not be "0" : Actual value is ""</div></div>]]>
    </line>
    <line>
      <![CDATA[<div class="result_pshow result_fshow result_ishow" > <input checked type="checkbox" value="result_p" onclick="toggleResult(this)"/><span class="pass-label">P</span>ass<input checked type="checkbox" value="result_f" onclick="toggleResult(this)"/><span class="fail-label">F</span>ail<input checked type="checkbox" value="result_i" onclick="toggleResult(this)"/><span class="info-label">I</span>nfo<div  class="info"><span class="info-label">I </span> <a href="response/Test1//USER-03.json" target="_blank">[View Response]</a> </div><div  class="info"><span class="info-label">I </span>Response Code : 200</div><div  class="fail"><span class="fail-label">F </span>Expected value should not be "0" : Actual value is "0"</div></div>]]>
    </line>
    <line>
      <![CDATA[<div class="result_pshow result_fshow result_ishow" > <input checked type="checkbox" value="result_p" onclick="toggleResult(this)"/><span class="pass-label">P</span>ass<input checked type="checkbox" value="result_f" onclick="toggleResult(this)"/><span class="fail-label">F</span>ail<input checked type="checkbox" value="result_i" onclick="toggleResult(this)"/><span class="info-label">I</span>nfo</div>]]>
    </line>
    <line>
      <![CDATA[<div class="result_pshow result_fshow result_ishow" > <input checked type="checkbox" value="result_p" onclick="toggleResult(this)"/><span class="pass-label">P</span>ass<input checked type="checkbox" value="result_f" onclick="toggleResult(this)"/><span class="fail-label">F</span>ail<input checked type="checkbox" value="result_i" onclick="toggleResult(this)"/><span class="info-label">I</span>nfo<div  class="info"><span class="info-label">I </span> <a href="response/Test1//ROLE-05.json" target="_blank">[View Response]</a> </div><div  class="info"><span class="info-label">I </span>Response Code : 200</div><div  class="fail"><span class="fail-label">F </span>Expected value should be "BCCE-3303" : Actual value is ""</div></div>]]>
    </line>
    <line>
      <![CDATA[<div class="result_pshow result_fshow result_ishow" > <input checked type="checkbox" value="result_p" onclick="toggleResult(this)"/><span class="pass-label">P</span>ass<input checked type="checkbox" value="result_f" onclick="toggleResult(this)"/><span class="fail-label">F</span>ail<input checked type="checkbox" value="result_i" onclick="toggleResult(this)"/><span class="info-label">I</span>nfo</div>]]>
    </line>
    <line>
      <![CDATA[<div class="result_pshow result_fshow result_ishow" > <input checked type="checkbox" value="result_p" onclick="toggleResult(this)"/><span class="pass-label">P</span>ass<input checked type="checkbox" value="result_f" onclick="toggleResult(this)"/><span class="fail-label">F</span>ail<input checked type="checkbox" value="result_i" onclick="toggleResult(this)"/><span class="info-label">I</span>nfo</div>]]>
    </line>
    <line>
      <![CDATA[<div class="result_pshow result_fshow result_ishow" > <input checked type="checkbox" value="result_p" onclick="toggleResult(this)"/><span class="pass-label">P</span>ass<input checked type="checkbox" value="result_f" onclick="toggleResult(this)"/><span class="fail-label">F</span>ail<input checked type="checkbox" value="result_i" onclick="toggleResult(this)"/><span class="info-label">I</span>nfo<div  class="info"><span class="info-label">I </span> <a href="response/Test1//USER-05.json" target="_blank">[View Response]</a> </div><div  class="info"><span class="info-label">I </span>Response Code : 200</div><div  class="fail"><span class="fail-label">F </span>Expected value should be "BCCE-3303" : Actual value is ""</div></div>]]>
    </line>
    <line>
      <![CDATA[<div class="result_pshow result_fshow result_ishow" > <input checked type="checkbox" value="result_p" onclick="toggleResult(this)"/><span class="pass-label">P</span>ass<input checked type="checkbox" value="result_f" onclick="toggleResult(this)"/><span class="fail-label">F</span>ail<input checked type="checkbox" value="result_i" onclick="toggleResult(this)"/><span class="info-label">I</span>nfo</div>]]>
    </line>
    <line>
      <![CDATA[<div class="result_pshow result_fshow result_ishow" > <input checked type="checkbox" value="result_p" onclick="toggleResult(this)"/><span class="pass-label">P</span>ass<input checked type="checkbox" value="result_f" onclick="toggleResult(this)"/><span class="fail-label">F</span>ail<input checked type="checkbox" value="result_i" onclick="toggleResult(this)"/><span class="info-label">I</span>nfo<div  class="info"><span class="info-label">I </span> <a href="response/Test1//ROLE-07.json" target="_blank">[View Response]</a> </div><div  class="info"><span class="info-label">I </span>Response Code : 200</div><div  class="fail"><span class="fail-label">F </span>Expected value should be "BCCE-3202" : Actual value is ""</div></div>]]>
    </line>
    <line>
      <![CDATA[<div class="result_pshow result_fshow result_ishow" > <input checked type="checkbox" value="result_p" onclick="toggleResult(this)"/><span class="pass-label">P</span>ass<input checked type="checkbox" value="result_f" onclick="toggleResult(this)"/><span class="fail-label">F</span>ail<input checked type="checkbox" value="result_i" onclick="toggleResult(this)"/><span class="info-label">I</span>nfo<div  class="info"><span class="info-label">I </span> <a href="response/Test1//USER-07.json" target="_blank">[View Response]</a> </div><div  class="info"><span class="info-label">I </span>Response Code : 200</div><div  class="pass"><span class="pass-label">P </span>Expected value should not be "'[]'" : Actual value is "[]"</div></div>]]>
    </line>
    <line>
      <![CDATA[<div class="result_pshow result_fshow result_ishow" > <input checked type="checkbox" value="result_p" onclick="toggleResult(this)"/><span class="pass-label">P</span>ass<input checked type="checkbox" value="result_f" onclick="toggleResult(this)"/><span class="fail-label">F</span>ail<input checked type="checkbox" value="result_i" onclick="toggleResult(this)"/><span class="info-label">I</span>nfo<div  class="info"><span class="info-label">I </span> <a href="response/Test1//ROLE-08.json" target="_blank">[View Response]</a> </div><div  class="info"><span class="info-label">I </span>Response Code : 200</div><div  class="pass"><span class="pass-label">P </span>Expected value should not be "'[]'" : Actual value is "[]"</div></div>]]>
    </line>
  </reporter-output>
  <suite name="Suite" duration-ms="20450" started-at="2021-08-25T02:22:59Z" finished-at="2021-08-25T02:23:19Z">
    <groups>
    </groups>
    <test name="Test1" duration-ms="20450" started-at="2021-08-25T02:22:59Z" finished-at="2021-08-25T02:23:19Z">
      <class name="com.tibco.rest.restAssured.RestAssuredConfiguration">
        <test-method status="PASS" signature="setup(org.testng.ITestContext, java.lang.String, java.lang.String, java.lang.String, java.lang.String, java.lang.String, java.lang.String, java.lang.String, java.lang.String)[pri:0, instance:com.tibco.rest.restAssured.RestAssuredConfiguration@3d921e20]" test-instance-name="" name="setup" is-config="true" duration-ms="1388" started-at="2021-08-25T07:52:59Z" finished-at="2021-08-25T07:53:00Z">
          <params>
            <param index="0">
              <value>
                <![CDATA[org.testng.TestRunner@27068a50]]>
              </value>
            </param>
            <param index="1">
              <value is-null="true"/>
            </param>
            <param index="2">
              <value is-null="true"/>
            </param>
            <param index="3">
              <value is-null="true"/>
            </param>
            <param index="4">
              <value is-null="true"/>
            </param>
            <param index="5">
              <value is-null="true"/>
            </param>
            <param index="6">
              <value is-null="true"/>
            </param>
            <param index="7">
              <value is-null="true"/>
            </param>
            <param index="8">
              <value is-null="true"/>
            </param>
          </params>
          <reporter-output>
          </reporter-output>
        </test-method> <!-- setup -->
        <test-method status="PASS" signature="afterSuite()[pri:0, instance:com.tibco.rest.restAssured.RestAssuredConfiguration@3d921e20]" test-instance-name="" name="afterSuite" is-config="true" duration-ms="1" started-at="2021-08-25T07:53:20Z" finished-at="2021-08-25T07:53:20Z">
          <reporter-output>
          </reporter-output>
        </test-method> <!-- afterSuite -->
      </class> <!-- com.tibco.rest.restAssured.RestAssuredConfiguration -->
      <class name="com.tibco.rest.test.DataDrivenTestCases">
        <test-method status="PASS" signature="setupMethod([Ljava.lang.Object;)[pri:0, instance:com.tibco.rest.test.DataDrivenTestCases@36b4cef0]" test-instance-name="ROLE-08" name="setupMethod" is-config="true" duration-ms="1" started-at="2021-08-25T07:53:02Z" finished-at="2021-08-25T07:53:02Z">
          <params>
            <param index="0">
              <value>
                <![CDATA[[Ljava.lang.Object;@68e62ca4]]>
              </value>
            </param>
          </params>
          <reporter-output>
          </reporter-output>
        </test-method> <!-- setupMethod -->
        <test-method status="FAIL" signature="testcase(java.lang.String, java.lang.String, java.lang.String, java.lang.String, java.lang.String, java.lang.String, java.lang.String, java.lang.String, java.lang.String, java.lang.String, java.lang.String, java.lang.String)[pri:0, instance:com.tibco.rest.test.DataDrivenTestCases@36b4cef0]" test-instance-name="ROLE-08" name="testcase" duration-ms="4931" started-at="2021-08-25T07:53:02Z" data-provider="GetTCData" finished-at="2021-08-25T07:53:07Z">
          <params>
            <param index="0">
              <value>
                <![CDATA[Feature-01]]>
              </value>
            </param>
            <param index="1">
              <value>
                <![CDATA[GET]]>
              </value>
            </param>
            <param index="2">
              <value>
                <![CDATA[/features]]>
              </value>
            </param>
            <param index="3">
              <value is-null="true"/>
            </param>
            <param index="4">
              <value>
                <![CDATA[application/json]]>
              </value>
            </param>
            <param index="5">
              <value is-null="true"/>
            </param>
            <param index="6">
              <value>
                <![CDATA[$[0]..category]]>
              </value>
            </param>
            <param index="7">
              <value>
                <![CDATA[~]]>
              </value>
            </param>
            <param index="8">
              <value>
                <![CDATA[["Data"]]]>
              </value>
            </param>
            <param index="9">
              <value is-null="true"/>
            </param>
            <param index="10">
              <value is-null="true"/>
            </param>
            <param index="11">
              <value>
                <![CDATA[null]]>
              </value>
            </param>
          </params>
          <exception class="java.lang.AssertionError">
            <message>
              <![CDATA[Unable to store response string to variable or couldn't received response.]]>
            </message>
            <full-stacktrace>
              <![CDATA[java.lang.AssertionError: Unable to store response string to variable or couldn't received response.
	at com.tibco.rest.restAssured.Assertions.assertTrue(Assertions.java:166)
	at com.tibco.rest.test.DataDrivenTestCases.testcase(DataDrivenTestCases.java:415)
	at sun.reflect.NativeMethodAccessorImpl.invoke0(Native Method)
	at sun.reflect.NativeMethodAccessorImpl.invoke(Unknown Source)
	at sun.reflect.DelegatingMethodAccessorImpl.invoke(Unknown Source)
	at java.lang.reflect.Method.invoke(Unknown Source)
	at org.testng.internal.MethodInvocationHelper.invokeMethod(MethodInvocationHelper.java:108)
	at org.testng.internal.Invoker.invokeMethod(Invoker.java:661)
	at org.testng.internal.Invoker.invokeTestMethod(Invoker.java:869)
	at org.testng.internal.Invoker.invokeTestMethods(Invoker.java:1193)
	at org.testng.internal.TestMethodWorker.invokeTestMethods(TestMethodWorker.java:126)
	at org.testng.internal.TestMethodWorker.run(TestMethodWorker.java:109)
	at org.testng.TestRunner.privateRun(TestRunner.java:744)
	at org.testng.TestRunner.run(TestRunner.java:602)
	at org.testng.SuiteRunner.runTest(SuiteRunner.java:380)
	at org.testng.SuiteRunner.runSequentially(SuiteRunner.java:375)
	at org.testng.SuiteRunner.privateRun(SuiteRunner.java:340)
	at org.testng.SuiteRunner.run(SuiteRunner.java:289)
	at org.testng.SuiteRunnerWorker.runSuite(SuiteRunnerWorker.java:52)
	at org.testng.SuiteRunnerWorker.run(SuiteRunnerWorker.java:86)
	at org.testng.TestNG.runSuitesSequentially(TestNG.java:1301)
	at org.testng.TestNG.runSuitesLocally(TestNG.java:1226)
	at org.testng.TestNG.runSuites(TestNG.java:1144)
	at org.testng.TestNG.run(TestNG.java:1115)
	at org.testng.TestNG.privateMain(TestNG.java:1442)
	at org.testng.TestNG.main(TestNG.java:1411)
]]>
            </full-stacktrace>
          </exception> <!-- java.lang.AssertionError -->
          <reporter-output>
            <line>
              <![CDATA[<div class="result_pshow result_fshow result_ishow" > <input checked type="checkbox" value="result_p" onclick="toggleResult(this)"/><span class="pass-label">P</span>ass<input checked type="checkbox" value="result_f" onclick="toggleResult(this)"/><span class="fail-label">F</span>ail<input checked type="checkbox" value="result_i" onclick="toggleResult(this)"/><span class="info-label">I</span>nfo<div  class="info"><span class="info-label">I </span> <a href="response/Test1//Feature-01.json" target="_blank">[View Response]</a> </div><div  class="info"><span class="info-label">I </span>Response Code : 500</div><div  class="fail"><span class="fail-label">F </span>Unable to store response string to variable or couldn't received response.</div></div>]]>
            </line>
          </reporter-output>
        </test-method> <!-- testcase -->
        <test-method status="PASS" signature="afterMethod(org.testng.ITestContext, org.testng.ITestResult, [Ljava.lang.Object;)[pri:0, instance:com.tibco.rest.test.DataDrivenTestCases@36b4cef0]" test-instance-name="ROLE-08" name="afterMethod" is-config="true" duration-ms="0" started-at="2021-08-25T07:53:07Z" finished-at="2021-08-25T07:53:07Z">
          <params>
            <param index="0">
              <value>
                <![CDATA[org.testng.TestRunner@27068a50]]>
              </value>
            </param>
            <param index="1">
              <value>
                <![CDATA[[TestResult name=Feature-01 status=FAILURE method=DataDrivenTestCases.testcase(java.lang.String, java.lang.String, java.lang.String, java.lang.String, java.lang.String, java.lang.String, java.lang.String, java.lang.String, java.lang.String, java.lang.String, java.lang.String, java.lang.String)[pri:0, instance:com.tibco.rest.test.DataDrivenTestCases@36b4cef0] output=<div class="result_pshow result_fshow result_ishow" > <input checked type="checkbox" value="result_p" onclick="toggleResult(this)"/><span class="pass-label">P</span>ass<input checked type="checkbox" value="result_f" onclick="toggleResult(this)"/><span class="fail-label">F</span>ail<input checked type="checkbox" value="result_i" onclick="toggleResult(this)"/><span class="info-label">I</span>nfo<div  class="info"><span class="info-label">I </span> <a href="response/Test1//Feature-01.json" target="_blank">[View Response]</a> </div><div  class="info"><span class="info-label">I </span>Response Code : 500</div><div  class="fail"><span class="fail-label">F </span>Unable to store response string to variable or couldn't received response.</div></div>]]]>
              </value>
            </param>
            <param index="2">
              <value>
                <![CDATA[[Ljava.lang.Object;@68e62ca4]]>
              </value>
            </param>
          </params>
          <reporter-output>
          </reporter-output>
        </test-method> <!-- afterMethod -->
        <test-method status="FAIL" signature="testcase(java.lang.String, java.lang.String, java.lang.String, java.lang.String, java.lang.String, java.lang.String, java.lang.String, java.lang.String, java.lang.String, java.lang.String, java.lang.String, java.lang.String)[pri:0, instance:com.tibco.rest.test.DataDrivenTestCases@36b4cef0]" test-instance-name="ROLE-08" name="testcase" duration-ms="1337" started-at="2021-08-25T07:53:07Z" data-provider="GetTCData" finished-at="2021-08-25T07:53:08Z">
          <params>
            <param index="0">
              <value>
                <![CDATA[ROLE-01]]>
              </value>
            </param>
            <param index="1">
              <value>
                <![CDATA[POST]]>
              </value>
            </param>
            <param index="2">
              <value>
                <![CDATA[/roles]]>
              </value>
            </param>
            <param index="3">
              <value is-null="true"/>
            </param>
            <param index="4">
              <value>
                <![CDATA[application/json]]>
              </value>
            </param>
            <param index="5">
              <value>
                <![CDATA[{
  "roleName": "Auto Role",
  "description": "Role Auto Desc",
  "featurePermissions": [
    {
      "featureID": 1,
      "isRead": true,
      "isWrite": true
    },
{
      "featureID": 11,
      "isRead": true,
      "isWrite": false
    }
  ]
}]]>
              </value>
            </param>
            <param index="6">
              <value>
                <![CDATA[$..roleID]]>
              </value>
            </param>
            <param index="7">
              <value>
                <![CDATA[!=]]>
              </value>
            </param>
            <param index="8">
              <value>
                <![CDATA[["[]"]]]>
              </value>
            </param>
            <param index="9">
              <value>
                <![CDATA[roleID01]]>
              </value>
            </param>
            <param index="10">
              <value is-null="true"/>
            </param>
            <param index="11">
              <value>
                <![CDATA[null]]>
              </value>
            </param>
          </params>
          <exception class="java.lang.AssertionError">
            <message>
              <![CDATA[Expected value should not be "[]" : Actual value is "[]"]]>
            </message>
            <full-stacktrace>
              <![CDATA[java.lang.AssertionError: Expected value should not be "[]" : Actual value is "[]"
	at com.tibco.rest.restAssured.Assertions.assertTrue(Assertions.java:166)
	at com.tibco.rest.restAssured.Assertions.assertNotEquals(Assertions.java:196)
	at com.tibco.rest.test.DataDrivenTestCases.verifyResponse(DataDrivenTestCases.java:520)
	at com.tibco.rest.test.DataDrivenTestCases.testcase(DataDrivenTestCases.java:344)
	at sun.reflect.NativeMethodAccessorImpl.invoke0(Native Method)
	at sun.reflect.NativeMethodAccessorImpl.invoke(Unknown Source)
	at sun.reflect.DelegatingMethodAccessorImpl.invoke(Unknown Source)
	at java.lang.reflect.Method.invoke(Unknown Source)
	at org.testng.internal.MethodInvocationHelper.invokeMethod(MethodInvocationHelper.java:108)
	at org.testng.internal.Invoker.invokeMethod(Invoker.java:661)
	at org.testng.internal.Invoker.invokeTestMethod(Invoker.java:869)
	at org.testng.internal.Invoker.invokeTestMethods(Invoker.java:1193)
	at org.testng.internal.TestMethodWorker.invokeTestMethods(TestMethodWorker.java:126)
	at org.testng.internal.TestMethodWorker.run(TestMethodWorker.java:109)
	at org.testng.TestRunner.privateRun(TestRunner.java:744)
	at org.testng.TestRunner.run(TestRunner.java:602)
	at org.testng.SuiteRunner.runTest(SuiteRunner.java:380)
	at org.testng.SuiteRunner.runSequentially(SuiteRunner.java:375)
	at org.testng.SuiteRunner.privateRun(SuiteRunner.java:340)
	at org.testng.SuiteRunner.run(SuiteRunner.java:289)
	at org.testng.SuiteRunnerWorker.runSuite(SuiteRunnerWorker.java:52)
	at org.testng.SuiteRunnerWorker.run(SuiteRunnerWorker.java:86)
	at org.testng.TestNG.runSuitesSequentially(TestNG.java:1301)
	at org.testng.TestNG.runSuitesLocally(TestNG.java:1226)
	at org.testng.TestNG.runSuites(TestNG.java:1144)
	at org.testng.TestNG.run(TestNG.java:1115)
	at org.testng.TestNG.privateMain(TestNG.java:1442)
	at org.testng.TestNG.main(TestNG.java:1411)
]]>
            </full-stacktrace>
          </exception> <!-- java.lang.AssertionError -->
          <reporter-output>
            <line>
              <![CDATA[<div class="result_pshow result_fshow result_ishow" > <input checked type="checkbox" value="result_p" onclick="toggleResult(this)"/><span class="pass-label">P</span>ass<input checked type="checkbox" value="result_f" onclick="toggleResult(this)"/><span class="fail-label">F</span>ail<input checked type="checkbox" value="result_i" onclick="toggleResult(this)"/><span class="info-label">I</span>nfo<div  class="info"><span class="info-label">I </span> <a href="response/Test1//ROLE-01.json" target="_blank">[View Response]</a> </div><div  class="info"><span class="info-label">I </span>Response Code : 500</div><div  class="fail"><span class="fail-label">F </span>Expected value should not be "[]" : Actual value is "[]"</div></div>]]>
            </line>
          </reporter-output>
        </test-method> <!-- testcase -->
        <test-method status="PASS" signature="setupMethod([Ljava.lang.Object;)[pri:0, instance:com.tibco.rest.test.DataDrivenTestCases@36b4cef0]" test-instance-name="ROLE-08" name="setupMethod" is-config="true" duration-ms="0" started-at="2021-08-25T07:53:07Z" finished-at="2021-08-25T07:53:07Z">
          <params>
            <param index="0">
              <value>
                <![CDATA[[Ljava.lang.Object;@5328a9c1]]>
              </value>
            </param>
          </params>
          <reporter-output>
          </reporter-output>
        </test-method> <!-- setupMethod -->
        <test-method status="PASS" signature="afterMethod(org.testng.ITestContext, org.testng.ITestResult, [Ljava.lang.Object;)[pri:0, instance:com.tibco.rest.test.DataDrivenTestCases@36b4cef0]" test-instance-name="ROLE-08" name="afterMethod" is-config="true" duration-ms="1" started-at="2021-08-25T07:53:08Z" finished-at="2021-08-25T07:53:08Z">
          <params>
            <param index="0">
              <value>
                <![CDATA[org.testng.TestRunner@27068a50]]>
              </value>
            </param>
            <param index="1">
              <value>
                <![CDATA[[TestResult name=ROLE-01 status=FAILURE method=DataDrivenTestCases.testcase(java.lang.String, java.lang.String, java.lang.String, java.lang.String, java.lang.String, java.lang.String, java.lang.String, java.lang.String, java.lang.String, java.lang.String, java.lang.String, java.lang.String)[pri:0, instance:com.tibco.rest.test.DataDrivenTestCases@36b4cef0] output=<div class="result_pshow result_fshow result_ishow" > <input checked type="checkbox" value="result_p" onclick="toggleResult(this)"/><span class="pass-label">P</span>ass<input checked type="checkbox" value="result_f" onclick="toggleResult(this)"/><span class="fail-label">F</span>ail<input checked type="checkbox" value="result_i" onclick="toggleResult(this)"/><span class="info-label">I</span>nfo<div  class="info"><span class="info-label">I </span> <a href="response/Test1//ROLE-01.json" target="_blank">[View Response]</a> </div><div  class="info"><span class="info-label">I </span>Response Code : 500</div><div  class="fail"><span class="fail-label">F </span>Expected value should not be "[]" : Actual value is "[]"</div></div>]]]>
              </value>
            </param>
            <param index="2">
              <value>
                <![CDATA[[Ljava.lang.Object;@5328a9c1]]>
              </value>
            </param>
          </params>
          <reporter-output>
          </reporter-output>
        </test-method> <!-- afterMethod -->
        <test-method status="PASS" signature="setupMethod([Ljava.lang.Object;)[pri:0, instance:com.tibco.rest.test.DataDrivenTestCases@36b4cef0]" test-instance-name="ROLE-08" name="setupMethod" is-config="true" duration-ms="2" started-at="2021-08-25T07:53:08Z" finished-at="2021-08-25T07:53:08Z">
          <params>
            <param index="0">
              <value>
                <![CDATA[[Ljava.lang.Object;@5b78fdb1]]>
              </value>
            </param>
          </params>
          <reporter-output>
          </reporter-output>
        </test-method> <!-- setupMethod -->
        <test-method status="FAIL" signature="testcase(java.lang.String, java.lang.String, java.lang.String, java.lang.String, java.lang.String, java.lang.String, java.lang.String, java.lang.String, java.lang.String, java.lang.String, java.lang.String, java.lang.String)[pri:0, instance:com.tibco.rest.test.DataDrivenTestCases@36b4cef0]" test-instance-name="ROLE-08" name="testcase" duration-ms="2322" started-at="2021-08-25T07:53:08Z" data-provider="GetTCData" finished-at="2021-08-25T07:53:10Z">
          <params>
            <param index="0">
              <value>
                <![CDATA[USER-01]]>
              </value>
            </param>
            <param index="1">
              <value>
                <![CDATA[POST]]>
              </value>
            </param>
            <param index="2">
              <value>
                <![CDATA[/users]]>
              </value>
            </param>
            <param index="3">
              <value is-null="true"/>
            </param>
            <param index="4">
              <value>
                <![CDATA[application/json]]>
              </value>
            </param>
            <param index="5">
              <value>
                <![CDATA[{
  "userType": "Internal",
  "userName": "Auto user",
  "password": "password",
  "email": "auto@test.com",
  "roleIDs": [
   "${ROLE-01.roleID01}"
]
  
}]]>
              </value>
            </param>
            <param index="6">
              <value>
                <![CDATA[$..userID]]>
              </value>
            </param>
            <param index="7">
              <value>
                <![CDATA[!=]]>
              </value>
            </param>
            <param index="8">
              <value>
                <![CDATA[["[]"]]]>
              </value>
            </param>
            <param index="9">
              <value>
                <![CDATA[userID01]]>
              </value>
            </param>
            <param index="10">
              <value is-null="true"/>
            </param>
            <param index="11">
              <value>
                <![CDATA[null]]>
              </value>
            </param>
          </params>
          <exception class="java.lang.AssertionError">
            <message>
              <![CDATA[Expected value should not be "[]" : Actual value is "[]"]]>
            </message>
            <full-stacktrace>
              <![CDATA[java.lang.AssertionError: Expected value should not be "[]" : Actual value is "[]"
	at com.tibco.rest.restAssured.Assertions.assertTrue(Assertions.java:166)
	at com.tibco.rest.restAssured.Assertions.assertNotEquals(Assertions.java:196)
	at com.tibco.rest.test.DataDrivenTestCases.verifyResponse(DataDrivenTestCases.java:520)
	at com.tibco.rest.test.DataDrivenTestCases.testcase(DataDrivenTestCases.java:344)
	at sun.reflect.NativeMethodAccessorImpl.invoke0(Native Method)
	at sun.reflect.NativeMethodAccessorImpl.invoke(Unknown Source)
	at sun.reflect.DelegatingMethodAccessorImpl.invoke(Unknown Source)
	at java.lang.reflect.Method.invoke(Unknown Source)
	at org.testng.internal.MethodInvocationHelper.invokeMethod(MethodInvocationHelper.java:108)
	at org.testng.internal.Invoker.invokeMethod(Invoker.java:661)
	at org.testng.internal.Invoker.invokeTestMethod(Invoker.java:869)
	at org.testng.internal.Invoker.invokeTestMethods(Invoker.java:1193)
	at org.testng.internal.TestMethodWorker.invokeTestMethods(TestMethodWorker.java:126)
	at org.testng.internal.TestMethodWorker.run(TestMethodWorker.java:109)
	at org.testng.TestRunner.privateRun(TestRunner.java:744)
	at org.testng.TestRunner.run(TestRunner.java:602)
	at org.testng.SuiteRunner.runTest(SuiteRunner.java:380)
	at org.testng.SuiteRunner.runSequentially(SuiteRunner.java:375)
	at org.testng.SuiteRunner.privateRun(SuiteRunner.java:340)
	at org.testng.SuiteRunner.run(SuiteRunner.java:289)
	at org.testng.SuiteRunnerWorker.runSuite(SuiteRunnerWorker.java:52)
	at org.testng.SuiteRunnerWorker.run(SuiteRunnerWorker.java:86)
	at org.testng.TestNG.runSuitesSequentially(TestNG.java:1301)
	at org.testng.TestNG.runSuitesLocally(TestNG.java:1226)
	at org.testng.TestNG.runSuites(TestNG.java:1144)
	at org.testng.TestNG.run(TestNG.java:1115)
	at org.testng.TestNG.privateMain(TestNG.java:1442)
	at org.testng.TestNG.main(TestNG.java:1411)
]]>
            </full-stacktrace>
          </exception> <!-- java.lang.AssertionError -->
          <reporter-output>
            <line>
              <![CDATA[<div class="result_pshow result_fshow result_ishow" > <input checked type="checkbox" value="result_p" onclick="toggleResult(this)"/><span class="pass-label">P</span>ass<input checked type="checkbox" value="result_f" onclick="toggleResult(this)"/><span class="fail-label">F</span>ail<input checked type="checkbox" value="result_i" onclick="toggleResult(this)"/><span class="info-label">I</span>nfo<div  class="info"><span class="info-label">I </span> <a href="response/Test1//USER-01.json" target="_blank">[View Response]</a> </div><div  class="info"><span class="info-label">I </span>Response Code : 500</div><div  class="fail"><span class="fail-label">F </span>Expected value should not be "[]" : Actual value is "[]"</div></div>]]>
            </line>
          </reporter-output>
        </test-method> <!-- testcase -->
        <test-method status="PASS" signature="afterMethod(org.testng.ITestContext, org.testng.ITestResult, [Ljava.lang.Object;)[pri:0, instance:com.tibco.rest.test.DataDrivenTestCases@36b4cef0]" test-instance-name="ROLE-08" name="afterMethod" is-config="true" duration-ms="1" started-at="2021-08-25T07:53:10Z" finished-at="2021-08-25T07:53:10Z">
          <params>
            <param index="0">
              <value>
                <![CDATA[org.testng.TestRunner@27068a50]]>
              </value>
            </param>
            <param index="1">
              <value>
                <![CDATA[[TestResult name=USER-01 status=FAILURE method=DataDrivenTestCases.testcase(java.lang.String, java.lang.String, java.lang.String, java.lang.String, java.lang.String, java.lang.String, java.lang.String, java.lang.String, java.lang.String, java.lang.String, java.lang.String, java.lang.String)[pri:0, instance:com.tibco.rest.test.DataDrivenTestCases@36b4cef0] output=<div class="result_pshow result_fshow result_ishow" > <input checked type="checkbox" value="result_p" onclick="toggleResult(this)"/><span class="pass-label">P</span>ass<input checked type="checkbox" value="result_f" onclick="toggleResult(this)"/><span class="fail-label">F</span>ail<input checked type="checkbox" value="result_i" onclick="toggleResult(this)"/><span class="info-label">I</span>nfo<div  class="info"><span class="info-label">I </span> <a href="response/Test1//USER-01.json" target="_blank">[View Response]</a> </div><div  class="info"><span class="info-label">I </span>Response Code : 500</div><div  class="fail"><span class="fail-label">F </span>Expected value should not be "[]" : Actual value is "[]"</div></div>]]]>
              </value>
            </param>
            <param index="2">
              <value>
                <![CDATA[[Ljava.lang.Object;@5b78fdb1]]>
              </value>
            </param>
          </params>
          <reporter-output>
          </reporter-output>
        </test-method> <!-- afterMethod -->
        <test-method status="PASS" signature="setupMethod([Ljava.lang.Object;)[pri:0, instance:com.tibco.rest.test.DataDrivenTestCases@36b4cef0]" test-instance-name="ROLE-08" name="setupMethod" is-config="true" duration-ms="2" started-at="2021-08-25T07:53:10Z" finished-at="2021-08-25T07:53:10Z">
          <params>
            <param index="0">
              <value>
                <![CDATA[[Ljava.lang.Object;@48bfb884]]>
              </value>
            </param>
          </params>
          <reporter-output>
          </reporter-output>
        </test-method> <!-- setupMethod -->
        <test-method status="FAIL" signature="testcase(java.lang.String, java.lang.String, java.lang.String, java.lang.String, java.lang.String, java.lang.String, java.lang.String, java.lang.String, java.lang.String, java.lang.String, java.lang.String, java.lang.String)[pri:0, instance:com.tibco.rest.test.DataDrivenTestCases@36b4cef0]" test-instance-name="ROLE-08" name="testcase" duration-ms="43" started-at="2021-08-25T07:53:10Z" data-provider="GetTCData" finished-at="2021-08-25T07:53:11Z">
          <params>
            <param index="0">
              <value>
                <![CDATA[ROLE-02]]>
              </value>
            </param>
            <param index="1">
              <value>
                <![CDATA[GET]]>
              </value>
            </param>
            <param index="2">
              <value>
                <![CDATA[/roles/${ROLE-01.roleID01}]]>
              </value>
            </param>
            <param index="3">
              <value is-null="true"/>
            </param>
            <param index="4">
              <value>
                <![CDATA[application/json]]>
              </value>
            </param>
            <param index="5">
              <value is-null="true"/>
            </param>
            <param index="6">
              <value>
                <![CDATA[$..roleName]]>
              </value>
            </param>
            <param index="7">
              <value>
                <![CDATA[=]]>
              </value>
            </param>
            <param index="8">
              <value>
                <![CDATA[["Auto Role"]]]>
              </value>
            </param>
            <param index="9">
              <value is-null="true"/>
            </param>
            <param index="10">
              <value is-null="true"/>
            </param>
            <param index="11">
              <value>
                <![CDATA[null]]>
              </value>
            </param>
          </params>
          <exception class="java.net.URISyntaxException">
            <message>
              <![CDATA[Illegal character in path at index 39: http://10.102.16.61:30001/cms/v1/roles/[]]]>
            </message>
            <full-stacktrace>
              <![CDATA[java.net.URISyntaxException: Illegal character in path at index 39: http://10.102.16.61:30001/cms/v1/roles/[]
	at java.net.URI$Parser.fail(Unknown Source)
	at java.net.URI$Parser.checkChars(Unknown Source)
	at java.net.URI$Parser.parseHierarchical(Unknown Source)
	at java.net.URI$Parser.parse(Unknown Source)
	at java.net.URI.<init>(Unknown Source)
	at io.restassured.internal.http.URIBuilder.convertToURI(URIBuilder.java:91)
	at io.restassured.internal.http.URIBuilder$convertToURI.call(Unknown Source)
	at io.restassured.internal.RequestSpecificationImpl.generateRequestUriForLogging(RequestSpecificationImpl.groovy:1193)
	at sun.reflect.NativeMethodAccessorImpl.invoke0(Native Method)
	at sun.reflect.NativeMethodAccessorImpl.invoke(Unknown Source)
	at sun.reflect.DelegatingMethodAccessorImpl.invoke(Unknown Source)
	at java.lang.reflect.Method.invoke(Unknown Source)
	at org.codehaus.groovy.reflection.CachedMethod.invoke(CachedMethod.java:93)
	at groovy.lang.MetaMethod.doMethodInvoke(MetaMethod.java:325)
	at groovy.lang.MetaClassImpl.invokeMethod(MetaClassImpl.java:1218)
	at groovy.lang.MetaClassImpl.invokeMethod(MetaClassImpl.java:1027)
	at groovy.lang.MetaClassImpl.invokeMethod(MetaClassImpl.java:815)
	at io.restassured.internal.RequestSpecificationImpl.invokeMethod(RequestSpecificationImpl.groovy)
	at org.codehaus.groovy.runtime.callsite.PogoInterceptableSite.call(PogoInterceptableSite.java:48)
	at org.codehaus.groovy.runtime.callsite.PogoInterceptableSite.callCurrent(PogoInterceptableSite.java:58)
	at org.codehaus.groovy.runtime.callsite.AbstractCallSite.callCurrent(AbstractCallSite.java:174)
	at io.restassured.internal.RequestSpecificationImpl.newFilterContext(RequestSpecificationImpl.groovy:1154)
	at sun.reflect.NativeMethodAccessorImpl.invoke0(Native Method)
	at sun.reflect.NativeMethodAccessorImpl.invoke(Unknown Source)
	at sun.reflect.DelegatingMethodAccessorImpl.invoke(Unknown Source)
	at java.lang.reflect.Method.invoke(Unknown Source)
	at org.codehaus.groovy.reflection.CachedMethod.invoke(CachedMethod.java:93)
	at groovy.lang.MetaMethod.doMethodInvoke(MetaMethod.java:325)
	at groovy.lang.MetaClassImpl.invokeMethod(MetaClassImpl.java:1218)
	at groovy.lang.MetaClassImpl.invokeMethod(MetaClassImpl.java:1027)
	at groovy.lang.MetaClassImpl.invokeMethod(MetaClassImpl.java:815)
	at io.restassured.internal.RequestSpecificationImpl.invokeMethod(RequestSpecificationImpl.groovy)
	at org.codehaus.groovy.runtime.callsite.PogoInterceptableSite.call(PogoInterceptableSite.java:48)
	at org.codehaus.groovy.runtime.callsite.PogoInterceptableSite.callCurrent(PogoInterceptableSite.java:58)
	at org.codehaus.groovy.runtime.callsite.AbstractCallSite.callCurrent(AbstractCallSite.java:182)
	at io.restassured.internal.RequestSpecificationImpl.applyPathParamsAndSendRequest(RequestSpecificationImpl.groovy:1729)
	at sun.reflect.NativeMethodAccessorImpl.invoke0(Native Method)
	at sun.reflect.NativeMethodAccessorImpl.invoke(Unknown Source)
	at sun.reflect.DelegatingMethodAccessorImpl.invoke(Unknown Source)
	at java.lang.reflect.Method.invoke(Unknown Source)
	at org.codehaus.groovy.reflection.CachedMethod.invoke(CachedMethod.java:93)
	at groovy.lang.MetaMethod.doMethodInvoke(MetaMethod.java:325)
	at groovy.lang.MetaClassImpl.invokeMethod(MetaClassImpl.java:1218)
	at groovy.lang.MetaClassImpl.invokeMethod(MetaClassImpl.java:1027)
	at groovy.lang.MetaClassImpl.invokeMethod(MetaClassImpl.java:815)
	at io.restassured.internal.RequestSpecificationImpl.invokeMethod(RequestSpecificationImpl.groovy)
	at org.codehaus.groovy.runtime.callsite.PogoInterceptableSite.call(PogoInterceptableSite.java:48)
	at org.codehaus.groovy.runtime.callsite.PogoInterceptableSite.callCurrent(PogoInterceptableSite.java:58)
	at org.codehaus.groovy.runtime.callsite.AbstractCallSite.callCurrent(AbstractCallSite.java:182)
	at io.restassured.internal.RequestSpecificationImpl.applyPathParamsAndSendRequest(RequestSpecificationImpl.groovy:1737)
	at sun.reflect.NativeMethodAccessorImpl.invoke0(Native Method)
	at sun.reflect.NativeMethodAccessorImpl.invoke(Unknown Source)
	at sun.reflect.DelegatingMethodAccessorImpl.invoke(Unknown Source)
	at java.lang.reflect.Method.invoke(Unknown Source)
	at org.codehaus.groovy.reflection.CachedMethod.invoke(CachedMethod.java:93)
	at groovy.lang.MetaMethod.doMethodInvoke(MetaMethod.java:325)
	at groovy.lang.MetaClassImpl.invokeMethod(MetaClassImpl.java:1218)
	at groovy.lang.MetaClassImpl.invokeMethod(MetaClassImpl.java:1027)
	at groovy.lang.MetaClassImpl.invokeMethod(MetaClassImpl.java:815)
	at io.restassured.internal.RequestSpecificationImpl.invokeMethod(RequestSpecificationImpl.groovy)
	at org.codehaus.groovy.runtime.callsite.PogoInterceptableSite.call(PogoInterceptableSite.java:48)
	at org.codehaus.groovy.runtime.callsite.PogoInterceptableSite.callCurrent(PogoInterceptableSite.java:58)
	at org.codehaus.groovy.runtime.callsite.AbstractCallSite.callCurrent(AbstractCallSite.java:182)
	at io.restassured.internal.RequestSpecificationImpl.get(RequestSpecificationImpl.groovy:170)
	at io.restassured.internal.RequestSpecificationImpl.get(RequestSpecificationImpl.groovy)
	at com.tibco.rest.test.DataDrivenTestCases.testcase(DataDrivenTestCases.java:210)
	at sun.reflect.NativeMethodAccessorImpl.invoke0(Native Method)
	at sun.reflect.NativeMethodAccessorImpl.invoke(Unknown Source)
	at sun.reflect.DelegatingMethodAccessorImpl.invoke(Unknown Source)
	at java.lang.reflect.Method.invoke(Unknown Source)
	at org.testng.internal.MethodInvocationHelper.invokeMethod(MethodInvocationHelper.java:108)
	at org.testng.internal.Invoker.invokeMethod(Invoker.java:661)
	at org.testng.internal.Invoker.invokeTestMethod(Invoker.java:869)
	at org.testng.internal.Invoker.invokeTestMethods(Invoker.java:1193)
	at org.testng.internal.TestMethodWorker.invokeTestMethods(TestMethodWorker.java:126)
	at org.testng.internal.TestMethodWorker.run(TestMethodWorker.java:109)
	at org.testng.TestRunner.privateRun(TestRunner.java:744)
	at org.testng.TestRunner.run(TestRunner.java:602)
	at org.testng.SuiteRunner.runTest(SuiteRunner.java:380)
	at org.testng.SuiteRunner.runSequentially(SuiteRunner.java:375)
	at org.testng.SuiteRunner.privateRun(SuiteRunner.java:340)
	at org.testng.SuiteRunner.run(SuiteRunner.java:289)
	at org.testng.SuiteRunnerWorker.runSuite(SuiteRunnerWorker.java:52)
	at org.testng.SuiteRunnerWorker.run(SuiteRunnerWorker.java:86)
	at org.testng.TestNG.runSuitesSequentially(TestNG.java:1301)
	at org.testng.TestNG.runSuitesLocally(TestNG.java:1226)
	at org.testng.TestNG.runSuites(TestNG.java:1144)
	at org.testng.TestNG.run(TestNG.java:1115)
	at org.testng.TestNG.privateMain(TestNG.java:1442)
	at org.testng.TestNG.main(TestNG.java:1411)
]]>
            </full-stacktrace>
          </exception> <!-- java.net.URISyntaxException -->
          <reporter-output>
            <line>
              <![CDATA[<div class="result_pshow result_fshow result_ishow" > <input checked type="checkbox" value="result_p" onclick="toggleResult(this)"/><span class="pass-label">P</span>ass<input checked type="checkbox" value="result_f" onclick="toggleResult(this)"/><span class="fail-label">F</span>ail<input checked type="checkbox" value="result_i" onclick="toggleResult(this)"/><span class="info-label">I</span>nfo</div>]]>
            </line>
          </reporter-output>
        </test-method> <!-- testcase -->
        <test-method status="PASS" signature="afterMethod(org.testng.ITestContext, org.testng.ITestResult, [Ljava.lang.Object;)[pri:0, instance:com.tibco.rest.test.DataDrivenTestCases@36b4cef0]" test-instance-name="ROLE-08" name="afterMethod" is-config="true" duration-ms="1" started-at="2021-08-25T07:53:11Z" finished-at="2021-08-25T07:53:11Z">
          <params>
            <param index="0">
              <value>
                <![CDATA[org.testng.TestRunner@27068a50]]>
              </value>
            </param>
            <param index="1">
              <value>
                <![CDATA[[TestResult name=ROLE-02 status=FAILURE method=DataDrivenTestCases.testcase(java.lang.String, java.lang.String, java.lang.String, java.lang.String, java.lang.String, java.lang.String, java.lang.String, java.lang.String, java.lang.String, java.lang.String, java.lang.String, java.lang.String)[pri:0, instance:com.tibco.rest.test.DataDrivenTestCases@36b4cef0] output=<div class="result_pshow result_fshow result_ishow" > <input checked type="checkbox" value="result_p" onclick="toggleResult(this)"/><span class="pass-label">P</span>ass<input checked type="checkbox" value="result_f" onclick="toggleResult(this)"/><span class="fail-label">F</span>ail<input checked type="checkbox" value="result_i" onclick="toggleResult(this)"/><span class="info-label">I</span>nfo</div>]]]>
              </value>
            </param>
            <param index="2">
              <value>
                <![CDATA[[Ljava.lang.Object;@48bfb884]]>
              </value>
            </param>
          </params>
          <reporter-output>
          </reporter-output>
        </test-method> <!-- afterMethod -->
        <test-method status="PASS" signature="setupMethod([Ljava.lang.Object;)[pri:0, instance:com.tibco.rest.test.DataDrivenTestCases@36b4cef0]" test-instance-name="ROLE-08" name="setupMethod" is-config="true" duration-ms="9" started-at="2021-08-25T07:53:11Z" finished-at="2021-08-25T07:53:11Z">
          <params>
            <param index="0">
              <value>
                <![CDATA[[Ljava.lang.Object;@11653e3b]]>
              </value>
            </param>
          </params>
          <reporter-output>
          </reporter-output>
        </test-method> <!-- setupMethod -->
        <test-method status="FAIL" signature="testcase(java.lang.String, java.lang.String, java.lang.String, java.lang.String, java.lang.String, java.lang.String, java.lang.String, java.lang.String, java.lang.String, java.lang.String, java.lang.String, java.lang.String)[pri:0, instance:com.tibco.rest.test.DataDrivenTestCases@36b4cef0]" test-instance-name="ROLE-08" name="testcase" duration-ms="18" started-at="2021-08-25T07:53:11Z" data-provider="GetTCData" finished-at="2021-08-25T07:53:11Z">
          <params>
            <param index="0">
              <value>
                <![CDATA[USER-02]]>
              </value>
            </param>
            <param index="1">
              <value>
                <![CDATA[GET]]>
              </value>
            </param>
            <param index="2">
              <value>
                <![CDATA[/users/${USER-01.userID01}]]>
              </value>
            </param>
            <param index="3">
              <value is-null="true"/>
            </param>
            <param index="4">
              <value>
                <![CDATA[application/json]]>
              </value>
            </param>
            <param index="5">
              <value is-null="true"/>
            </param>
            <param index="6">
              <value>
                <![CDATA[$..userName]]>
              </value>
            </param>
            <param index="7">
              <value>
                <![CDATA[=]]>
              </value>
            </param>
            <param index="8">
              <value>
                <![CDATA[["Auto user"]]]>
              </value>
            </param>
            <param index="9">
              <value is-null="true"/>
            </param>
            <param index="10">
              <value is-null="true"/>
            </param>
            <param index="11">
              <value>
                <![CDATA[null]]>
              </value>
            </param>
          </params>
          <exception class="java.net.URISyntaxException">
            <message>
              <![CDATA[Illegal character in path at index 39: http://10.102.16.61:30001/cms/v1/users/[]]]>
            </message>
            <full-stacktrace>
              <![CDATA[java.net.URISyntaxException: Illegal character in path at index 39: http://10.102.16.61:30001/cms/v1/users/[]
	at java.net.URI$Parser.fail(Unknown Source)
	at java.net.URI$Parser.checkChars(Unknown Source)
	at java.net.URI$Parser.parseHierarchical(Unknown Source)
	at java.net.URI$Parser.parse(Unknown Source)
	at java.net.URI.<init>(Unknown Source)
	at io.restassured.internal.http.URIBuilder.convertToURI(URIBuilder.java:91)
	at io.restassured.internal.http.URIBuilder$convertToURI.call(Unknown Source)
	at io.restassured.internal.RequestSpecificationImpl.generateRequestUriForLogging(RequestSpecificationImpl.groovy:1193)
	at sun.reflect.NativeMethodAccessorImpl.invoke0(Native Method)
	at sun.reflect.NativeMethodAccessorImpl.invoke(Unknown Source)
	at sun.reflect.DelegatingMethodAccessorImpl.invoke(Unknown Source)
	at java.lang.reflect.Method.invoke(Unknown Source)
	at org.codehaus.groovy.reflection.CachedMethod.invoke(CachedMethod.java:93)
	at groovy.lang.MetaMethod.doMethodInvoke(MetaMethod.java:325)
	at groovy.lang.MetaClassImpl.invokeMethod(MetaClassImpl.java:1218)
	at groovy.lang.MetaClassImpl.invokeMethod(MetaClassImpl.java:1027)
	at groovy.lang.MetaClassImpl.invokeMethod(MetaClassImpl.java:815)
	at io.restassured.internal.RequestSpecificationImpl.invokeMethod(RequestSpecificationImpl.groovy)
	at org.codehaus.groovy.runtime.callsite.PogoInterceptableSite.call(PogoInterceptableSite.java:48)
	at org.codehaus.groovy.runtime.callsite.PogoInterceptableSite.callCurrent(PogoInterceptableSite.java:58)
	at org.codehaus.groovy.runtime.callsite.AbstractCallSite.callCurrent(AbstractCallSite.java:174)
	at io.restassured.internal.RequestSpecificationImpl.newFilterContext(RequestSpecificationImpl.groovy:1154)
	at sun.reflect.NativeMethodAccessorImpl.invoke0(Native Method)
	at sun.reflect.NativeMethodAccessorImpl.invoke(Unknown Source)
	at sun.reflect.DelegatingMethodAccessorImpl.invoke(Unknown Source)
	at java.lang.reflect.Method.invoke(Unknown Source)
	at org.codehaus.groovy.reflection.CachedMethod.invoke(CachedMethod.java:93)
	at groovy.lang.MetaMethod.doMethodInvoke(MetaMethod.java:325)
	at groovy.lang.MetaClassImpl.invokeMethod(MetaClassImpl.java:1218)
	at groovy.lang.MetaClassImpl.invokeMethod(MetaClassImpl.java:1027)
	at groovy.lang.MetaClassImpl.invokeMethod(MetaClassImpl.java:815)
	at io.restassured.internal.RequestSpecificationImpl.invokeMethod(RequestSpecificationImpl.groovy)
	at org.codehaus.groovy.runtime.callsite.PogoInterceptableSite.call(PogoInterceptableSite.java:48)
	at org.codehaus.groovy.runtime.callsite.PogoInterceptableSite.callCurrent(PogoInterceptableSite.java:58)
	at org.codehaus.groovy.runtime.callsite.AbstractCallSite.callCurrent(AbstractCallSite.java:182)
	at io.restassured.internal.RequestSpecificationImpl.applyPathParamsAndSendRequest(RequestSpecificationImpl.groovy:1729)
	at sun.reflect.NativeMethodAccessorImpl.invoke0(Native Method)
	at sun.reflect.NativeMethodAccessorImpl.invoke(Unknown Source)
	at sun.reflect.DelegatingMethodAccessorImpl.invoke(Unknown Source)
	at java.lang.reflect.Method.invoke(Unknown Source)
	at org.codehaus.groovy.reflection.CachedMethod.invoke(CachedMethod.java:93)
	at groovy.lang.MetaMethod.doMethodInvoke(MetaMethod.java:325)
	at groovy.lang.MetaClassImpl.invokeMethod(MetaClassImpl.java:1218)
	at groovy.lang.MetaClassImpl.invokeMethod(MetaClassImpl.java:1027)
	at groovy.lang.MetaClassImpl.invokeMethod(MetaClassImpl.java:815)
	at io.restassured.internal.RequestSpecificationImpl.invokeMethod(RequestSpecificationImpl.groovy)
	at org.codehaus.groovy.runtime.callsite.PogoInterceptableSite.call(PogoInterceptableSite.java:48)
	at org.codehaus.groovy.runtime.callsite.PogoInterceptableSite.callCurrent(PogoInterceptableSite.java:58)
	at org.codehaus.groovy.runtime.callsite.AbstractCallSite.callCurrent(AbstractCallSite.java:182)
	at io.restassured.internal.RequestSpecificationImpl.applyPathParamsAndSendRequest(RequestSpecificationImpl.groovy:1737)
	at sun.reflect.NativeMethodAccessorImpl.invoke0(Native Method)
	at sun.reflect.NativeMethodAccessorImpl.invoke(Unknown Source)
	at sun.reflect.DelegatingMethodAccessorImpl.invoke(Unknown Source)
	at java.lang.reflect.Method.invoke(Unknown Source)
	at org.codehaus.groovy.reflection.CachedMethod.invoke(CachedMethod.java:93)
	at groovy.lang.MetaMethod.doMethodInvoke(MetaMethod.java:325)
	at groovy.lang.MetaClassImpl.invokeMethod(MetaClassImpl.java:1218)
	at groovy.lang.MetaClassImpl.invokeMethod(MetaClassImpl.java:1027)
	at groovy.lang.MetaClassImpl.invokeMethod(MetaClassImpl.java:815)
	at io.restassured.internal.RequestSpecificationImpl.invokeMethod(RequestSpecificationImpl.groovy)
	at org.codehaus.groovy.runtime.callsite.PogoInterceptableSite.call(PogoInterceptableSite.java:48)
	at org.codehaus.groovy.runtime.callsite.PogoInterceptableSite.callCurrent(PogoInterceptableSite.java:58)
	at org.codehaus.groovy.runtime.callsite.AbstractCallSite.callCurrent(AbstractCallSite.java:182)
	at io.restassured.internal.RequestSpecificationImpl.get(RequestSpecificationImpl.groovy:170)
	at io.restassured.internal.RequestSpecificationImpl.get(RequestSpecificationImpl.groovy)
	at com.tibco.rest.test.DataDrivenTestCases.testcase(DataDrivenTestCases.java:210)
	at sun.reflect.NativeMethodAccessorImpl.invoke0(Native Method)
	at sun.reflect.NativeMethodAccessorImpl.invoke(Unknown Source)
	at sun.reflect.DelegatingMethodAccessorImpl.invoke(Unknown Source)
	at java.lang.reflect.Method.invoke(Unknown Source)
	at org.testng.internal.MethodInvocationHelper.invokeMethod(MethodInvocationHelper.java:108)
	at org.testng.internal.Invoker.invokeMethod(Invoker.java:661)
	at org.testng.internal.Invoker.invokeTestMethod(Invoker.java:869)
	at org.testng.internal.Invoker.invokeTestMethods(Invoker.java:1193)
	at org.testng.internal.TestMethodWorker.invokeTestMethods(TestMethodWorker.java:126)
	at org.testng.internal.TestMethodWorker.run(TestMethodWorker.java:109)
	at org.testng.TestRunner.privateRun(TestRunner.java:744)
	at org.testng.TestRunner.run(TestRunner.java:602)
	at org.testng.SuiteRunner.runTest(SuiteRunner.java:380)
	at org.testng.SuiteRunner.runSequentially(SuiteRunner.java:375)
	at org.testng.SuiteRunner.privateRun(SuiteRunner.java:340)
	at org.testng.SuiteRunner.run(SuiteRunner.java:289)
	at org.testng.SuiteRunnerWorker.runSuite(SuiteRunnerWorker.java:52)
	at org.testng.SuiteRunnerWorker.run(SuiteRunnerWorker.java:86)
	at org.testng.TestNG.runSuitesSequentially(TestNG.java:1301)
	at org.testng.TestNG.runSuitesLocally(TestNG.java:1226)
	at org.testng.TestNG.runSuites(TestNG.java:1144)
	at org.testng.TestNG.run(TestNG.java:1115)
	at org.testng.TestNG.privateMain(TestNG.java:1442)
	at org.testng.TestNG.main(TestNG.java:1411)
]]>
            </full-stacktrace>
          </exception> <!-- java.net.URISyntaxException -->
          <reporter-output>
            <line>
              <![CDATA[<div class="result_pshow result_fshow result_ishow" > <input checked type="checkbox" value="result_p" onclick="toggleResult(this)"/><span class="pass-label">P</span>ass<input checked type="checkbox" value="result_f" onclick="toggleResult(this)"/><span class="fail-label">F</span>ail<input checked type="checkbox" value="result_i" onclick="toggleResult(this)"/><span class="info-label">I</span>nfo</div>]]>
            </line>
          </reporter-output>
        </test-method> <!-- testcase -->
        <test-method status="PASS" signature="afterMethod(org.testng.ITestContext, org.testng.ITestResult, [Ljava.lang.Object;)[pri:0, instance:com.tibco.rest.test.DataDrivenTestCases@36b4cef0]" test-instance-name="ROLE-08" name="afterMethod" is-config="true" duration-ms="1" started-at="2021-08-25T07:53:11Z" finished-at="2021-08-25T07:53:11Z">
          <params>
            <param index="0">
              <value>
                <![CDATA[org.testng.TestRunner@27068a50]]>
              </value>
            </param>
            <param index="1">
              <value>
                <![CDATA[[TestResult name=USER-02 status=FAILURE method=DataDrivenTestCases.testcase(java.lang.String, java.lang.String, java.lang.String, java.lang.String, java.lang.String, java.lang.String, java.lang.String, java.lang.String, java.lang.String, java.lang.String, java.lang.String, java.lang.String)[pri:0, instance:com.tibco.rest.test.DataDrivenTestCases@36b4cef0] output=<div class="result_pshow result_fshow result_ishow" > <input checked type="checkbox" value="result_p" onclick="toggleResult(this)"/><span class="pass-label">P</span>ass<input checked type="checkbox" value="result_f" onclick="toggleResult(this)"/><span class="fail-label">F</span>ail<input checked type="checkbox" value="result_i" onclick="toggleResult(this)"/><span class="info-label">I</span>nfo</div>]]]>
              </value>
            </param>
            <param index="2">
              <value>
                <![CDATA[[Ljava.lang.Object;@11653e3b]]>
              </value>
            </param>
          </params>
          <reporter-output>
          </reporter-output>
        </test-method> <!-- afterMethod -->
        <test-method status="PASS" signature="setupMethod([Ljava.lang.Object;)[pri:0, instance:com.tibco.rest.test.DataDrivenTestCases@36b4cef0]" test-instance-name="ROLE-08" name="setupMethod" is-config="true" duration-ms="0" started-at="2021-08-25T07:53:11Z" finished-at="2021-08-25T07:53:11Z">
          <params>
            <param index="0">
              <value>
                <![CDATA[[Ljava.lang.Object;@715fb77]]>
              </value>
            </param>
          </params>
          <reporter-output>
          </reporter-output>
        </test-method> <!-- setupMethod -->
        <test-method status="FAIL" signature="testcase(java.lang.String, java.lang.String, java.lang.String, java.lang.String, java.lang.String, java.lang.String, java.lang.String, java.lang.String, java.lang.String, java.lang.String, java.lang.String, java.lang.String)[pri:0, instance:com.tibco.rest.test.DataDrivenTestCases@36b4cef0]" test-instance-name="ROLE-08" name="testcase" duration-ms="840" started-at="2021-08-25T07:53:11Z" data-provider="GetTCData" finished-at="2021-08-25T07:53:11Z">
          <params>
            <param index="0">
              <value>
                <![CDATA[ROLE-03]]>
              </value>
            </param>
            <param index="1">
              <value>
                <![CDATA[POST]]>
              </value>
            </param>
            <param index="2">
              <value>
                <![CDATA[/roles/search]]>
              </value>
            </param>
            <param index="3">
              <value is-null="true"/>
            </param>
            <param index="4">
              <value>
                <![CDATA[application/json]]>
              </value>
            </param>
            <param index="5">
              <value>
                <![CDATA[{
  "criteria": "AUTO ROLE",
  "pageNum": 1,
  "maxRowCount": 1,
  "sortBy": "roleName",
  "ascOrder": true
}]]>
              </value>
            </param>
            <param index="6">
              <value>
                <![CDATA[$..totalRowNum]]>
              </value>
            </param>
            <param index="7">
              <value>
                <![CDATA[!=]]>
              </value>
            </param>
            <param index="8">
              <value>
                <![CDATA[["0"]]]>
              </value>
            </param>
            <param index="9">
              <value is-null="true"/>
            </param>
            <param index="10">
              <value is-null="true"/>
            </param>
            <param index="11">
              <value>
                <![CDATA[null]]>
              </value>
            </param>
          </params>
          <reporter-output>
            <line>
              <![CDATA[<div class="result_pshow result_fshow result_ishow" > <input checked type="checkbox" value="result_p" onclick="toggleResult(this)"/><span class="pass-label">P</span>ass<input checked type="checkbox" value="result_f" onclick="toggleResult(this)"/><span class="fail-label">F</span>ail<input checked type="checkbox" value="result_i" onclick="toggleResult(this)"/><span class="info-label">I</span>nfo<div  class="info"><span class="info-label">I </span> <a href="response/Test1//ROLE-03.json" target="_blank">[View Response]</a> </div><div  class="info"><span class="info-label">I </span>Response Code : 500</div><div  class="pass"><span class="pass-label">P </span>Expected value should not be "0" : Actual value is ""</div></div>]]>
            </line>
          </reporter-output>
        </test-method> <!-- testcase -->
        <test-method status="PASS" signature="afterMethod(org.testng.ITestContext, org.testng.ITestResult, [Ljava.lang.Object;)[pri:0, instance:com.tibco.rest.test.DataDrivenTestCases@36b4cef0]" test-instance-name="ROLE-08" name="afterMethod" is-config="true" duration-ms="1" started-at="2021-08-25T07:53:11Z" finished-at="2021-08-25T07:53:11Z">
          <params>
            <param index="0">
              <value>
                <![CDATA[org.testng.TestRunner@27068a50]]>
              </value>
            </param>
            <param index="1">
              <value>
                <![CDATA[[TestResult name=ROLE-03 status=FAILURE method=DataDrivenTestCases.testcase(java.lang.String, java.lang.String, java.lang.String, java.lang.String, java.lang.String, java.lang.String, java.lang.String, java.lang.String, java.lang.String, java.lang.String, java.lang.String, java.lang.String)[pri:0, instance:com.tibco.rest.test.DataDrivenTestCases@36b4cef0] output=<div class="result_pshow result_fshow result_ishow" > <input checked type="checkbox" value="result_p" onclick="toggleResult(this)"/><span class="pass-label">P</span>ass<input checked type="checkbox" value="result_f" onclick="toggleResult(this)"/><span class="fail-label">F</span>ail<input checked type="checkbox" value="result_i" onclick="toggleResult(this)"/><span class="info-label">I</span>nfo<div  class="info"><span class="info-label">I </span> <a href="response/Test1//ROLE-03.json" target="_blank">[View Response]</a> </div><div  class="info"><span class="info-label">I </span>Response Code : 500</div><div  class="pass"><span class="pass-label">P </span>Expected value should not be "0" : Actual value is ""</div></div>]]]>
              </value>
            </param>
            <param index="2">
              <value>
                <![CDATA[[Ljava.lang.Object;@715fb77]]>
              </value>
            </param>
          </params>
          <reporter-output>
          </reporter-output>
        </test-method> <!-- afterMethod -->
        <test-method status="PASS" signature="setupMethod([Ljava.lang.Object;)[pri:0, instance:com.tibco.rest.test.DataDrivenTestCases@36b4cef0]" test-instance-name="ROLE-08" name="setupMethod" is-config="true" duration-ms="11" started-at="2021-08-25T07:53:11Z" finished-at="2021-08-25T07:53:11Z">
          <params>
            <param index="0">
              <value>
                <![CDATA[[Ljava.lang.Object;@1b9c1b51]]>
              </value>
            </param>
          </params>
          <reporter-output>
          </reporter-output>
        </test-method> <!-- setupMethod -->
        <test-method status="FAIL" signature="testcase(java.lang.String, java.lang.String, java.lang.String, java.lang.String, java.lang.String, java.lang.String, java.lang.String, java.lang.String, java.lang.String, java.lang.String, java.lang.String, java.lang.String)[pri:0, instance:com.tibco.rest.test.DataDrivenTestCases@36b4cef0]" test-instance-name="ROLE-08" name="testcase" duration-ms="3022" started-at="2021-08-25T07:53:11Z" data-provider="GetTCData" finished-at="2021-08-25T07:53:14Z">
          <params>
            <param index="0">
              <value>
                <![CDATA[USER-03]]>
              </value>
            </param>
            <param index="1">
              <value>
                <![CDATA[POST]]>
              </value>
            </param>
            <param index="2">
              <value>
                <![CDATA[/users/search]]>
              </value>
            </param>
            <param index="3">
              <value is-null="true"/>
            </param>
            <param index="4">
              <value>
                <![CDATA[application/json]]>
              </value>
            </param>
            <param index="5">
              <value>
                <![CDATA[{
  "criteria": "auto user",
  "userType": "Internal",
  "pageNum": 1,
  "maxRowCount": 1,
  "sortBy": "userName",
  "ascOrder": true
}]]>
              </value>
            </param>
            <param index="6">
              <value>
                <![CDATA[$..totalRowNum]]>
              </value>
            </param>
            <param index="7">
              <value>
                <![CDATA[!=]]>
              </value>
            </param>
            <param index="8">
              <value>
                <![CDATA[["0"]]]>
              </value>
            </param>
            <param index="9">
              <value is-null="true"/>
            </param>
            <param index="10">
              <value is-null="true"/>
            </param>
            <param index="11">
              <value>
                <![CDATA[null]]>
              </value>
            </param>
          </params>
          <exception class="java.lang.AssertionError">
            <message>
              <![CDATA[Expected value should not be "0" : Actual value is "0"]]>
            </message>
            <full-stacktrace>
              <![CDATA[java.lang.AssertionError: Expected value should not be "0" : Actual value is "0"
	at com.tibco.rest.restAssured.Assertions.assertTrue(Assertions.java:166)
	at com.tibco.rest.restAssured.Assertions.assertNotEquals(Assertions.java:196)
	at com.tibco.rest.test.DataDrivenTestCases.verifyResponse(DataDrivenTestCases.java:520)
	at com.tibco.rest.test.DataDrivenTestCases.testcase(DataDrivenTestCases.java:352)
	at sun.reflect.NativeMethodAccessorImpl.invoke0(Native Method)
	at sun.reflect.NativeMethodAccessorImpl.invoke(Unknown Source)
	at sun.reflect.DelegatingMethodAccessorImpl.invoke(Unknown Source)
	at java.lang.reflect.Method.invoke(Unknown Source)
	at org.testng.internal.MethodInvocationHelper.invokeMethod(MethodInvocationHelper.java:108)
	at org.testng.internal.Invoker.invokeMethod(Invoker.java:661)
	at org.testng.internal.Invoker.invokeTestMethod(Invoker.java:869)
	at org.testng.internal.Invoker.invokeTestMethods(Invoker.java:1193)
	at org.testng.internal.TestMethodWorker.invokeTestMethods(TestMethodWorker.java:126)
	at org.testng.internal.TestMethodWorker.run(TestMethodWorker.java:109)
	at org.testng.TestRunner.privateRun(TestRunner.java:744)
	at org.testng.TestRunner.run(TestRunner.java:602)
	at org.testng.SuiteRunner.runTest(SuiteRunner.java:380)
	at org.testng.SuiteRunner.runSequentially(SuiteRunner.java:375)
	at org.testng.SuiteRunner.privateRun(SuiteRunner.java:340)
	at org.testng.SuiteRunner.run(SuiteRunner.java:289)
	at org.testng.SuiteRunnerWorker.runSuite(SuiteRunnerWorker.java:52)
	at org.testng.SuiteRunnerWorker.run(SuiteRunnerWorker.java:86)
	at org.testng.TestNG.runSuitesSequentially(TestNG.java:1301)
	at org.testng.TestNG.runSuitesLocally(TestNG.java:1226)
	at org.testng.TestNG.runSuites(TestNG.java:1144)
	at org.testng.TestNG.run(TestNG.java:1115)
	at org.testng.TestNG.privateMain(TestNG.java:1442)
	at org.testng.TestNG.main(TestNG.java:1411)
]]>
            </full-stacktrace>
          </exception> <!-- java.lang.AssertionError -->
          <reporter-output>
            <line>
              <![CDATA[<div class="result_pshow result_fshow result_ishow" > <input checked type="checkbox" value="result_p" onclick="toggleResult(this)"/><span class="pass-label">P</span>ass<input checked type="checkbox" value="result_f" onclick="toggleResult(this)"/><span class="fail-label">F</span>ail<input checked type="checkbox" value="result_i" onclick="toggleResult(this)"/><span class="info-label">I</span>nfo<div  class="info"><span class="info-label">I </span> <a href="response/Test1//USER-03.json" target="_blank">[View Response]</a> </div><div  class="info"><span class="info-label">I </span>Response Code : 200</div><div  class="fail"><span class="fail-label">F </span>Expected value should not be "0" : Actual value is "0"</div></div>]]>
            </line>
          </reporter-output>
        </test-method> <!-- testcase -->
        <test-method status="PASS" signature="afterMethod(org.testng.ITestContext, org.testng.ITestResult, [Ljava.lang.Object;)[pri:0, instance:com.tibco.rest.test.DataDrivenTestCases@36b4cef0]" test-instance-name="ROLE-08" name="afterMethod" is-config="true" duration-ms="1" started-at="2021-08-25T07:53:14Z" finished-at="2021-08-25T07:53:14Z">
          <params>
            <param index="0">
              <value>
                <![CDATA[org.testng.TestRunner@27068a50]]>
              </value>
            </param>
            <param index="1">
              <value>
                <![CDATA[[TestResult name=USER-03 status=FAILURE method=DataDrivenTestCases.testcase(java.lang.String, java.lang.String, java.lang.String, java.lang.String, java.lang.String, java.lang.String, java.lang.String, java.lang.String, java.lang.String, java.lang.String, java.lang.String, java.lang.String)[pri:0, instance:com.tibco.rest.test.DataDrivenTestCases@36b4cef0] output=<div class="result_pshow result_fshow result_ishow" > <input checked type="checkbox" value="result_p" onclick="toggleResult(this)"/><span class="pass-label">P</span>ass<input checked type="checkbox" value="result_f" onclick="toggleResult(this)"/><span class="fail-label">F</span>ail<input checked type="checkbox" value="result_i" onclick="toggleResult(this)"/><span class="info-label">I</span>nfo<div  class="info"><span class="info-label">I </span> <a href="response/Test1//USER-03.json" target="_blank">[View Response]</a> </div><div  class="info"><span class="info-label">I </span>Response Code : 200</div><div  class="fail"><span class="fail-label">F </span>Expected value should not be "0" : Actual value is "0"</div></div>]]]>
              </value>
            </param>
            <param index="2">
              <value>
                <![CDATA[[Ljava.lang.Object;@1b9c1b51]]>
              </value>
            </param>
          </params>
          <reporter-output>
          </reporter-output>
        </test-method> <!-- afterMethod -->
        <test-method status="PASS" signature="setupMethod([Ljava.lang.Object;)[pri:0, instance:com.tibco.rest.test.DataDrivenTestCases@36b4cef0]" test-instance-name="ROLE-08" name="setupMethod" is-config="true" duration-ms="7" started-at="2021-08-25T07:53:14Z" finished-at="2021-08-25T07:53:14Z">
          <params>
            <param index="0">
              <value>
                <![CDATA[[Ljava.lang.Object;@2e52fb3e]]>
              </value>
            </param>
          </params>
          <reporter-output>
          </reporter-output>
        </test-method> <!-- setupMethod -->
        <test-method status="FAIL" signature="testcase(java.lang.String, java.lang.String, java.lang.String, java.lang.String, java.lang.String, java.lang.String, java.lang.String, java.lang.String, java.lang.String, java.lang.String, java.lang.String, java.lang.String)[pri:0, instance:com.tibco.rest.test.DataDrivenTestCases@36b4cef0]" test-instance-name="ROLE-08" name="testcase" duration-ms="36" started-at="2021-08-25T07:53:14Z" data-provider="GetTCData" finished-at="2021-08-25T07:53:15Z">
          <params>
            <param index="0">
              <value>
                <![CDATA[ROLE-04]]>
              </value>
            </param>
            <param index="1">
              <value>
                <![CDATA[PUT]]>
              </value>
            </param>
            <param index="2">
              <value>
                <![CDATA[/roles/${ROLE-01.roleID01}]]>
              </value>
            </param>
            <param index="3">
              <value is-null="true"/>
            </param>
            <param index="4">
              <value>
                <![CDATA[application/json]]>
              </value>
            </param>
            <param index="5">
              <value>
                <![CDATA[{
  "roleName": "Auto Role Edited",
"description": "Role Auto Desc Edited",
  "featurePermissions": [
    {
      "featureID": 1,
      "isRead": true,
      "isWrite": true
    },
{
      "featureID": 11,
      "isRead": true,
      "isWrite": true
    }
  ]
}]]>
              </value>
            </param>
            <param index="6">
              <value>
                <![CDATA[$..roleID]]>
              </value>
            </param>
            <param index="7">
              <value>
                <![CDATA[!=]]>
              </value>
            </param>
            <param index="8">
              <value>
                <![CDATA[["[]"]]]>
              </value>
            </param>
            <param index="9">
              <value is-null="true"/>
            </param>
            <param index="10">
              <value is-null="true"/>
            </param>
            <param index="11">
              <value>
                <![CDATA[null]]>
              </value>
            </param>
          </params>
          <exception class="java.net.URISyntaxException">
            <message>
              <![CDATA[Illegal character in path at index 39: http://10.102.16.61:30001/cms/v1/roles/[]]]>
            </message>
            <full-stacktrace>
              <![CDATA[java.net.URISyntaxException: Illegal character in path at index 39: http://10.102.16.61:30001/cms/v1/roles/[]
	at java.net.URI$Parser.fail(Unknown Source)
	at java.net.URI$Parser.checkChars(Unknown Source)
	at java.net.URI$Parser.parseHierarchical(Unknown Source)
	at java.net.URI$Parser.parse(Unknown Source)
	at java.net.URI.<init>(Unknown Source)
	at io.restassured.internal.http.URIBuilder.convertToURI(URIBuilder.java:91)
	at io.restassured.internal.http.URIBuilder$convertToURI.call(Unknown Source)
	at io.restassured.internal.RequestSpecificationImpl.generateRequestUriForLogging(RequestSpecificationImpl.groovy:1193)
	at sun.reflect.GeneratedMethodAccessor32.invoke(Unknown Source)
	at sun.reflect.DelegatingMethodAccessorImpl.invoke(Unknown Source)
	at java.lang.reflect.Method.invoke(Unknown Source)
	at org.codehaus.groovy.reflection.CachedMethod.invoke(CachedMethod.java:93)
	at groovy.lang.MetaMethod.doMethodInvoke(MetaMethod.java:325)
	at groovy.lang.MetaClassImpl.invokeMethod(MetaClassImpl.java:1218)
	at groovy.lang.MetaClassImpl.invokeMethod(MetaClassImpl.java:1027)
	at groovy.lang.MetaClassImpl.invokeMethod(MetaClassImpl.java:815)
	at io.restassured.internal.RequestSpecificationImpl.invokeMethod(RequestSpecificationImpl.groovy)
	at org.codehaus.groovy.runtime.callsite.PogoInterceptableSite.call(PogoInterceptableSite.java:48)
	at org.codehaus.groovy.runtime.callsite.PogoInterceptableSite.callCurrent(PogoInterceptableSite.java:58)
	at org.codehaus.groovy.runtime.callsite.AbstractCallSite.callCurrent(AbstractCallSite.java:174)
	at io.restassured.internal.RequestSpecificationImpl.newFilterContext(RequestSpecificationImpl.groovy:1154)
	at sun.reflect.GeneratedMethodAccessor31.invoke(Unknown Source)
	at sun.reflect.DelegatingMethodAccessorImpl.invoke(Unknown Source)
	at java.lang.reflect.Method.invoke(Unknown Source)
	at org.codehaus.groovy.reflection.CachedMethod.invoke(CachedMethod.java:93)
	at groovy.lang.MetaMethod.doMethodInvoke(MetaMethod.java:325)
	at groovy.lang.MetaClassImpl.invokeMethod(MetaClassImpl.java:1218)
	at groovy.lang.MetaClassImpl.invokeMethod(MetaClassImpl.java:1027)
	at groovy.lang.MetaClassImpl.invokeMethod(MetaClassImpl.java:815)
	at io.restassured.internal.RequestSpecificationImpl.invokeMethod(RequestSpecificationImpl.groovy)
	at org.codehaus.groovy.runtime.callsite.PogoInterceptableSite.call(PogoInterceptableSite.java:48)
	at org.codehaus.groovy.runtime.callsite.PogoInterceptableSite.callCurrent(PogoInterceptableSite.java:58)
	at org.codehaus.groovy.runtime.callsite.AbstractCallSite.callCurrent(AbstractCallSite.java:182)
	at io.restassured.internal.RequestSpecificationImpl.applyPathParamsAndSendRequest(RequestSpecificationImpl.groovy:1729)
	at sun.reflect.NativeMethodAccessorImpl.invoke0(Native Method)
	at sun.reflect.NativeMethodAccessorImpl.invoke(Unknown Source)
	at sun.reflect.DelegatingMethodAccessorImpl.invoke(Unknown Source)
	at java.lang.reflect.Method.invoke(Unknown Source)
	at org.codehaus.groovy.reflection.CachedMethod.invoke(CachedMethod.java:93)
	at groovy.lang.MetaMethod.doMethodInvoke(MetaMethod.java:325)
	at groovy.lang.MetaClassImpl.invokeMethod(MetaClassImpl.java:1218)
	at groovy.lang.MetaClassImpl.invokeMethod(MetaClassImpl.java:1027)
	at groovy.lang.MetaClassImpl.invokeMethod(MetaClassImpl.java:815)
	at io.restassured.internal.RequestSpecificationImpl.invokeMethod(RequestSpecificationImpl.groovy)
	at org.codehaus.groovy.runtime.callsite.PogoInterceptableSite.call(PogoInterceptableSite.java:48)
	at org.codehaus.groovy.runtime.callsite.PogoInterceptableSite.callCurrent(PogoInterceptableSite.java:58)
	at org.codehaus.groovy.runtime.callsite.AbstractCallSite.callCurrent(AbstractCallSite.java:182)
	at io.restassured.internal.RequestSpecificationImpl.applyPathParamsAndSendRequest(RequestSpecificationImpl.groovy:1737)
	at sun.reflect.NativeMethodAccessorImpl.invoke0(Native Method)
	at sun.reflect.NativeMethodAccessorImpl.invoke(Unknown Source)
	at sun.reflect.DelegatingMethodAccessorImpl.invoke(Unknown Source)
	at java.lang.reflect.Method.invoke(Unknown Source)
	at org.codehaus.groovy.reflection.CachedMethod.invoke(CachedMethod.java:93)
	at groovy.lang.MetaMethod.doMethodInvoke(MetaMethod.java:325)
	at groovy.lang.MetaClassImpl.invokeMethod(MetaClassImpl.java:1218)
	at groovy.lang.MetaClassImpl.invokeMethod(MetaClassImpl.java:1027)
	at groovy.lang.MetaClassImpl.invokeMethod(MetaClassImpl.java:815)
	at io.restassured.internal.RequestSpecificationImpl.invokeMethod(RequestSpecificationImpl.groovy)
	at org.codehaus.groovy.runtime.callsite.PogoInterceptableSite.call(PogoInterceptableSite.java:48)
	at org.codehaus.groovy.runtime.callsite.PogoInterceptableSite.callCurrent(PogoInterceptableSite.java:58)
	at org.codehaus.groovy.runtime.callsite.CallSiteArray.defaultCallCurrent(CallSiteArray.java:52)
	at org.codehaus.groovy.runtime.callsite.AbstractCallSite.callCurrent(AbstractCallSite.java:154)
	at org.codehaus.groovy.runtime.callsite.AbstractCallSite.callCurrent(AbstractCallSite.java:182)
	at io.restassured.internal.RequestSpecificationImpl.put(RequestSpecificationImpl.groovy:178)
	at io.restassured.internal.RequestSpecificationImpl.put(RequestSpecificationImpl.groovy)
	at com.tibco.rest.test.DataDrivenTestCases.testcase(DataDrivenTestCases.java:214)
	at sun.reflect.NativeMethodAccessorImpl.invoke0(Native Method)
	at sun.reflect.NativeMethodAccessorImpl.invoke(Unknown Source)
	at sun.reflect.DelegatingMethodAccessorImpl.invoke(Unknown Source)
	at java.lang.reflect.Method.invoke(Unknown Source)
	at org.testng.internal.MethodInvocationHelper.invokeMethod(MethodInvocationHelper.java:108)
	at org.testng.internal.Invoker.invokeMethod(Invoker.java:661)
	at org.testng.internal.Invoker.invokeTestMethod(Invoker.java:869)
	at org.testng.internal.Invoker.invokeTestMethods(Invoker.java:1193)
	at org.testng.internal.TestMethodWorker.invokeTestMethods(TestMethodWorker.java:126)
	at org.testng.internal.TestMethodWorker.run(TestMethodWorker.java:109)
	at org.testng.TestRunner.privateRun(TestRunner.java:744)
	at org.testng.TestRunner.run(TestRunner.java:602)
	at org.testng.SuiteRunner.runTest(SuiteRunner.java:380)
	at org.testng.SuiteRunner.runSequentially(SuiteRunner.java:375)
	at org.testng.SuiteRunner.privateRun(SuiteRunner.java:340)
	at org.testng.SuiteRunner.run(SuiteRunner.java:289)
	at org.testng.SuiteRunnerWorker.runSuite(SuiteRunnerWorker.java:52)
	at org.testng.SuiteRunnerWorker.run(SuiteRunnerWorker.java:86)
	at org.testng.TestNG.runSuitesSequentially(TestNG.java:1301)
	at org.testng.TestNG.runSuitesLocally(TestNG.java:1226)
	at org.testng.TestNG.runSuites(TestNG.java:1144)
	at org.testng.TestNG.run(TestNG.java:1115)
	at org.testng.TestNG.privateMain(TestNG.java:1442)
	at org.testng.TestNG.main(TestNG.java:1411)
]]>
            </full-stacktrace>
          </exception> <!-- java.net.URISyntaxException -->
          <reporter-output>
            <line>
              <![CDATA[<div class="result_pshow result_fshow result_ishow" > <input checked type="checkbox" value="result_p" onclick="toggleResult(this)"/><span class="pass-label">P</span>ass<input checked type="checkbox" value="result_f" onclick="toggleResult(this)"/><span class="fail-label">F</span>ail<input checked type="checkbox" value="result_i" onclick="toggleResult(this)"/><span class="info-label">I</span>nfo</div>]]>
            </line>
          </reporter-output>
        </test-method> <!-- testcase -->
        <test-method status="PASS" signature="afterMethod(org.testng.ITestContext, org.testng.ITestResult, [Ljava.lang.Object;)[pri:0, instance:com.tibco.rest.test.DataDrivenTestCases@36b4cef0]" test-instance-name="ROLE-08" name="afterMethod" is-config="true" duration-ms="2" started-at="2021-08-25T07:53:15Z" finished-at="2021-08-25T07:53:15Z">
          <params>
            <param index="0">
              <value>
                <![CDATA[org.testng.TestRunner@27068a50]]>
              </value>
            </param>
            <param index="1">
              <value>
                <![CDATA[[TestResult name=ROLE-04 status=FAILURE method=DataDrivenTestCases.testcase(java.lang.String, java.lang.String, java.lang.String, java.lang.String, java.lang.String, java.lang.String, java.lang.String, java.lang.String, java.lang.String, java.lang.String, java.lang.String, java.lang.String)[pri:0, instance:com.tibco.rest.test.DataDrivenTestCases@36b4cef0] output=<div class="result_pshow result_fshow result_ishow" > <input checked type="checkbox" value="result_p" onclick="toggleResult(this)"/><span class="pass-label">P</span>ass<input checked type="checkbox" value="result_f" onclick="toggleResult(this)"/><span class="fail-label">F</span>ail<input checked type="checkbox" value="result_i" onclick="toggleResult(this)"/><span class="info-label">I</span>nfo</div>]]]>
              </value>
            </param>
            <param index="2">
              <value>
                <![CDATA[[Ljava.lang.Object;@2e52fb3e]]>
              </value>
            </param>
          </params>
          <reporter-output>
          </reporter-output>
        </test-method> <!-- afterMethod -->
        <test-method status="PASS" signature="setupMethod([Ljava.lang.Object;)[pri:0, instance:com.tibco.rest.test.DataDrivenTestCases@36b4cef0]" test-instance-name="ROLE-08" name="setupMethod" is-config="true" duration-ms="4" started-at="2021-08-25T07:53:15Z" finished-at="2021-08-25T07:53:15Z">
          <params>
            <param index="0">
              <value>
                <![CDATA[[Ljava.lang.Object;@16fe9c29]]>
              </value>
            </param>
          </params>
          <reporter-output>
          </reporter-output>
        </test-method> <!-- setupMethod -->
        <test-method status="FAIL" signature="testcase(java.lang.String, java.lang.String, java.lang.String, java.lang.String, java.lang.String, java.lang.String, java.lang.String, java.lang.String, java.lang.String, java.lang.String, java.lang.String, java.lang.String)[pri:0, instance:com.tibco.rest.test.DataDrivenTestCases@36b4cef0]" test-instance-name="ROLE-08" name="testcase" duration-ms="1073" started-at="2021-08-25T07:53:15Z" data-provider="GetTCData" finished-at="2021-08-25T07:53:16Z">
          <params>
            <param index="0">
              <value>
                <![CDATA[ROLE-05]]>
              </value>
            </param>
            <param index="1">
              <value>
                <![CDATA[POST]]>
              </value>
            </param>
            <param index="2">
              <value>
                <![CDATA[/roles]]>
              </value>
            </param>
            <param index="3">
              <value is-null="true"/>
            </param>
            <param index="4">
              <value>
                <![CDATA[application/json]]>
              </value>
            </param>
            <param index="5">
              <value>
                <![CDATA[{
  "roleName": "Auto Role Edited",
  "description": "Role Auto Desc",
  "featurePermissions": [
    {
      "featureID": 1,
      "isRead": true,
      "isWrite": true
    },
{
      "featureID": 11,
      "isRead": true,
      "isWrite": false
    }
  ]
}]]>
              </value>
            </param>
            <param index="6">
              <value>
                <![CDATA[$..errorCode,$..errorMsg]]>
              </value>
            </param>
            <param index="7">
              <value>
                <![CDATA[=,~]]>
              </value>
            </param>
            <param index="8">
              <value>
                <![CDATA[["BCCE-3303","Auto Role Edited  you have entered  is already in use"]]]>
              </value>
            </param>
            <param index="9">
              <value is-null="true"/>
            </param>
            <param index="10">
              <value is-null="true"/>
            </param>
            <param index="11">
              <value>
                <![CDATA[null]]>
              </value>
            </param>
          </params>
          <exception class="java.lang.AssertionError">
            <message>
              <![CDATA[Expected value should be "BCCE-3303" : Actual value is ""]]>
            </message>
            <full-stacktrace>
              <![CDATA[java.lang.AssertionError: Expected value should be "BCCE-3303" : Actual value is ""
	at com.tibco.rest.restAssured.Assertions.assertTrue(Assertions.java:166)
	at com.tibco.rest.restAssured.Assertions.assertEquals(Assertions.java:183)
	at com.tibco.rest.test.DataDrivenTestCases.verifyResponse(DataDrivenTestCases.java:508)
	at com.tibco.rest.test.DataDrivenTestCases.testcase(DataDrivenTestCases.java:377)
	at sun.reflect.NativeMethodAccessorImpl.invoke0(Native Method)
	at sun.reflect.NativeMethodAccessorImpl.invoke(Unknown Source)
	at sun.reflect.DelegatingMethodAccessorImpl.invoke(Unknown Source)
	at java.lang.reflect.Method.invoke(Unknown Source)
	at org.testng.internal.MethodInvocationHelper.invokeMethod(MethodInvocationHelper.java:108)
	at org.testng.internal.Invoker.invokeMethod(Invoker.java:661)
	at org.testng.internal.Invoker.invokeTestMethod(Invoker.java:869)
	at org.testng.internal.Invoker.invokeTestMethods(Invoker.java:1193)
	at org.testng.internal.TestMethodWorker.invokeTestMethods(TestMethodWorker.java:126)
	at org.testng.internal.TestMethodWorker.run(TestMethodWorker.java:109)
	at org.testng.TestRunner.privateRun(TestRunner.java:744)
	at org.testng.TestRunner.run(TestRunner.java:602)
	at org.testng.SuiteRunner.runTest(SuiteRunner.java:380)
	at org.testng.SuiteRunner.runSequentially(SuiteRunner.java:375)
	at org.testng.SuiteRunner.privateRun(SuiteRunner.java:340)
	at org.testng.SuiteRunner.run(SuiteRunner.java:289)
	at org.testng.SuiteRunnerWorker.runSuite(SuiteRunnerWorker.java:52)
	at org.testng.SuiteRunnerWorker.run(SuiteRunnerWorker.java:86)
	at org.testng.TestNG.runSuitesSequentially(TestNG.java:1301)
	at org.testng.TestNG.runSuitesLocally(TestNG.java:1226)
	at org.testng.TestNG.runSuites(TestNG.java:1144)
	at org.testng.TestNG.run(TestNG.java:1115)
	at org.testng.TestNG.privateMain(TestNG.java:1442)
	at org.testng.TestNG.main(TestNG.java:1411)
]]>
            </full-stacktrace>
          </exception> <!-- java.lang.AssertionError -->
          <reporter-output>
            <line>
              <![CDATA[<div class="result_pshow result_fshow result_ishow" > <input checked type="checkbox" value="result_p" onclick="toggleResult(this)"/><span class="pass-label">P</span>ass<input checked type="checkbox" value="result_f" onclick="toggleResult(this)"/><span class="fail-label">F</span>ail<input checked type="checkbox" value="result_i" onclick="toggleResult(this)"/><span class="info-label">I</span>nfo<div  class="info"><span class="info-label">I </span> <a href="response/Test1//ROLE-05.json" target="_blank">[View Response]</a> </div><div  class="info"><span class="info-label">I </span>Response Code : 200</div><div  class="fail"><span class="fail-label">F </span>Expected value should be "BCCE-3303" : Actual value is ""</div></div>]]>
            </line>
          </reporter-output>
        </test-method> <!-- testcase -->
        <test-method status="PASS" signature="afterMethod(org.testng.ITestContext, org.testng.ITestResult, [Ljava.lang.Object;)[pri:0, instance:com.tibco.rest.test.DataDrivenTestCases@36b4cef0]" test-instance-name="ROLE-08" name="afterMethod" is-config="true" duration-ms="14" started-at="2021-08-25T07:53:16Z" finished-at="2021-08-25T07:53:16Z">
          <params>
            <param index="0">
              <value>
                <![CDATA[org.testng.TestRunner@27068a50]]>
              </value>
            </param>
            <param index="1">
              <value>
                <![CDATA[[TestResult name=ROLE-05 status=FAILURE method=DataDrivenTestCases.testcase(java.lang.String, java.lang.String, java.lang.String, java.lang.String, java.lang.String, java.lang.String, java.lang.String, java.lang.String, java.lang.String, java.lang.String, java.lang.String, java.lang.String)[pri:0, instance:com.tibco.rest.test.DataDrivenTestCases@36b4cef0] output=<div class="result_pshow result_fshow result_ishow" > <input checked type="checkbox" value="result_p" onclick="toggleResult(this)"/><span class="pass-label">P</span>ass<input checked type="checkbox" value="result_f" onclick="toggleResult(this)"/><span class="fail-label">F</span>ail<input checked type="checkbox" value="result_i" onclick="toggleResult(this)"/><span class="info-label">I</span>nfo<div  class="info"><span class="info-label">I </span> <a href="response/Test1//ROLE-05.json" target="_blank">[View Response]</a> </div><div  class="info"><span class="info-label">I </span>Response Code : 200</div><div  class="fail"><span class="fail-label">F </span>Expected value should be "BCCE-3303" : Actual value is ""</div></div>]]]>
              </value>
            </param>
            <param index="2">
              <value>
                <![CDATA[[Ljava.lang.Object;@16fe9c29]]>
              </value>
            </param>
          </params>
          <reporter-output>
          </reporter-output>
        </test-method> <!-- afterMethod -->
        <test-method status="PASS" signature="setupMethod([Ljava.lang.Object;)[pri:0, instance:com.tibco.rest.test.DataDrivenTestCases@36b4cef0]" test-instance-name="ROLE-08" name="setupMethod" is-config="true" duration-ms="6" started-at="2021-08-25T07:53:16Z" finished-at="2021-08-25T07:53:16Z">
          <params>
            <param index="0">
              <value>
                <![CDATA[[Ljava.lang.Object;@3e9803c2]]>
              </value>
            </param>
          </params>
          <reporter-output>
          </reporter-output>
        </test-method> <!-- setupMethod -->
        <test-method status="FAIL" signature="testcase(java.lang.String, java.lang.String, java.lang.String, java.lang.String, java.lang.String, java.lang.String, java.lang.String, java.lang.String, java.lang.String, java.lang.String, java.lang.String, java.lang.String)[pri:0, instance:com.tibco.rest.test.DataDrivenTestCases@36b4cef0]" test-instance-name="ROLE-08" name="testcase" duration-ms="40" started-at="2021-08-25T07:53:16Z" data-provider="GetTCData" finished-at="2021-08-25T07:53:16Z">
          <params>
            <param index="0">
              <value>
                <![CDATA[ROLE-06]]>
              </value>
            </param>
            <param index="1">
              <value>
                <![CDATA[GET]]>
              </value>
            </param>
            <param index="2">
              <value>
                <![CDATA[/roles/${ROLE-01.roleID01}]]>
              </value>
            </param>
            <param index="3">
              <value is-null="true"/>
            </param>
            <param index="4">
              <value>
                <![CDATA[application/json]]>
              </value>
            </param>
            <param index="5">
              <value is-null="true"/>
            </param>
            <param index="6">
              <value>
                <![CDATA[$..roleName]]>
              </value>
            </param>
            <param index="7">
              <value>
                <![CDATA[=]]>
              </value>
            </param>
            <param index="8">
              <value>
                <![CDATA[["Auto Role Edited"]]]>
              </value>
            </param>
            <param index="9">
              <value is-null="true"/>
            </param>
            <param index="10">
              <value is-null="true"/>
            </param>
            <param index="11">
              <value>
                <![CDATA[null]]>
              </value>
            </param>
          </params>
          <exception class="java.net.URISyntaxException">
            <message>
              <![CDATA[Illegal character in path at index 39: http://10.102.16.61:30001/cms/v1/roles/[]]]>
            </message>
            <full-stacktrace>
              <![CDATA[java.net.URISyntaxException: Illegal character in path at index 39: http://10.102.16.61:30001/cms/v1/roles/[]
	at java.net.URI$Parser.fail(Unknown Source)
	at java.net.URI$Parser.checkChars(Unknown Source)
	at java.net.URI$Parser.parseHierarchical(Unknown Source)
	at java.net.URI$Parser.parse(Unknown Source)
	at java.net.URI.<init>(Unknown Source)
	at io.restassured.internal.http.URIBuilder.convertToURI(URIBuilder.java:91)
	at io.restassured.internal.http.URIBuilder$convertToURI.call(Unknown Source)
	at io.restassured.internal.RequestSpecificationImpl.generateRequestUriForLogging(RequestSpecificationImpl.groovy:1193)
	at sun.reflect.GeneratedMethodAccessor32.invoke(Unknown Source)
	at sun.reflect.DelegatingMethodAccessorImpl.invoke(Unknown Source)
	at java.lang.reflect.Method.invoke(Unknown Source)
	at org.codehaus.groovy.reflection.CachedMethod.invoke(CachedMethod.java:93)
	at groovy.lang.MetaMethod.doMethodInvoke(MetaMethod.java:325)
	at groovy.lang.MetaClassImpl.invokeMethod(MetaClassImpl.java:1218)
	at groovy.lang.MetaClassImpl.invokeMethod(MetaClassImpl.java:1027)
	at groovy.lang.MetaClassImpl.invokeMethod(MetaClassImpl.java:815)
	at io.restassured.internal.RequestSpecificationImpl.invokeMethod(RequestSpecificationImpl.groovy)
	at org.codehaus.groovy.runtime.callsite.PogoInterceptableSite.call(PogoInterceptableSite.java:48)
	at org.codehaus.groovy.runtime.callsite.PogoInterceptableSite.callCurrent(PogoInterceptableSite.java:58)
	at org.codehaus.groovy.runtime.callsite.AbstractCallSite.callCurrent(AbstractCallSite.java:174)
	at io.restassured.internal.RequestSpecificationImpl.newFilterContext(RequestSpecificationImpl.groovy:1154)
	at sun.reflect.GeneratedMethodAccessor31.invoke(Unknown Source)
	at sun.reflect.DelegatingMethodAccessorImpl.invoke(Unknown Source)
	at java.lang.reflect.Method.invoke(Unknown Source)
	at org.codehaus.groovy.reflection.CachedMethod.invoke(CachedMethod.java:93)
	at groovy.lang.MetaMethod.doMethodInvoke(MetaMethod.java:325)
	at groovy.lang.MetaClassImpl.invokeMethod(MetaClassImpl.java:1218)
	at groovy.lang.MetaClassImpl.invokeMethod(MetaClassImpl.java:1027)
	at groovy.lang.MetaClassImpl.invokeMethod(MetaClassImpl.java:815)
	at io.restassured.internal.RequestSpecificationImpl.invokeMethod(RequestSpecificationImpl.groovy)
	at org.codehaus.groovy.runtime.callsite.PogoInterceptableSite.call(PogoInterceptableSite.java:48)
	at org.codehaus.groovy.runtime.callsite.PogoInterceptableSite.callCurrent(PogoInterceptableSite.java:58)
	at org.codehaus.groovy.runtime.callsite.AbstractCallSite.callCurrent(AbstractCallSite.java:182)
	at io.restassured.internal.RequestSpecificationImpl.applyPathParamsAndSendRequest(RequestSpecificationImpl.groovy:1729)
	at sun.reflect.NativeMethodAccessorImpl.invoke0(Native Method)
	at sun.reflect.NativeMethodAccessorImpl.invoke(Unknown Source)
	at sun.reflect.DelegatingMethodAccessorImpl.invoke(Unknown Source)
	at java.lang.reflect.Method.invoke(Unknown Source)
	at org.codehaus.groovy.reflection.CachedMethod.invoke(CachedMethod.java:93)
	at groovy.lang.MetaMethod.doMethodInvoke(MetaMethod.java:325)
	at groovy.lang.MetaClassImpl.invokeMethod(MetaClassImpl.java:1218)
	at groovy.lang.MetaClassImpl.invokeMethod(MetaClassImpl.java:1027)
	at groovy.lang.MetaClassImpl.invokeMethod(MetaClassImpl.java:815)
	at io.restassured.internal.RequestSpecificationImpl.invokeMethod(RequestSpecificationImpl.groovy)
	at org.codehaus.groovy.runtime.callsite.PogoInterceptableSite.call(PogoInterceptableSite.java:48)
	at org.codehaus.groovy.runtime.callsite.PogoInterceptableSite.callCurrent(PogoInterceptableSite.java:58)
	at org.codehaus.groovy.runtime.callsite.AbstractCallSite.callCurrent(AbstractCallSite.java:182)
	at io.restassured.internal.RequestSpecificationImpl.applyPathParamsAndSendRequest(RequestSpecificationImpl.groovy:1737)
	at sun.reflect.NativeMethodAccessorImpl.invoke0(Native Method)
	at sun.reflect.NativeMethodAccessorImpl.invoke(Unknown Source)
	at sun.reflect.DelegatingMethodAccessorImpl.invoke(Unknown Source)
	at java.lang.reflect.Method.invoke(Unknown Source)
	at org.codehaus.groovy.reflection.CachedMethod.invoke(CachedMethod.java:93)
	at groovy.lang.MetaMethod.doMethodInvoke(MetaMethod.java:325)
	at groovy.lang.MetaClassImpl.invokeMethod(MetaClassImpl.java:1218)
	at groovy.lang.MetaClassImpl.invokeMethod(MetaClassImpl.java:1027)
	at groovy.lang.MetaClassImpl.invokeMethod(MetaClassImpl.java:815)
	at io.restassured.internal.RequestSpecificationImpl.invokeMethod(RequestSpecificationImpl.groovy)
	at org.codehaus.groovy.runtime.callsite.PogoInterceptableSite.call(PogoInterceptableSite.java:48)
	at org.codehaus.groovy.runtime.callsite.PogoInterceptableSite.callCurrent(PogoInterceptableSite.java:58)
	at org.codehaus.groovy.runtime.callsite.AbstractCallSite.callCurrent(AbstractCallSite.java:182)
	at io.restassured.internal.RequestSpecificationImpl.get(RequestSpecificationImpl.groovy:170)
	at io.restassured.internal.RequestSpecificationImpl.get(RequestSpecificationImpl.groovy)
	at com.tibco.rest.test.DataDrivenTestCases.testcase(DataDrivenTestCases.java:210)
	at sun.reflect.NativeMethodAccessorImpl.invoke0(Native Method)
	at sun.reflect.NativeMethodAccessorImpl.invoke(Unknown Source)
	at sun.reflect.DelegatingMethodAccessorImpl.invoke(Unknown Source)
	at java.lang.reflect.Method.invoke(Unknown Source)
	at org.testng.internal.MethodInvocationHelper.invokeMethod(MethodInvocationHelper.java:108)
	at org.testng.internal.Invoker.invokeMethod(Invoker.java:661)
	at org.testng.internal.Invoker.invokeTestMethod(Invoker.java:869)
	at org.testng.internal.Invoker.invokeTestMethods(Invoker.java:1193)
	at org.testng.internal.TestMethodWorker.invokeTestMethods(TestMethodWorker.java:126)
	at org.testng.internal.TestMethodWorker.run(TestMethodWorker.java:109)
	at org.testng.TestRunner.privateRun(TestRunner.java:744)
	at org.testng.TestRunner.run(TestRunner.java:602)
	at org.testng.SuiteRunner.runTest(SuiteRunner.java:380)
	at org.testng.SuiteRunner.runSequentially(SuiteRunner.java:375)
	at org.testng.SuiteRunner.privateRun(SuiteRunner.java:340)
	at org.testng.SuiteRunner.run(SuiteRunner.java:289)
	at org.testng.SuiteRunnerWorker.runSuite(SuiteRunnerWorker.java:52)
	at org.testng.SuiteRunnerWorker.run(SuiteRunnerWorker.java:86)
	at org.testng.TestNG.runSuitesSequentially(TestNG.java:1301)
	at org.testng.TestNG.runSuitesLocally(TestNG.java:1226)
	at org.testng.TestNG.runSuites(TestNG.java:1144)
	at org.testng.TestNG.run(TestNG.java:1115)
	at org.testng.TestNG.privateMain(TestNG.java:1442)
	at org.testng.TestNG.main(TestNG.java:1411)
]]>
            </full-stacktrace>
          </exception> <!-- java.net.URISyntaxException -->
          <reporter-output>
            <line>
              <![CDATA[<div class="result_pshow result_fshow result_ishow" > <input checked type="checkbox" value="result_p" onclick="toggleResult(this)"/><span class="pass-label">P</span>ass<input checked type="checkbox" value="result_f" onclick="toggleResult(this)"/><span class="fail-label">F</span>ail<input checked type="checkbox" value="result_i" onclick="toggleResult(this)"/><span class="info-label">I</span>nfo</div>]]>
            </line>
          </reporter-output>
        </test-method> <!-- testcase -->
        <test-method status="PASS" signature="afterMethod(org.testng.ITestContext, org.testng.ITestResult, [Ljava.lang.Object;)[pri:0, instance:com.tibco.rest.test.DataDrivenTestCases@36b4cef0]" test-instance-name="ROLE-08" name="afterMethod" is-config="true" duration-ms="1" started-at="2021-08-25T07:53:16Z" finished-at="2021-08-25T07:53:16Z">
          <params>
            <param index="0">
              <value>
                <![CDATA[org.testng.TestRunner@27068a50]]>
              </value>
            </param>
            <param index="1">
              <value>
                <![CDATA[[TestResult name=ROLE-06 status=FAILURE method=DataDrivenTestCases.testcase(java.lang.String, java.lang.String, java.lang.String, java.lang.String, java.lang.String, java.lang.String, java.lang.String, java.lang.String, java.lang.String, java.lang.String, java.lang.String, java.lang.String)[pri:0, instance:com.tibco.rest.test.DataDrivenTestCases@36b4cef0] output=<div class="result_pshow result_fshow result_ishow" > <input checked type="checkbox" value="result_p" onclick="toggleResult(this)"/><span class="pass-label">P</span>ass<input checked type="checkbox" value="result_f" onclick="toggleResult(this)"/><span class="fail-label">F</span>ail<input checked type="checkbox" value="result_i" onclick="toggleResult(this)"/><span class="info-label">I</span>nfo</div>]]]>
              </value>
            </param>
            <param index="2">
              <value>
                <![CDATA[[Ljava.lang.Object;@3e9803c2]]>
              </value>
            </param>
          </params>
          <reporter-output>
          </reporter-output>
        </test-method> <!-- afterMethod -->
        <test-method status="PASS" signature="setupMethod([Ljava.lang.Object;)[pri:0, instance:com.tibco.rest.test.DataDrivenTestCases@36b4cef0]" test-instance-name="ROLE-08" name="setupMethod" is-config="true" duration-ms="2" started-at="2021-08-25T07:53:16Z" finished-at="2021-08-25T07:53:16Z">
          <params>
            <param index="0">
              <value>
                <![CDATA[[Ljava.lang.Object;@4525d1d3]]>
              </value>
            </param>
          </params>
          <reporter-output>
          </reporter-output>
        </test-method> <!-- setupMethod -->
        <test-method status="FAIL" signature="testcase(java.lang.String, java.lang.String, java.lang.String, java.lang.String, java.lang.String, java.lang.String, java.lang.String, java.lang.String, java.lang.String, java.lang.String, java.lang.String, java.lang.String)[pri:0, instance:com.tibco.rest.test.DataDrivenTestCases@36b4cef0]" test-instance-name="ROLE-08" name="testcase" duration-ms="49" started-at="2021-08-25T07:53:16Z" data-provider="GetTCData" finished-at="2021-08-25T07:53:16Z">
          <params>
            <param index="0">
              <value>
                <![CDATA[USER-04]]>
              </value>
            </param>
            <param index="1">
              <value>
                <![CDATA[PUT]]>
              </value>
            </param>
            <param index="2">
              <value>
                <![CDATA[/users/${USER-01.userID01}]]>
              </value>
            </param>
            <param index="3">
              <value is-null="true"/>
            </param>
            <param index="4">
              <value>
                <![CDATA[application/json]]>
              </value>
            </param>
            <param index="5">
              <value>
                <![CDATA[{
  "userType": "Internal",
  "userName": "Auto user Edited",
  "password": "password",
  "email": "auto@test.com",
  "roleIDs": [
   "${ROLE-01.roleID01}"
]
  
}]]>
              </value>
            </param>
            <param index="6">
              <value>
                <![CDATA[$..userID]]>
              </value>
            </param>
            <param index="7">
              <value>
                <![CDATA[!=]]>
              </value>
            </param>
            <param index="8">
              <value>
                <![CDATA[["[]"]]]>
              </value>
            </param>
            <param index="9">
              <value is-null="true"/>
            </param>
            <param index="10">
              <value is-null="true"/>
            </param>
            <param index="11">
              <value>
                <![CDATA[null]]>
              </value>
            </param>
          </params>
          <exception class="java.net.URISyntaxException">
            <message>
              <![CDATA[Illegal character in path at index 39: http://10.102.16.61:30001/cms/v1/users/[]]]>
            </message>
            <full-stacktrace>
              <![CDATA[java.net.URISyntaxException: Illegal character in path at index 39: http://10.102.16.61:30001/cms/v1/users/[]
	at java.net.URI$Parser.fail(Unknown Source)
	at java.net.URI$Parser.checkChars(Unknown Source)
	at java.net.URI$Parser.parseHierarchical(Unknown Source)
	at java.net.URI$Parser.parse(Unknown Source)
	at java.net.URI.<init>(Unknown Source)
	at io.restassured.internal.http.URIBuilder.convertToURI(URIBuilder.java:91)
	at io.restassured.internal.http.URIBuilder$convertToURI.call(Unknown Source)
	at io.restassured.internal.RequestSpecificationImpl.generateRequestUriForLogging(RequestSpecificationImpl.groovy:1193)
	at sun.reflect.GeneratedMethodAccessor32.invoke(Unknown Source)
	at sun.reflect.DelegatingMethodAccessorImpl.invoke(Unknown Source)
	at java.lang.reflect.Method.invoke(Unknown Source)
	at org.codehaus.groovy.reflection.CachedMethod.invoke(CachedMethod.java:93)
	at groovy.lang.MetaMethod.doMethodInvoke(MetaMethod.java:325)
	at groovy.lang.MetaClassImpl.invokeMethod(MetaClassImpl.java:1218)
	at groovy.lang.MetaClassImpl.invokeMethod(MetaClassImpl.java:1027)
	at groovy.lang.MetaClassImpl.invokeMethod(MetaClassImpl.java:815)
	at io.restassured.internal.RequestSpecificationImpl.invokeMethod(RequestSpecificationImpl.groovy)
	at org.codehaus.groovy.runtime.callsite.PogoInterceptableSite.call(PogoInterceptableSite.java:48)
	at org.codehaus.groovy.runtime.callsite.PogoInterceptableSite.callCurrent(PogoInterceptableSite.java:58)
	at org.codehaus.groovy.runtime.callsite.AbstractCallSite.callCurrent(AbstractCallSite.java:174)
	at io.restassured.internal.RequestSpecificationImpl.newFilterContext(RequestSpecificationImpl.groovy:1154)
	at sun.reflect.GeneratedMethodAccessor31.invoke(Unknown Source)
	at sun.reflect.DelegatingMethodAccessorImpl.invoke(Unknown Source)
	at java.lang.reflect.Method.invoke(Unknown Source)
	at org.codehaus.groovy.reflection.CachedMethod.invoke(CachedMethod.java:93)
	at groovy.lang.MetaMethod.doMethodInvoke(MetaMethod.java:325)
	at groovy.lang.MetaClassImpl.invokeMethod(MetaClassImpl.java:1218)
	at groovy.lang.MetaClassImpl.invokeMethod(MetaClassImpl.java:1027)
	at groovy.lang.MetaClassImpl.invokeMethod(MetaClassImpl.java:815)
	at io.restassured.internal.RequestSpecificationImpl.invokeMethod(RequestSpecificationImpl.groovy)
	at org.codehaus.groovy.runtime.callsite.PogoInterceptableSite.call(PogoInterceptableSite.java:48)
	at org.codehaus.groovy.runtime.callsite.PogoInterceptableSite.callCurrent(PogoInterceptableSite.java:58)
	at org.codehaus.groovy.runtime.callsite.AbstractCallSite.callCurrent(AbstractCallSite.java:182)
	at io.restassured.internal.RequestSpecificationImpl.applyPathParamsAndSendRequest(RequestSpecificationImpl.groovy:1729)
	at sun.reflect.NativeMethodAccessorImpl.invoke0(Native Method)
	at sun.reflect.NativeMethodAccessorImpl.invoke(Unknown Source)
	at sun.reflect.DelegatingMethodAccessorImpl.invoke(Unknown Source)
	at java.lang.reflect.Method.invoke(Unknown Source)
	at org.codehaus.groovy.reflection.CachedMethod.invoke(CachedMethod.java:93)
	at groovy.lang.MetaMethod.doMethodInvoke(MetaMethod.java:325)
	at groovy.lang.MetaClassImpl.invokeMethod(MetaClassImpl.java:1218)
	at groovy.lang.MetaClassImpl.invokeMethod(MetaClassImpl.java:1027)
	at groovy.lang.MetaClassImpl.invokeMethod(MetaClassImpl.java:815)
	at io.restassured.internal.RequestSpecificationImpl.invokeMethod(RequestSpecificationImpl.groovy)
	at org.codehaus.groovy.runtime.callsite.PogoInterceptableSite.call(PogoInterceptableSite.java:48)
	at org.codehaus.groovy.runtime.callsite.PogoInterceptableSite.callCurrent(PogoInterceptableSite.java:58)
	at org.codehaus.groovy.runtime.callsite.AbstractCallSite.callCurrent(AbstractCallSite.java:182)
	at io.restassured.internal.RequestSpecificationImpl.applyPathParamsAndSendRequest(RequestSpecificationImpl.groovy:1737)
	at sun.reflect.NativeMethodAccessorImpl.invoke0(Native Method)
	at sun.reflect.NativeMethodAccessorImpl.invoke(Unknown Source)
	at sun.reflect.DelegatingMethodAccessorImpl.invoke(Unknown Source)
	at java.lang.reflect.Method.invoke(Unknown Source)
	at org.codehaus.groovy.reflection.CachedMethod.invoke(CachedMethod.java:93)
	at groovy.lang.MetaMethod.doMethodInvoke(MetaMethod.java:325)
	at groovy.lang.MetaClassImpl.invokeMethod(MetaClassImpl.java:1218)
	at groovy.lang.MetaClassImpl.invokeMethod(MetaClassImpl.java:1027)
	at groovy.lang.MetaClassImpl.invokeMethod(MetaClassImpl.java:815)
	at io.restassured.internal.RequestSpecificationImpl.invokeMethod(RequestSpecificationImpl.groovy)
	at org.codehaus.groovy.runtime.callsite.PogoInterceptableSite.call(PogoInterceptableSite.java:48)
	at org.codehaus.groovy.runtime.callsite.PogoInterceptableSite.callCurrent(PogoInterceptableSite.java:58)
	at org.codehaus.groovy.runtime.callsite.AbstractCallSite.callCurrent(AbstractCallSite.java:182)
	at io.restassured.internal.RequestSpecificationImpl.put(RequestSpecificationImpl.groovy:178)
	at io.restassured.internal.RequestSpecificationImpl.put(RequestSpecificationImpl.groovy)
	at com.tibco.rest.test.DataDrivenTestCases.testcase(DataDrivenTestCases.java:214)
	at sun.reflect.NativeMethodAccessorImpl.invoke0(Native Method)
	at sun.reflect.NativeMethodAccessorImpl.invoke(Unknown Source)
	at sun.reflect.DelegatingMethodAccessorImpl.invoke(Unknown Source)
	at java.lang.reflect.Method.invoke(Unknown Source)
	at org.testng.internal.MethodInvocationHelper.invokeMethod(MethodInvocationHelper.java:108)
	at org.testng.internal.Invoker.invokeMethod(Invoker.java:661)
	at org.testng.internal.Invoker.invokeTestMethod(Invoker.java:869)
	at org.testng.internal.Invoker.invokeTestMethods(Invoker.java:1193)
	at org.testng.internal.TestMethodWorker.invokeTestMethods(TestMethodWorker.java:126)
	at org.testng.internal.TestMethodWorker.run(TestMethodWorker.java:109)
	at org.testng.TestRunner.privateRun(TestRunner.java:744)
	at org.testng.TestRunner.run(TestRunner.java:602)
	at org.testng.SuiteRunner.runTest(SuiteRunner.java:380)
	at org.testng.SuiteRunner.runSequentially(SuiteRunner.java:375)
	at org.testng.SuiteRunner.privateRun(SuiteRunner.java:340)
	at org.testng.SuiteRunner.run(SuiteRunner.java:289)
	at org.testng.SuiteRunnerWorker.runSuite(SuiteRunnerWorker.java:52)
	at org.testng.SuiteRunnerWorker.run(SuiteRunnerWorker.java:86)
	at org.testng.TestNG.runSuitesSequentially(TestNG.java:1301)
	at org.testng.TestNG.runSuitesLocally(TestNG.java:1226)
	at org.testng.TestNG.runSuites(TestNG.java:1144)
	at org.testng.TestNG.run(TestNG.java:1115)
	at org.testng.TestNG.privateMain(TestNG.java:1442)
	at org.testng.TestNG.main(TestNG.java:1411)
]]>
            </full-stacktrace>
          </exception> <!-- java.net.URISyntaxException -->
          <reporter-output>
            <line>
              <![CDATA[<div class="result_pshow result_fshow result_ishow" > <input checked type="checkbox" value="result_p" onclick="toggleResult(this)"/><span class="pass-label">P</span>ass<input checked type="checkbox" value="result_f" onclick="toggleResult(this)"/><span class="fail-label">F</span>ail<input checked type="checkbox" value="result_i" onclick="toggleResult(this)"/><span class="info-label">I</span>nfo</div>]]>
            </line>
          </reporter-output>
        </test-method> <!-- testcase -->
        <test-method status="PASS" signature="afterMethod(org.testng.ITestContext, org.testng.ITestResult, [Ljava.lang.Object;)[pri:0, instance:com.tibco.rest.test.DataDrivenTestCases@36b4cef0]" test-instance-name="ROLE-08" name="afterMethod" is-config="true" duration-ms="0" started-at="2021-08-25T07:53:16Z" finished-at="2021-08-25T07:53:16Z">
          <params>
            <param index="0">
              <value>
                <![CDATA[org.testng.TestRunner@27068a50]]>
              </value>
            </param>
            <param index="1">
              <value>
                <![CDATA[[TestResult name=USER-04 status=FAILURE method=DataDrivenTestCases.testcase(java.lang.String, java.lang.String, java.lang.String, java.lang.String, java.lang.String, java.lang.String, java.lang.String, java.lang.String, java.lang.String, java.lang.String, java.lang.String, java.lang.String)[pri:0, instance:com.tibco.rest.test.DataDrivenTestCases@36b4cef0] output=<div class="result_pshow result_fshow result_ishow" > <input checked type="checkbox" value="result_p" onclick="toggleResult(this)"/><span class="pass-label">P</span>ass<input checked type="checkbox" value="result_f" onclick="toggleResult(this)"/><span class="fail-label">F</span>ail<input checked type="checkbox" value="result_i" onclick="toggleResult(this)"/><span class="info-label">I</span>nfo</div>]]]>
              </value>
            </param>
            <param index="2">
              <value>
                <![CDATA[[Ljava.lang.Object;@4525d1d3]]>
              </value>
            </param>
          </params>
          <reporter-output>
          </reporter-output>
        </test-method> <!-- afterMethod -->
        <test-method status="PASS" signature="setupMethod([Ljava.lang.Object;)[pri:0, instance:com.tibco.rest.test.DataDrivenTestCases@36b4cef0]" test-instance-name="ROLE-08" name="setupMethod" is-config="true" duration-ms="0" started-at="2021-08-25T07:53:16Z" finished-at="2021-08-25T07:53:16Z">
          <params>
            <param index="0">
              <value>
                <![CDATA[[Ljava.lang.Object;@7c974942]]>
              </value>
            </param>
          </params>
          <reporter-output>
          </reporter-output>
        </test-method> <!-- setupMethod -->
        <test-method status="FAIL" signature="testcase(java.lang.String, java.lang.String, java.lang.String, java.lang.String, java.lang.String, java.lang.String, java.lang.String, java.lang.String, java.lang.String, java.lang.String, java.lang.String, java.lang.String)[pri:0, instance:com.tibco.rest.test.DataDrivenTestCases@36b4cef0]" test-instance-name="ROLE-08" name="testcase" duration-ms="1280" started-at="2021-08-25T07:53:16Z" data-provider="GetTCData" finished-at="2021-08-25T07:53:17Z">
          <params>
            <param index="0">
              <value>
                <![CDATA[USER-05]]>
              </value>
            </param>
            <param index="1">
              <value>
                <![CDATA[POST]]>
              </value>
            </param>
            <param index="2">
              <value>
                <![CDATA[/users]]>
              </value>
            </param>
            <param index="3">
              <value is-null="true"/>
            </param>
            <param index="4">
              <value>
                <![CDATA[application/json]]>
              </value>
            </param>
            <param index="5">
              <value>
                <![CDATA[{
  "userType": "Internal",
  "userName": "Auto User Edited",
  "password": "password",
  "email": "auto@test.com",
  "roleIDs": [
  "'${ROLE-01.roleID01}'"
  ]
}]]>
              </value>
            </param>
            <param index="6">
              <value>
                <![CDATA[$..errorCode]]>
              </value>
            </param>
            <param index="7">
              <value>
                <![CDATA[=]]>
              </value>
            </param>
            <param index="8">
              <value>
                <![CDATA[["BCCE-3303"]]]>
              </value>
            </param>
            <param index="9">
              <value is-null="true"/>
            </param>
            <param index="10">
              <value is-null="true"/>
            </param>
            <param index="11">
              <value>
                <![CDATA[null]]>
              </value>
            </param>
          </params>
          <exception class="java.lang.AssertionError">
            <message>
              <![CDATA[Expected value should be "BCCE-3303" : Actual value is ""]]>
            </message>
            <full-stacktrace>
              <![CDATA[java.lang.AssertionError: Expected value should be "BCCE-3303" : Actual value is ""
	at com.tibco.rest.restAssured.Assertions.assertTrue(Assertions.java:166)
	at com.tibco.rest.restAssured.Assertions.assertEquals(Assertions.java:183)
	at com.tibco.rest.test.DataDrivenTestCases.verifyResponse(DataDrivenTestCases.java:508)
	at com.tibco.rest.test.DataDrivenTestCases.testcase(DataDrivenTestCases.java:377)
	at sun.reflect.NativeMethodAccessorImpl.invoke0(Native Method)
	at sun.reflect.NativeMethodAccessorImpl.invoke(Unknown Source)
	at sun.reflect.DelegatingMethodAccessorImpl.invoke(Unknown Source)
	at java.lang.reflect.Method.invoke(Unknown Source)
	at org.testng.internal.MethodInvocationHelper.invokeMethod(MethodInvocationHelper.java:108)
	at org.testng.internal.Invoker.invokeMethod(Invoker.java:661)
	at org.testng.internal.Invoker.invokeTestMethod(Invoker.java:869)
	at org.testng.internal.Invoker.invokeTestMethods(Invoker.java:1193)
	at org.testng.internal.TestMethodWorker.invokeTestMethods(TestMethodWorker.java:126)
	at org.testng.internal.TestMethodWorker.run(TestMethodWorker.java:109)
	at org.testng.TestRunner.privateRun(TestRunner.java:744)
	at org.testng.TestRunner.run(TestRunner.java:602)
	at org.testng.SuiteRunner.runTest(SuiteRunner.java:380)
	at org.testng.SuiteRunner.runSequentially(SuiteRunner.java:375)
	at org.testng.SuiteRunner.privateRun(SuiteRunner.java:340)
	at org.testng.SuiteRunner.run(SuiteRunner.java:289)
	at org.testng.SuiteRunnerWorker.runSuite(SuiteRunnerWorker.java:52)
	at org.testng.SuiteRunnerWorker.run(SuiteRunnerWorker.java:86)
	at org.testng.TestNG.runSuitesSequentially(TestNG.java:1301)
	at org.testng.TestNG.runSuitesLocally(TestNG.java:1226)
	at org.testng.TestNG.runSuites(TestNG.java:1144)
	at org.testng.TestNG.run(TestNG.java:1115)
	at org.testng.TestNG.privateMain(TestNG.java:1442)
	at org.testng.TestNG.main(TestNG.java:1411)
]]>
            </full-stacktrace>
          </exception> <!-- java.lang.AssertionError -->
          <reporter-output>
            <line>
              <![CDATA[<div class="result_pshow result_fshow result_ishow" > <input checked type="checkbox" value="result_p" onclick="toggleResult(this)"/><span class="pass-label">P</span>ass<input checked type="checkbox" value="result_f" onclick="toggleResult(this)"/><span class="fail-label">F</span>ail<input checked type="checkbox" value="result_i" onclick="toggleResult(this)"/><span class="info-label">I</span>nfo<div  class="info"><span class="info-label">I </span> <a href="response/Test1//USER-05.json" target="_blank">[View Response]</a> </div><div  class="info"><span class="info-label">I </span>Response Code : 200</div><div  class="fail"><span class="fail-label">F </span>Expected value should be "BCCE-3303" : Actual value is ""</div></div>]]>
            </line>
          </reporter-output>
        </test-method> <!-- testcase -->
        <test-method status="PASS" signature="afterMethod(org.testng.ITestContext, org.testng.ITestResult, [Ljava.lang.Object;)[pri:0, instance:com.tibco.rest.test.DataDrivenTestCases@36b4cef0]" test-instance-name="ROLE-08" name="afterMethod" is-config="true" duration-ms="1" started-at="2021-08-25T07:53:17Z" finished-at="2021-08-25T07:53:17Z">
          <params>
            <param index="0">
              <value>
                <![CDATA[org.testng.TestRunner@27068a50]]>
              </value>
            </param>
            <param index="1">
              <value>
                <![CDATA[[TestResult name=USER-05 status=FAILURE method=DataDrivenTestCases.testcase(java.lang.String, java.lang.String, java.lang.String, java.lang.String, java.lang.String, java.lang.String, java.lang.String, java.lang.String, java.lang.String, java.lang.String, java.lang.String, java.lang.String)[pri:0, instance:com.tibco.rest.test.DataDrivenTestCases@36b4cef0] output=<div class="result_pshow result_fshow result_ishow" > <input checked type="checkbox" value="result_p" onclick="toggleResult(this)"/><span class="pass-label">P</span>ass<input checked type="checkbox" value="result_f" onclick="toggleResult(this)"/><span class="fail-label">F</span>ail<input checked type="checkbox" value="result_i" onclick="toggleResult(this)"/><span class="info-label">I</span>nfo<div  class="info"><span class="info-label">I </span> <a href="response/Test1//USER-05.json" target="_blank">[View Response]</a> </div><div  class="info"><span class="info-label">I </span>Response Code : 200</div><div  class="fail"><span class="fail-label">F </span>Expected value should be "BCCE-3303" : Actual value is ""</div></div>]]]>
              </value>
            </param>
            <param index="2">
              <value>
                <![CDATA[[Ljava.lang.Object;@7c974942]]>
              </value>
            </param>
          </params>
          <reporter-output>
          </reporter-output>
        </test-method> <!-- afterMethod -->
        <test-method status="PASS" signature="setupMethod([Ljava.lang.Object;)[pri:0, instance:com.tibco.rest.test.DataDrivenTestCases@36b4cef0]" test-instance-name="ROLE-08" name="setupMethod" is-config="true" duration-ms="11" started-at="2021-08-25T07:53:17Z" finished-at="2021-08-25T07:53:17Z">
          <params>
            <param index="0">
              <value>
                <![CDATA[[Ljava.lang.Object;@1eea9d2d]]>
              </value>
            </param>
          </params>
          <reporter-output>
          </reporter-output>
        </test-method> <!-- setupMethod -->
        <test-method status="FAIL" signature="testcase(java.lang.String, java.lang.String, java.lang.String, java.lang.String, java.lang.String, java.lang.String, java.lang.String, java.lang.String, java.lang.String, java.lang.String, java.lang.String, java.lang.String)[pri:0, instance:com.tibco.rest.test.DataDrivenTestCases@36b4cef0]" test-instance-name="ROLE-08" name="testcase" duration-ms="41" started-at="2021-08-25T07:53:17Z" data-provider="GetTCData" finished-at="2021-08-25T07:53:17Z">
          <params>
            <param index="0">
              <value>
                <![CDATA[USER-06]]>
              </value>
            </param>
            <param index="1">
              <value>
                <![CDATA[GET]]>
              </value>
            </param>
            <param index="2">
              <value>
                <![CDATA[/users/${USER-01.userID01}]]>
              </value>
            </param>
            <param index="3">
              <value is-null="true"/>
            </param>
            <param index="4">
              <value>
                <![CDATA[application/json]]>
              </value>
            </param>
            <param index="5">
              <value is-null="true"/>
            </param>
            <param index="6">
              <value>
                <![CDATA[$..userName]]>
              </value>
            </param>
            <param index="7">
              <value>
                <![CDATA[=]]>
              </value>
            </param>
            <param index="8">
              <value>
                <![CDATA[["Auto user Edited"]]]>
              </value>
            </param>
            <param index="9">
              <value is-null="true"/>
            </param>
            <param index="10">
              <value is-null="true"/>
            </param>
            <param index="11">
              <value>
                <![CDATA[null]]>
              </value>
            </param>
          </params>
          <exception class="java.net.URISyntaxException">
            <message>
              <![CDATA[Illegal character in path at index 39: http://10.102.16.61:30001/cms/v1/users/[]]]>
            </message>
            <full-stacktrace>
              <![CDATA[java.net.URISyntaxException: Illegal character in path at index 39: http://10.102.16.61:30001/cms/v1/users/[]
	at java.net.URI$Parser.fail(Unknown Source)
	at java.net.URI$Parser.checkChars(Unknown Source)
	at java.net.URI$Parser.parseHierarchical(Unknown Source)
	at java.net.URI$Parser.parse(Unknown Source)
	at java.net.URI.<init>(Unknown Source)
	at io.restassured.internal.http.URIBuilder.convertToURI(URIBuilder.java:91)
	at io.restassured.internal.http.URIBuilder$convertToURI.call(Unknown Source)
	at io.restassured.internal.RequestSpecificationImpl.generateRequestUriForLogging(RequestSpecificationImpl.groovy:1193)
	at sun.reflect.GeneratedMethodAccessor32.invoke(Unknown Source)
	at sun.reflect.DelegatingMethodAccessorImpl.invoke(Unknown Source)
	at java.lang.reflect.Method.invoke(Unknown Source)
	at org.codehaus.groovy.reflection.CachedMethod.invoke(CachedMethod.java:93)
	at groovy.lang.MetaMethod.doMethodInvoke(MetaMethod.java:325)
	at groovy.lang.MetaClassImpl.invokeMethod(MetaClassImpl.java:1218)
	at groovy.lang.MetaClassImpl.invokeMethod(MetaClassImpl.java:1027)
	at groovy.lang.MetaClassImpl.invokeMethod(MetaClassImpl.java:815)
	at io.restassured.internal.RequestSpecificationImpl.invokeMethod(RequestSpecificationImpl.groovy)
	at org.codehaus.groovy.runtime.callsite.PogoInterceptableSite.call(PogoInterceptableSite.java:48)
	at org.codehaus.groovy.runtime.callsite.PogoInterceptableSite.callCurrent(PogoInterceptableSite.java:58)
	at org.codehaus.groovy.runtime.callsite.AbstractCallSite.callCurrent(AbstractCallSite.java:174)
	at io.restassured.internal.RequestSpecificationImpl.newFilterContext(RequestSpecificationImpl.groovy:1154)
	at sun.reflect.GeneratedMethodAccessor31.invoke(Unknown Source)
	at sun.reflect.DelegatingMethodAccessorImpl.invoke(Unknown Source)
	at java.lang.reflect.Method.invoke(Unknown Source)
	at org.codehaus.groovy.reflection.CachedMethod.invoke(CachedMethod.java:93)
	at groovy.lang.MetaMethod.doMethodInvoke(MetaMethod.java:325)
	at groovy.lang.MetaClassImpl.invokeMethod(MetaClassImpl.java:1218)
	at groovy.lang.MetaClassImpl.invokeMethod(MetaClassImpl.java:1027)
	at groovy.lang.MetaClassImpl.invokeMethod(MetaClassImpl.java:815)
	at io.restassured.internal.RequestSpecificationImpl.invokeMethod(RequestSpecificationImpl.groovy)
	at org.codehaus.groovy.runtime.callsite.PogoInterceptableSite.call(PogoInterceptableSite.java:48)
	at org.codehaus.groovy.runtime.callsite.PogoInterceptableSite.callCurrent(PogoInterceptableSite.java:58)
	at org.codehaus.groovy.runtime.callsite.AbstractCallSite.callCurrent(AbstractCallSite.java:182)
	at io.restassured.internal.RequestSpecificationImpl.applyPathParamsAndSendRequest(RequestSpecificationImpl.groovy:1729)
	at sun.reflect.NativeMethodAccessorImpl.invoke0(Native Method)
	at sun.reflect.NativeMethodAccessorImpl.invoke(Unknown Source)
	at sun.reflect.DelegatingMethodAccessorImpl.invoke(Unknown Source)
	at java.lang.reflect.Method.invoke(Unknown Source)
	at org.codehaus.groovy.reflection.CachedMethod.invoke(CachedMethod.java:93)
	at groovy.lang.MetaMethod.doMethodInvoke(MetaMethod.java:325)
	at groovy.lang.MetaClassImpl.invokeMethod(MetaClassImpl.java:1218)
	at groovy.lang.MetaClassImpl.invokeMethod(MetaClassImpl.java:1027)
	at groovy.lang.MetaClassImpl.invokeMethod(MetaClassImpl.java:815)
	at io.restassured.internal.RequestSpecificationImpl.invokeMethod(RequestSpecificationImpl.groovy)
	at org.codehaus.groovy.runtime.callsite.PogoInterceptableSite.call(PogoInterceptableSite.java:48)
	at org.codehaus.groovy.runtime.callsite.PogoInterceptableSite.callCurrent(PogoInterceptableSite.java:58)
	at org.codehaus.groovy.runtime.callsite.AbstractCallSite.callCurrent(AbstractCallSite.java:182)
	at io.restassured.internal.RequestSpecificationImpl.applyPathParamsAndSendRequest(RequestSpecificationImpl.groovy:1737)
	at sun.reflect.NativeMethodAccessorImpl.invoke0(Native Method)
	at sun.reflect.NativeMethodAccessorImpl.invoke(Unknown Source)
	at sun.reflect.DelegatingMethodAccessorImpl.invoke(Unknown Source)
	at java.lang.reflect.Method.invoke(Unknown Source)
	at org.codehaus.groovy.reflection.CachedMethod.invoke(CachedMethod.java:93)
	at groovy.lang.MetaMethod.doMethodInvoke(MetaMethod.java:325)
	at groovy.lang.MetaClassImpl.invokeMethod(MetaClassImpl.java:1218)
	at groovy.lang.MetaClassImpl.invokeMethod(MetaClassImpl.java:1027)
	at groovy.lang.MetaClassImpl.invokeMethod(MetaClassImpl.java:815)
	at io.restassured.internal.RequestSpecificationImpl.invokeMethod(RequestSpecificationImpl.groovy)
	at org.codehaus.groovy.runtime.callsite.PogoInterceptableSite.call(PogoInterceptableSite.java:48)
	at org.codehaus.groovy.runtime.callsite.PogoInterceptableSite.callCurrent(PogoInterceptableSite.java:58)
	at org.codehaus.groovy.runtime.callsite.AbstractCallSite.callCurrent(AbstractCallSite.java:182)
	at io.restassured.internal.RequestSpecificationImpl.get(RequestSpecificationImpl.groovy:170)
	at io.restassured.internal.RequestSpecificationImpl.get(RequestSpecificationImpl.groovy)
	at com.tibco.rest.test.DataDrivenTestCases.testcase(DataDrivenTestCases.java:210)
	at sun.reflect.NativeMethodAccessorImpl.invoke0(Native Method)
	at sun.reflect.NativeMethodAccessorImpl.invoke(Unknown Source)
	at sun.reflect.DelegatingMethodAccessorImpl.invoke(Unknown Source)
	at java.lang.reflect.Method.invoke(Unknown Source)
	at org.testng.internal.MethodInvocationHelper.invokeMethod(MethodInvocationHelper.java:108)
	at org.testng.internal.Invoker.invokeMethod(Invoker.java:661)
	at org.testng.internal.Invoker.invokeTestMethod(Invoker.java:869)
	at org.testng.internal.Invoker.invokeTestMethods(Invoker.java:1193)
	at org.testng.internal.TestMethodWorker.invokeTestMethods(TestMethodWorker.java:126)
	at org.testng.internal.TestMethodWorker.run(TestMethodWorker.java:109)
	at org.testng.TestRunner.privateRun(TestRunner.java:744)
	at org.testng.TestRunner.run(TestRunner.java:602)
	at org.testng.SuiteRunner.runTest(SuiteRunner.java:380)
	at org.testng.SuiteRunner.runSequentially(SuiteRunner.java:375)
	at org.testng.SuiteRunner.privateRun(SuiteRunner.java:340)
	at org.testng.SuiteRunner.run(SuiteRunner.java:289)
	at org.testng.SuiteRunnerWorker.runSuite(SuiteRunnerWorker.java:52)
	at org.testng.SuiteRunnerWorker.run(SuiteRunnerWorker.java:86)
	at org.testng.TestNG.runSuitesSequentially(TestNG.java:1301)
	at org.testng.TestNG.runSuitesLocally(TestNG.java:1226)
	at org.testng.TestNG.runSuites(TestNG.java:1144)
	at org.testng.TestNG.run(TestNG.java:1115)
	at org.testng.TestNG.privateMain(TestNG.java:1442)
	at org.testng.TestNG.main(TestNG.java:1411)
]]>
            </full-stacktrace>
          </exception> <!-- java.net.URISyntaxException -->
          <reporter-output>
            <line>
              <![CDATA[<div class="result_pshow result_fshow result_ishow" > <input checked type="checkbox" value="result_p" onclick="toggleResult(this)"/><span class="pass-label">P</span>ass<input checked type="checkbox" value="result_f" onclick="toggleResult(this)"/><span class="fail-label">F</span>ail<input checked type="checkbox" value="result_i" onclick="toggleResult(this)"/><span class="info-label">I</span>nfo</div>]]>
            </line>
          </reporter-output>
        </test-method> <!-- testcase -->
        <test-method status="PASS" signature="afterMethod(org.testng.ITestContext, org.testng.ITestResult, [Ljava.lang.Object;)[pri:0, instance:com.tibco.rest.test.DataDrivenTestCases@36b4cef0]" test-instance-name="ROLE-08" name="afterMethod" is-config="true" duration-ms="1" started-at="2021-08-25T07:53:17Z" finished-at="2021-08-25T07:53:17Z">
          <params>
            <param index="0">
              <value>
                <![CDATA[org.testng.TestRunner@27068a50]]>
              </value>
            </param>
            <param index="1">
              <value>
                <![CDATA[[TestResult name=USER-06 status=FAILURE method=DataDrivenTestCases.testcase(java.lang.String, java.lang.String, java.lang.String, java.lang.String, java.lang.String, java.lang.String, java.lang.String, java.lang.String, java.lang.String, java.lang.String, java.lang.String, java.lang.String)[pri:0, instance:com.tibco.rest.test.DataDrivenTestCases@36b4cef0] output=<div class="result_pshow result_fshow result_ishow" > <input checked type="checkbox" value="result_p" onclick="toggleResult(this)"/><span class="pass-label">P</span>ass<input checked type="checkbox" value="result_f" onclick="toggleResult(this)"/><span class="fail-label">F</span>ail<input checked type="checkbox" value="result_i" onclick="toggleResult(this)"/><span class="info-label">I</span>nfo</div>]]]>
              </value>
            </param>
            <param index="2">
              <value>
                <![CDATA[[Ljava.lang.Object;@1eea9d2d]]>
              </value>
            </param>
          </params>
          <reporter-output>
          </reporter-output>
        </test-method> <!-- afterMethod -->
        <test-method status="PASS" signature="setupMethod([Ljava.lang.Object;)[pri:0, instance:com.tibco.rest.test.DataDrivenTestCases@36b4cef0]" test-instance-name="ROLE-08" name="setupMethod" is-config="true" duration-ms="9" started-at="2021-08-25T07:53:17Z" finished-at="2021-08-25T07:53:17Z">
          <params>
            <param index="0">
              <value>
                <![CDATA[[Ljava.lang.Object;@60921b21]]>
              </value>
            </param>
          </params>
          <reporter-output>
          </reporter-output>
        </test-method> <!-- setupMethod -->
        <test-method status="FAIL" signature="testcase(java.lang.String, java.lang.String, java.lang.String, java.lang.String, java.lang.String, java.lang.String, java.lang.String, java.lang.String, java.lang.String, java.lang.String, java.lang.String, java.lang.String)[pri:0, instance:com.tibco.rest.test.DataDrivenTestCases@36b4cef0]" test-instance-name="ROLE-08" name="testcase" duration-ms="810" started-at="2021-08-25T07:53:17Z" data-provider="GetTCData" finished-at="2021-08-25T07:53:18Z">
          <params>
            <param index="0">
              <value>
                <![CDATA[ROLE-07]]>
              </value>
            </param>
            <param index="1">
              <value>
                <![CDATA[POST]]>
              </value>
            </param>
            <param index="2">
              <value>
                <![CDATA[/roles/delete]]>
              </value>
            </param>
            <param index="3">
              <value is-null="true"/>
            </param>
            <param index="4">
              <value>
                <![CDATA[application/json]]>
              </value>
            </param>
            <param index="5">
              <value>
                <![CDATA[{
  "roleIDs": [
   "${ROLE-01.roleID01}"
  ]
}]]>
              </value>
            </param>
            <param index="6">
              <value>
                <![CDATA[$..errorCode]]>
              </value>
            </param>
            <param index="7">
              <value>
                <![CDATA[=]]>
              </value>
            </param>
            <param index="8">
              <value>
                <![CDATA[["BCCE-3202"]]]>
              </value>
            </param>
            <param index="9">
              <value is-null="true"/>
            </param>
            <param index="10">
              <value is-null="true"/>
            </param>
            <param index="11">
              <value>
                <![CDATA[null]]>
              </value>
            </param>
          </params>
          <exception class="java.lang.AssertionError">
            <message>
              <![CDATA[Expected value should be "BCCE-3202" : Actual value is ""]]>
            </message>
            <full-stacktrace>
              <![CDATA[java.lang.AssertionError: Expected value should be "BCCE-3202" : Actual value is ""
	at com.tibco.rest.restAssured.Assertions.assertTrue(Assertions.java:166)
	at com.tibco.rest.restAssured.Assertions.assertEquals(Assertions.java:183)
	at com.tibco.rest.test.DataDrivenTestCases.verifyResponse(DataDrivenTestCases.java:508)
	at com.tibco.rest.test.DataDrivenTestCases.testcase(DataDrivenTestCases.java:377)
	at sun.reflect.NativeMethodAccessorImpl.invoke0(Native Method)
	at sun.reflect.NativeMethodAccessorImpl.invoke(Unknown Source)
	at sun.reflect.DelegatingMethodAccessorImpl.invoke(Unknown Source)
	at java.lang.reflect.Method.invoke(Unknown Source)
	at org.testng.internal.MethodInvocationHelper.invokeMethod(MethodInvocationHelper.java:108)
	at org.testng.internal.Invoker.invokeMethod(Invoker.java:661)
	at org.testng.internal.Invoker.invokeTestMethod(Invoker.java:869)
	at org.testng.internal.Invoker.invokeTestMethods(Invoker.java:1193)
	at org.testng.internal.TestMethodWorker.invokeTestMethods(TestMethodWorker.java:126)
	at org.testng.internal.TestMethodWorker.run(TestMethodWorker.java:109)
	at org.testng.TestRunner.privateRun(TestRunner.java:744)
	at org.testng.TestRunner.run(TestRunner.java:602)
	at org.testng.SuiteRunner.runTest(SuiteRunner.java:380)
	at org.testng.SuiteRunner.runSequentially(SuiteRunner.java:375)
	at org.testng.SuiteRunner.privateRun(SuiteRunner.java:340)
	at org.testng.SuiteRunner.run(SuiteRunner.java:289)
	at org.testng.SuiteRunnerWorker.runSuite(SuiteRunnerWorker.java:52)
	at org.testng.SuiteRunnerWorker.run(SuiteRunnerWorker.java:86)
	at org.testng.TestNG.runSuitesSequentially(TestNG.java:1301)
	at org.testng.TestNG.runSuitesLocally(TestNG.java:1226)
	at org.testng.TestNG.runSuites(TestNG.java:1144)
	at org.testng.TestNG.run(TestNG.java:1115)
	at org.testng.TestNG.privateMain(TestNG.java:1442)
	at org.testng.TestNG.main(TestNG.java:1411)
]]>
            </full-stacktrace>
          </exception> <!-- java.lang.AssertionError -->
          <reporter-output>
            <line>
              <![CDATA[<div class="result_pshow result_fshow result_ishow" > <input checked type="checkbox" value="result_p" onclick="toggleResult(this)"/><span class="pass-label">P</span>ass<input checked type="checkbox" value="result_f" onclick="toggleResult(this)"/><span class="fail-label">F</span>ail<input checked type="checkbox" value="result_i" onclick="toggleResult(this)"/><span class="info-label">I</span>nfo<div  class="info"><span class="info-label">I </span> <a href="response/Test1//ROLE-07.json" target="_blank">[View Response]</a> </div><div  class="info"><span class="info-label">I </span>Response Code : 200</div><div  class="fail"><span class="fail-label">F </span>Expected value should be "BCCE-3202" : Actual value is ""</div></div>]]>
            </line>
          </reporter-output>
        </test-method> <!-- testcase -->
        <test-method status="PASS" signature="afterMethod(org.testng.ITestContext, org.testng.ITestResult, [Ljava.lang.Object;)[pri:0, instance:com.tibco.rest.test.DataDrivenTestCases@36b4cef0]" test-instance-name="ROLE-08" name="afterMethod" is-config="true" duration-ms="0" started-at="2021-08-25T07:53:18Z" finished-at="2021-08-25T07:53:18Z">
          <params>
            <param index="0">
              <value>
                <![CDATA[org.testng.TestRunner@27068a50]]>
              </value>
            </param>
            <param index="1">
              <value>
                <![CDATA[[TestResult name=ROLE-07 status=FAILURE method=DataDrivenTestCases.testcase(java.lang.String, java.lang.String, java.lang.String, java.lang.String, java.lang.String, java.lang.String, java.lang.String, java.lang.String, java.lang.String, java.lang.String, java.lang.String, java.lang.String)[pri:0, instance:com.tibco.rest.test.DataDrivenTestCases@36b4cef0] output=<div class="result_pshow result_fshow result_ishow" > <input checked type="checkbox" value="result_p" onclick="toggleResult(this)"/><span class="pass-label">P</span>ass<input checked type="checkbox" value="result_f" onclick="toggleResult(this)"/><span class="fail-label">F</span>ail<input checked type="checkbox" value="result_i" onclick="toggleResult(this)"/><span class="info-label">I</span>nfo<div  class="info"><span class="info-label">I </span> <a href="response/Test1//ROLE-07.json" target="_blank">[View Response]</a> </div><div  class="info"><span class="info-label">I </span>Response Code : 200</div><div  class="fail"><span class="fail-label">F </span>Expected value should be "BCCE-3202" : Actual value is ""</div></div>]]]>
              </value>
            </param>
            <param index="2">
              <value>
                <![CDATA[[Ljava.lang.Object;@60921b21]]>
              </value>
            </param>
          </params>
          <reporter-output>
          </reporter-output>
        </test-method> <!-- afterMethod -->
        <test-method status="PASS" signature="setupMethod([Ljava.lang.Object;)[pri:0, instance:com.tibco.rest.test.DataDrivenTestCases@36b4cef0]" test-instance-name="ROLE-08" name="setupMethod" is-config="true" duration-ms="0" started-at="2021-08-25T07:53:18Z" finished-at="2021-08-25T07:53:18Z">
          <params>
            <param index="0">
              <value>
                <![CDATA[[Ljava.lang.Object;@bd2f5a9]]>
              </value>
            </param>
          </params>
          <reporter-output>
          </reporter-output>
        </test-method> <!-- setupMethod -->
        <test-method status="FAIL" signature="testcase(java.lang.String, java.lang.String, java.lang.String, java.lang.String, java.lang.String, java.lang.String, java.lang.String, java.lang.String, java.lang.String, java.lang.String, java.lang.String, java.lang.String)[pri:0, instance:com.tibco.rest.test.DataDrivenTestCases@36b4cef0]" test-instance-name="ROLE-08" name="testcase" duration-ms="808" started-at="2021-08-25T07:53:18Z" data-provider="GetTCData" finished-at="2021-08-25T07:53:19Z">
          <params>
            <param index="0">
              <value>
                <![CDATA[USER-07]]>
              </value>
            </param>
            <param index="1">
              <value>
                <![CDATA[POST]]>
              </value>
            </param>
            <param index="2">
              <value>
                <![CDATA[/users/delete]]>
              </value>
            </param>
            <param index="3">
              <value is-null="true"/>
            </param>
            <param index="4">
              <value>
                <![CDATA[application/json]]>
              </value>
            </param>
            <param index="5">
              <value>
                <![CDATA[{
  "userIDs": [
    "${USER-01.userID01}"
  ]
}]]>
              </value>
            </param>
            <param index="6">
              <value>
                <![CDATA[$..userIDs]]>
              </value>
            </param>
            <param index="7">
              <value>
                <![CDATA[!=]]>
              </value>
            </param>
            <param index="8">
              <value>
                <![CDATA[["'[]'"]]]>
              </value>
            </param>
            <param index="9">
              <value is-null="true"/>
            </param>
            <param index="10">
              <value is-null="true"/>
            </param>
            <param index="11">
              <value>
                <![CDATA[null]]>
              </value>
            </param>
          </params>
          <reporter-output>
            <line>
              <![CDATA[<div class="result_pshow result_fshow result_ishow" > <input checked type="checkbox" value="result_p" onclick="toggleResult(this)"/><span class="pass-label">P</span>ass<input checked type="checkbox" value="result_f" onclick="toggleResult(this)"/><span class="fail-label">F</span>ail<input checked type="checkbox" value="result_i" onclick="toggleResult(this)"/><span class="info-label">I</span>nfo<div  class="info"><span class="info-label">I </span> <a href="response/Test1//USER-07.json" target="_blank">[View Response]</a> </div><div  class="info"><span class="info-label">I </span>Response Code : 200</div><div  class="pass"><span class="pass-label">P </span>Expected value should not be "'[]'" : Actual value is "[]"</div></div>]]>
            </line>
          </reporter-output>
        </test-method> <!-- testcase -->
        <test-method status="PASS" signature="afterMethod(org.testng.ITestContext, org.testng.ITestResult, [Ljava.lang.Object;)[pri:0, instance:com.tibco.rest.test.DataDrivenTestCases@36b4cef0]" test-instance-name="ROLE-08" name="afterMethod" is-config="true" duration-ms="0" started-at="2021-08-25T07:53:19Z" finished-at="2021-08-25T07:53:19Z">
          <params>
            <param index="0">
              <value>
                <![CDATA[org.testng.TestRunner@27068a50]]>
              </value>
            </param>
            <param index="1">
              <value>
                <![CDATA[[TestResult name=USER-07 status=FAILURE method=DataDrivenTestCases.testcase(java.lang.String, java.lang.String, java.lang.String, java.lang.String, java.lang.String, java.lang.String, java.lang.String, java.lang.String, java.lang.String, java.lang.String, java.lang.String, java.lang.String)[pri:0, instance:com.tibco.rest.test.DataDrivenTestCases@36b4cef0] output=<div class="result_pshow result_fshow result_ishow" > <input checked type="checkbox" value="result_p" onclick="toggleResult(this)"/><span class="pass-label">P</span>ass<input checked type="checkbox" value="result_f" onclick="toggleResult(this)"/><span class="fail-label">F</span>ail<input checked type="checkbox" value="result_i" onclick="toggleResult(this)"/><span class="info-label">I</span>nfo<div  class="info"><span class="info-label">I </span> <a href="response/Test1//USER-07.json" target="_blank">[View Response]</a> </div><div  class="info"><span class="info-label">I </span>Response Code : 200</div><div  class="pass"><span class="pass-label">P </span>Expected value should not be "'[]'" : Actual value is "[]"</div></div>]]]>
              </value>
            </param>
            <param index="2">
              <value>
                <![CDATA[[Ljava.lang.Object;@bd2f5a9]]>
              </value>
            </param>
          </params>
          <reporter-output>
          </reporter-output>
        </test-method> <!-- afterMethod -->
        <test-method status="PASS" signature="setupMethod([Ljava.lang.Object;)[pri:0, instance:com.tibco.rest.test.DataDrivenTestCases@36b4cef0]" test-instance-name="ROLE-08" name="setupMethod" is-config="true" duration-ms="7" started-at="2021-08-25T07:53:19Z" finished-at="2021-08-25T07:53:19Z">
          <params>
            <param index="0">
              <value>
                <![CDATA[[Ljava.lang.Object;@4d4960c8]]>
              </value>
            </param>
          </params>
          <reporter-output>
          </reporter-output>
        </test-method> <!-- setupMethod -->
        <test-method status="FAIL" signature="testcase(java.lang.String, java.lang.String, java.lang.String, java.lang.String, java.lang.String, java.lang.String, java.lang.String, java.lang.String, java.lang.String, java.lang.String, java.lang.String, java.lang.String)[pri:0, instance:com.tibco.rest.test.DataDrivenTestCases@36b4cef0]" test-instance-name="ROLE-08" name="testcase" duration-ms="724" started-at="2021-08-25T07:53:19Z" data-provider="GetTCData" finished-at="2021-08-25T07:53:19Z">
          <params>
            <param index="0">
              <value>
                <![CDATA[ROLE-08]]>
              </value>
            </param>
            <param index="1">
              <value>
                <![CDATA[POST]]>
              </value>
            </param>
            <param index="2">
              <value>
                <![CDATA[/roles/delete]]>
              </value>
            </param>
            <param index="3">
              <value is-null="true"/>
            </param>
            <param index="4">
              <value>
                <![CDATA[application/json]]>
              </value>
            </param>
            <param index="5">
              <value>
                <![CDATA[{
  "roleIDs": [
   "${ROLE-01.roleID01}"
  ]
}]]>
              </value>
            </param>
            <param index="6">
              <value>
                <![CDATA[$..roleIDs]]>
              </value>
            </param>
            <param index="7">
              <value>
                <![CDATA[!=]]>
              </value>
            </param>
            <param index="8">
              <value>
                <![CDATA[["'[]'"]]]>
              </value>
            </param>
            <param index="9">
              <value is-null="true"/>
            </param>
            <param index="10">
              <value is-null="true"/>
            </param>
            <param index="11">
              <value>
                <![CDATA[null]]>
              </value>
            </param>
          </params>
          <reporter-output>
            <line>
              <![CDATA[<div class="result_pshow result_fshow result_ishow" > <input checked type="checkbox" value="result_p" onclick="toggleResult(this)"/><span class="pass-label">P</span>ass<input checked type="checkbox" value="result_f" onclick="toggleResult(this)"/><span class="fail-label">F</span>ail<input checked type="checkbox" value="result_i" onclick="toggleResult(this)"/><span class="info-label">I</span>nfo<div  class="info"><span class="info-label">I </span> <a href="response/Test1//ROLE-08.json" target="_blank">[View Response]</a> </div><div  class="info"><span class="info-label">I </span>Response Code : 200</div><div  class="pass"><span class="pass-label">P </span>Expected value should not be "'[]'" : Actual value is "[]"</div></div>]]>
            </line>
          </reporter-output>
        </test-method> <!-- testcase -->
        <test-method status="PASS" signature="afterMethod(org.testng.ITestContext, org.testng.ITestResult, [Ljava.lang.Object;)[pri:0, instance:com.tibco.rest.test.DataDrivenTestCases@36b4cef0]" test-instance-name="ROLE-08" name="afterMethod" is-config="true" duration-ms="2" started-at="2021-08-25T07:53:19Z" finished-at="2021-08-25T07:53:19Z">
          <params>
            <param index="0">
              <value>
                <![CDATA[org.testng.TestRunner@27068a50]]>
              </value>
            </param>
            <param index="1">
              <value>
                <![CDATA[[TestResult name=ROLE-08 status=FAILURE method=DataDrivenTestCases.testcase(java.lang.String, java.lang.String, java.lang.String, java.lang.String, java.lang.String, java.lang.String, java.lang.String, java.lang.String, java.lang.String, java.lang.String, java.lang.String, java.lang.String)[pri:0, instance:com.tibco.rest.test.DataDrivenTestCases@36b4cef0] output=<div class="result_pshow result_fshow result_ishow" > <input checked type="checkbox" value="result_p" onclick="toggleResult(this)"/><span class="pass-label">P</span>ass<input checked type="checkbox" value="result_f" onclick="toggleResult(this)"/><span class="fail-label">F</span>ail<input checked type="checkbox" value="result_i" onclick="toggleResult(this)"/><span class="info-label">I</span>nfo<div  class="info"><span class="info-label">I </span> <a href="response/Test1//ROLE-08.json" target="_blank">[View Response]</a> </div><div  class="info"><span class="info-label">I </span>Response Code : 200</div><div  class="pass"><span class="pass-label">P </span>Expected value should not be "'[]'" : Actual value is "[]"</div></div>]]]>
              </value>
            </param>
            <param index="2">
              <value>
                <![CDATA[[Ljava.lang.Object;@4d4960c8]]>
              </value>
            </param>
          </params>
          <reporter-output>
          </reporter-output>
        </test-method> <!-- afterMethod -->
      </class> <!-- com.tibco.rest.test.DataDrivenTestCases -->
    </test> <!-- Test1 -->
  </suite> <!-- Suite -->
</testng-results>
